    0  1  2  3  4  5  6  7  8  9 10
  +--+--+--+--+--+--+--+--+--+--+--+
 0|~~|~~|~~|  |  |  |  |  |~~|~~|~~|
  +--+--+--+--+--+--+--+--+--+--+--+
 1|~~|~~|  |  |  |  |  |  |  |~~|~~|
  +--+--+--+--+--+--+--+--+--+--+--+
 2|~~|  |  |  |  |  |  |  |  |  |~~|
  +--+--+--+--+--+--+--+--+--+--+--+
 3|  |  |  |  |  |  |  |  |  |  |  |
  +--+--+--+--+--+--+--+--+--+--+--+
 4|  |  |  |  |  |  |  |  |  |  |  |
  +--+--+--+--+--+--+--+--+--+--+--+
 5|  |  |  |/\|/\|  |/\|/\|  |  |  |
  +--+--+--+--+--+--+--+--+--+--+--+
 6|  |  |  |  |PG|  |PG|  |  |  |  |
  +--+--+--+--+--+--+--+--+--+--+--+
 7|  |  |  |@@|  |  |  |@@|  |  |  |
  +--+--+--+--+--+--+--+--+--+--+--+
 8|~~|  |PG|  |  |  |  |  |PG|  |~~|
  +--+--+--+--+--+--+--+--+--+--+--+
 9|~~|~~|  |PG|  |PG|  |PG|  |~~|~~|
  +--+--+--+--+--+--+--+--+--+--+--+
10|~~|~~|~~|  |  |  |  |  |~~|~~|~~|
  +--+--+--+--+--+--+--+--+--+--+--+


