Turn 1 begins:
    0  1  2  3  4  5  6
  +--+--+--+--+--+--+--+
 0|@@|  |  |  |  |  |  |
  +--+--+--+--+--+--+--+
 1|  |  |  |  |  |  |  |
  +--+--+--+--+--+--+--+
 2|  |  |/\|  |  |  |/\|
  +--+--+--+--+--+--+--+
 3|@@|  |/\|TG|  |/\|@@|
  +--+--+--+--+--+--+--+
 4|  |  |/\|  |  |  |/\|
  +--+--+--+--+--+--+--+
 5|  |  |  |  |  |  |  |
  +--+--+--+--+--+--+--+
 6|  |  |  |  |  |  |  |
  +--+--+--+--+--+--+--+


Please move the unit at (0,0)
    0  1  2  3  4  5  6
  +--+--+--+--+--+--+--+
 0|  |  |@@|  |  |  |  |
  +--+--+--+--+--+--+--+
 1|  |  |  |  |  |  |  |
  +--+--+--+--+--+--+--+
 2|  |  |/\|  |  |  |/\|
  +--+--+--+--+--+--+--+
 3|@@|  |/\|TG|  |/\|@@|
  +--+--+--+--+--+--+--+
 4|  |  |/\|  |  |  |/\|
  +--+--+--+--+--+--+--+
 5|  |  |  |  |  |  |  |
  +--+--+--+--+--+--+--+
 6|  |  |  |  |  |  |  |
  +--+--+--+--+--+--+--+


Please move the unit at (3,0)
    0  1  2  3  4  5  6
  +--+--+--+--+--+--+--+
 0|  |  |@@|  |  |  |  |
  +--+--+--+--+--+--+--+
 1|  |  |  |  |  |  |  |
  +--+--+--+--+--+--+--+
 2|  |  |/\|  |  |  |/\|
  +--+--+--+--+--+--+--+
 3|@@|  |/\|TG|  |/\|@@|
  +--+--+--+--+--+--+--+
 4|  |  |/\|  |  |  |/\|
  +--+--+--+--+--+--+--+
 5|  |  |  |  |  |  |  |
  +--+--+--+--+--+--+--+
 6|  |  |  |  |  |  |  |
  +--+--+--+--+--+--+--+


Please move the unit at (3,6)
    0  1  2  3  4  5  6
  +--+--+--+--+--+--+--+
 0|  |  |@@|  |  |  |  |
  +--+--+--+--+--+--+--+
 1|  |  |  |  |  |  |  |
  +--+--+--+--+--+--+--+
 2|  |  |/\|  |  |  |/\|
  +--+--+--+--+--+--+--+
 3|@@|  |/\|TG|  |/\|@@|
  +--+--+--+--+--+--+--+
 4|  |  |/\|  |  |  |/\|
  +--+--+--+--+--+--+--+
 5|  |  |  |  |  |  |  |
  +--+--+--+--+--+--+--+
 6|  |  |  |  |  |  |  |
  +--+--+--+--+--+--+--+


Turn 2 begins:
    0  1  2  3  4  5  6
  +--+--+--+--+--+--+--+
 0|  |  |@@|  |  |  |  |
  +--+--+--+--+--+--+--+
 1|  |  |  |  |  |  |  |
  +--+--+--+--+--+--+--+
 2|TG|  |/\|  |  |  |/\|
  +--+--+--+--+--+--+--+
 3|  |  |/\|  |  |/\|@@|
  +--+--+--+--+--+--+--+
 4|  |  |/\|  |  |  |/\|
  +--+--+--+--+--+--+--+
 5|  |  |  |  |  |  |  |
  +--+--+--+--+--+--+--+
 6|  |  |  |  |  |  |  |
  +--+--+--+--+--+--+--+


Please move the unit at (0,2)
    0  1  2  3  4  5  6
  +--+--+--+--+--+--+--+
 0|  |  |  |@@|  |  |  |
  +--+--+--+--+--+--+--+
 1|  |  |  |  |  |  |  |
  +--+--+--+--+--+--+--+
 2|TG|  |/\|  |  |  |/\|
  +--+--+--+--+--+--+--+
 3|  |  |/\|  |  |/\|@@|
  +--+--+--+--+--+--+--+
 4|  |  |/\|  |  |  |/\|
  +--+--+--+--+--+--+--+
 5|  |  |  |  |  |  |  |
  +--+--+--+--+--+--+--+
 6|  |  |  |  |  |  |  |
  +--+--+--+--+--+--+--+


Please move the unit at (3,6)
    0  1  2  3  4  5  6
  +--+--+--+--+--+--+--+
 0|  |  |  |@@|  |  |  |
  +--+--+--+--+--+--+--+
 1|  |  |  |  |  |  |  |
  +--+--+--+--+--+--+--+
 2|TG|  |/\|  |  |  |/\|
  +--+--+--+--+--+--+--+
 3|  |  |/\|  |  |/\|@@|
  +--+--+--+--+--+--+--+
 4|  |  |/\|  |  |  |/\|
  +--+--+--+--+--+--+--+
 5|  |  |  |  |  |  |  |
  +--+--+--+--+--+--+--+
 6|  |  |  |  |  |  |  |
  +--+--+--+--+--+--+--+


Turn 3 begins:
    0  1  2  3  4  5  6
  +--+--+--+--+--+--+--+
 0|  |  |  |@@|  |  |  |
  +--+--+--+--+--+--+--+
 1|  |  |  |  |  |  |  |
  +--+--+--+--+--+--+--+
 2|TG|  |/\|  |  |  |/\|
  +--+--+--+--+--+--+--+
 3|  |  |/\|  |  |/\|@@|
  +--+--+--+--+--+--+--+
 4|  |  |/\|  |  |  |/\|
  +--+--+--+--+--+--+--+
 5|  |  |  |  |  |  |  |
  +--+--+--+--+--+--+--+
 6|  |  |  |  |  |  |  |
  +--+--+--+--+--+--+--+


Please move the unit at (0,3)
    0  1  2  3  4  5  6
  +--+--+--+--+--+--+--+
 0|@@|  |  |  |  |  |  |
  +--+--+--+--+--+--+--+
 1|  |  |  |  |  |  |  |
  +--+--+--+--+--+--+--+
 2|  |  |/\|  |  |  |/\|
  +--+--+--+--+--+--+--+
 3|  |  |/\|  |  |/\|@@|
  +--+--+--+--+--+--+--+
 4|  |  |/\|  |  |  |/\|
  +--+--+--+--+--+--+--+
 5|  |  |  |  |  |  |  |
  +--+--+--+--+--+--+--+
 6|  |  |  |  |  |  |  |
  +--+--+--+--+--+--+--+


Please move the unit at (3,6)
    0  1  2  3  4  5  6
  +--+--+--+--+--+--+--+
 0|@@|  |  |  |  |  |  |
  +--+--+--+--+--+--+--+
 1|  |  |  |  |  |  |  |
  +--+--+--+--+--+--+--+
 2|  |  |/\|  |  |  |/\|
  +--+--+--+--+--+--+--+
 3|  |  |/\|  |  |/\|@@|
  +--+--+--+--+--+--+--+
 4|  |  |/\|  |  |  |/\|
  +--+--+--+--+--+--+--+
 5|  |  |  |  |  |  |  |
  +--+--+--+--+--+--+--+
 6|  |  |  |  |  |  |  |
  +--+--+--+--+--+--+--+


Turn 4 begins:
    0  1  2  3  4  5  6
  +--+--+--+--+--+--+--+
 0|@@|  |  |  |  |  |  |
  +--+--+--+--+--+--+--+
 1|  |  |  |  |  |  |  |
  +--+--+--+--+--+--+--+
 2|  |  |/\|  |  |  |/\|
  +--+--+--+--+--+--+--+
 3|  |  |/\|  |  |/\|@@|
  +--+--+--+--+--+--+--+
 4|  |  |/\|  |  |  |/\|
  +--+--+--+--+--+--+--+
 5|  |  |  |  |  |  |  |
  +--+--+--+--+--+--+--+
 6|  |  |  |  |  |  |  |
  +--+--+--+--+--+--+--+


You Win!

