Turn 1 begins:
    0  1  2
  +--+--+--+
 0|@@|@@|~~|
  +--+--+--+
 1|/\|  |/\|
  +--+--+--+
 2|/\|TG|~~|
  +--+--+--+


Please move the unit at (0,0)
    0  1  2
  +--+--+--+
 0|@@|@@|~~|
  +--+--+--+
 1|/\|  |/\|
  +--+--+--+
 2|/\|TG|~~|
  +--+--+--+


Please move the unit at (0,1)
    0  1  2
  +--+--+--+
 0|@@|@@|~~|
  +--+--+--+
 1|/\|  |/\|
  +--+--+--+
 2|/\|TG|~~|
  +--+--+--+


Turn 2 begins:
    0  1  2
  +--+--+--+
 0|@@|  |~~|
  +--+--+--+
 1|/\|TG|/\|
  +--+--+--+
 2|/\|  |~~|
  +--+--+--+


Please move the unit at (0,0)
    0  1  2
  +--+--+--+
 0|@@|  |~~|
  +--+--+--+
 1|/\|  |/\|
  +--+--+--+
 2|/\|  |~~|
  +--+--+--+


Turn 3 begins:
    0  1  2
  +--+--+--+
 0|@@|  |~~|
  +--+--+--+
 1|/\|  |/\|
  +--+--+--+
 2|/\|  |~~|
  +--+--+--+


You Win!
