Turn 1 begins:
    0  1  2  3  4  5  6  7  8
  +--+--+--+--+--+--+--+--+--+
 0|  |  |  |  |  |  |  |  |@@|
  +--+--+--+--+--+--+--+--+--+
 1|  |  |  |  |  |  |  |  |  |
  +--+--+--+--+--+--+--+--+--+
 2|  |  |  |@@|  |  |  |  |  |
  +--+--+--+--+--+--+--+--+--+
 3|  |  |  |  |  |  |  |  |  |
  +--+--+--+--+--+--+--+--+--+
 4|  |  |  |  |  |  |  |  |  |
  +--+--+--+--+--+--+--+--+--+
 5|  |  |  |  |  |  |  |  |  |
  +--+--+--+--+--+--+--+--+--+
 6|  |  |  |  |  |@@|  |  |  |
  +--+--+--+--+--+--+--+--+--+
 7|  |  |  |  |  |  |  |TG|  |
  +--+--+--+--+--+--+--+--+--+
 8|  |  |  |  |  |  |  |  |TG|
  +--+--+--+--+--+--+--+--+--+


Please move the unit at (0,8)
    0  1  2  3  4  5  6  7  8
  +--+--+--+--+--+--+--+--+--+
 0|  |  |  |  |  |  |  |  |@@|
  +--+--+--+--+--+--+--+--+--+
 1|  |  |  |  |  |  |  |  |  |
  +--+--+--+--+--+--+--+--+--+
 2|  |  |  |@@|  |  |  |  |  |
  +--+--+--+--+--+--+--+--+--+
 3|  |  |  |  |  |  |  |  |  |
  +--+--+--+--+--+--+--+--+--+
 4|  |  |  |  |  |  |  |  |  |
  +--+--+--+--+--+--+--+--+--+
 5|  |  |  |  |  |  |  |  |  |
  +--+--+--+--+--+--+--+--+--+
 6|  |  |  |  |  |@@|  |  |  |
  +--+--+--+--+--+--+--+--+--+
 7|  |  |  |  |  |  |  |TG|  |
  +--+--+--+--+--+--+--+--+--+
 8|  |  |  |  |  |  |  |  |TG|
  +--+--+--+--+--+--+--+--+--+


Please move the unit at (2,3)
    0  1  2  3  4  5  6  7  8
  +--+--+--+--+--+--+--+--+--+
 0|  |  |  |  |  |  |  |  |@@|
  +--+--+--+--+--+--+--+--+--+
 1|  |  |  |  |  |  |  |  |  |
  +--+--+--+--+--+--+--+--+--+
 2|  |  |  |@@|  |  |  |  |  |
  +--+--+--+--+--+--+--+--+--+
 3|  |  |  |  |  |  |  |  |  |
  +--+--+--+--+--+--+--+--+--+
 4|  |  |  |  |  |  |  |  |  |
  +--+--+--+--+--+--+--+--+--+
 5|  |  |  |  |  |  |  |  |  |
  +--+--+--+--+--+--+--+--+--+
 6|  |  |  |  |  |@@|  |  |  |
  +--+--+--+--+--+--+--+--+--+
 7|  |  |  |  |  |  |  |TG|  |
  +--+--+--+--+--+--+--+--+--+
 8|  |  |  |  |  |  |  |  |TG|
  +--+--+--+--+--+--+--+--+--+


Please move the unit at (6,5)
    0  1  2  3  4  5  6  7  8
  +--+--+--+--+--+--+--+--+--+
 0|  |  |  |  |  |  |  |  |@@|
  +--+--+--+--+--+--+--+--+--+
 1|  |  |  |  |  |  |  |  |  |
  +--+--+--+--+--+--+--+--+--+
 2|  |  |  |@@|  |  |  |  |  |
  +--+--+--+--+--+--+--+--+--+
 3|  |  |  |  |  |  |  |  |  |
  +--+--+--+--+--+--+--+--+--+
 4|  |  |  |  |  |  |  |  |  |
  +--+--+--+--+--+--+--+--+--+
 5|  |  |  |  |  |  |  |  |  |
  +--+--+--+--+--+--+--+--+--+
 6|  |  |  |  |  |@@|  |  |  |
  +--+--+--+--+--+--+--+--+--+
 7|  |  |  |  |  |  |  |TG|  |
  +--+--+--+--+--+--+--+--+--+
 8|  |  |  |  |  |  |  |  |TG|
  +--+--+--+--+--+--+--+--+--+


Turn 2 begins:
    0  1  2  3  4  5  6  7  8
  +--+--+--+--+--+--+--+--+--+
 0|  |  |  |  |  |  |  |  |@@|
  +--+--+--+--+--+--+--+--+--+
 1|  |  |  |  |  |  |  |  |  |
  +--+--+--+--+--+--+--+--+--+
 2|  |  |  |@@|  |  |  |  |  |
  +--+--+--+--+--+--+--+--+--+
 3|  |  |  |  |  |  |  |  |  |
  +--+--+--+--+--+--+--+--+--+
 4|  |  |  |  |  |  |  |  |  |
  +--+--+--+--+--+--+--+--+--+
 5|  |  |  |  |  |  |  |  |  |
  +--+--+--+--+--+--+--+--+--+
 6|  |  |  |  |  |  |TG|  |  |
  +--+--+--+--+--+--+--+--+--+
 7|  |  |  |  |  |  |  |  |  |
  +--+--+--+--+--+--+--+--+--+
 8|  |  |  |  |  |  |  |  |TG|
  +--+--+--+--+--+--+--+--+--+


Please move the unit at (0,8)
    0  1  2  3  4  5  6  7  8
  +--+--+--+--+--+--+--+--+--+
 0|  |  |  |  |  |  |  |  |  |
  +--+--+--+--+--+--+--+--+--+
 1|  |  |  |  |  |  |  |  |@@|
  +--+--+--+--+--+--+--+--+--+
 2|  |  |  |@@|  |  |  |  |  |
  +--+--+--+--+--+--+--+--+--+
 3|  |  |  |  |  |  |  |  |  |
  +--+--+--+--+--+--+--+--+--+
 4|  |  |  |  |  |  |  |  |  |
  +--+--+--+--+--+--+--+--+--+
 5|  |  |  |  |  |  |  |  |  |
  +--+--+--+--+--+--+--+--+--+
 6|  |  |  |  |  |  |TG|  |  |
  +--+--+--+--+--+--+--+--+--+
 7|  |  |  |  |  |  |  |  |  |
  +--+--+--+--+--+--+--+--+--+
 8|  |  |  |  |  |  |  |  |  |
  +--+--+--+--+--+--+--+--+--+


Please move the unit at (2,3)
    0  1  2  3  4  5  6  7  8
  +--+--+--+--+--+--+--+--+--+
 0|  |  |  |  |  |  |  |  |  |
  +--+--+--+--+--+--+--+--+--+
 1|  |  |  |  |  |  |  |  |@@|
  +--+--+--+--+--+--+--+--+--+
 2|  |  |  |@@|  |  |  |  |  |
  +--+--+--+--+--+--+--+--+--+
 3|  |  |  |  |  |  |  |  |  |
  +--+--+--+--+--+--+--+--+--+
 4|  |  |  |  |  |  |  |  |  |
  +--+--+--+--+--+--+--+--+--+
 5|  |  |  |  |  |  |  |  |  |
  +--+--+--+--+--+--+--+--+--+
 6|  |  |  |  |  |  |TG|  |  |
  +--+--+--+--+--+--+--+--+--+
 7|  |  |  |  |  |  |  |  |  |
  +--+--+--+--+--+--+--+--+--+
 8|  |  |  |  |  |  |  |  |  |
  +--+--+--+--+--+--+--+--+--+


Turn 3 begins:
    0  1  2  3  4  5  6  7  8
  +--+--+--+--+--+--+--+--+--+
 0|  |  |  |  |  |  |  |  |  |
  +--+--+--+--+--+--+--+--+--+
 1|  |  |  |  |  |  |  |TG|  |
  +--+--+--+--+--+--+--+--+--+
 2|  |  |  |@@|  |  |  |  |  |
  +--+--+--+--+--+--+--+--+--+
 3|  |  |  |  |  |  |  |  |  |
  +--+--+--+--+--+--+--+--+--+
 4|  |  |  |  |  |  |  |  |  |
  +--+--+--+--+--+--+--+--+--+
 5|  |  |  |  |  |  |  |  |  |
  +--+--+--+--+--+--+--+--+--+
 6|  |  |  |  |  |  |  |  |  |
  +--+--+--+--+--+--+--+--+--+
 7|  |  |  |  |  |  |  |  |  |
  +--+--+--+--+--+--+--+--+--+
 8|  |  |  |  |  |  |  |  |  |
  +--+--+--+--+--+--+--+--+--+


Please move the unit at (2,3)
    0  1  2  3  4  5  6  7  8
  +--+--+--+--+--+--+--+--+--+
 0|  |  |  |  |  |  |  |  |TG|
  +--+--+--+--+--+--+--+--+--+
 1|  |  |  |  |  |  |  |  |  |
  +--+--+--+--+--+--+--+--+--+
 2|  |  |  |  |  |  |@@|  |  |
  +--+--+--+--+--+--+--+--+--+
 3|  |  |  |  |  |  |  |  |  |
  +--+--+--+--+--+--+--+--+--+
 4|  |  |  |  |  |  |  |  |  |
  +--+--+--+--+--+--+--+--+--+
 5|  |  |  |  |  |  |  |  |  |
  +--+--+--+--+--+--+--+--+--+
 6|  |  |  |  |  |  |  |  |  |
  +--+--+--+--+--+--+--+--+--+
 7|  |  |  |  |  |  |  |  |  |
  +--+--+--+--+--+--+--+--+--+
 8|  |  |  |  |  |  |  |  |  |
  +--+--+--+--+--+--+--+--+--+


Turn 4 begins:
    0  1  2  3  4  5  6  7  8
  +--+--+--+--+--+--+--+--+--+
 0|  |  |  |  |  |  |  |  |  |
  +--+--+--+--+--+--+--+--+--+
 1|  |  |  |  |  |  |TG|  |  |
  +--+--+--+--+--+--+--+--+--+
 2|  |  |  |  |  |  |  |  |  |
  +--+--+--+--+--+--+--+--+--+
 3|  |  |  |  |  |  |  |  |  |
  +--+--+--+--+--+--+--+--+--+
 4|  |  |  |  |  |  |  |  |  |
  +--+--+--+--+--+--+--+--+--+
 5|  |  |  |  |  |  |  |  |  |
  +--+--+--+--+--+--+--+--+--+
 6|  |  |  |  |  |  |  |  |  |
  +--+--+--+--+--+--+--+--+--+
 7|  |  |  |  |  |  |  |  |  |
  +--+--+--+--+--+--+--+--+--+
 8|  |  |  |  |  |  |  |  |  |
  +--+--+--+--+--+--+--+--+--+


You Lose!