Turn 1 begins:
    0  1  2  3  4  5  6  7  8  9 10 11
  +--+--+--+--+--+--+--+--+--+--+--+--+
 0|/\|  |  |  |  |@@|  |  |  |  |  |  |
  +--+--+--+--+--+--+--+--+--+--+--+--+
 1|  |~~|PG|  |  |  |  |  |/\|  |  |  |
  +--+--+--+--+--+--+--+--+--+--+--+--+
 2|  |  |/\|  |  |  |~~|  |  |  |  |~~|
  +--+--+--+--+--+--+--+--+--+--+--+--+
 3|~~|  |  |  |  |  |  |  |  |  |TG|  |
  +--+--+--+--+--+--+--+--+--+--+--+--+
 4|  |  |  |TG|  |  |  |  |@@|/\|  |  |
  +--+--+--+--+--+--+--+--+--+--+--+--+
 5|  |~~|  |  |  |/\|  |  |  |  |  |  |
  +--+--+--+--+--+--+--+--+--+--+--+--+
 6|  |@@|  |  |  |  |  |  |~~|  |  |@@|
  +--+--+--+--+--+--+--+--+--+--+--+--+
 7|PG|  |/\|  |~~|  |  |  |  |  |  |  |
  +--+--+--+--+--+--+--+--+--+--+--+--+
 8|  |  |  |  |  |  |  |  |/\|  |  |  |
  +--+--+--+--+--+--+--+--+--+--+--+--+
 9|  |~~|  |  |  |  |  |  |  |/\|  |~~|
  +--+--+--+--+--+--+--+--+--+--+--+--+
10|@@|  |  |/\|  |  |~~|  |  |  |  |  |
  +--+--+--+--+--+--+--+--+--+--+--+--+


Please move the unit at (0,5)
    0  1  2  3  4  5  6  7  8  9 10 11
  +--+--+--+--+--+--+--+--+--+--+--+--+
 0|/\|  |  |@@|  |  |  |  |  |  |  |  |
  +--+--+--+--+--+--+--+--+--+--+--+--+
 1|  |~~|  |  |  |  |  |  |/\|  |  |  |
  +--+--+--+--+--+--+--+--+--+--+--+--+
 2|  |PG|/\|  |  |  |~~|  |  |  |  |~~|
  +--+--+--+--+--+--+--+--+--+--+--+--+
 3|~~|  |  |  |  |  |  |  |  |  |TG|  |
  +--+--+--+--+--+--+--+--+--+--+--+--+
 4|  |  |  |TG|  |  |  |  |@@|/\|  |  |
  +--+--+--+--+--+--+--+--+--+--+--+--+
 5|  |~~|  |  |  |/\|  |  |  |  |  |  |
  +--+--+--+--+--+--+--+--+--+--+--+--+
 6|  |@@|  |  |  |  |  |  |~~|  |  |@@|
  +--+--+--+--+--+--+--+--+--+--+--+--+
 7|PG|  |/\|  |~~|  |  |  |  |  |  |  |
  +--+--+--+--+--+--+--+--+--+--+--+--+
 8|  |  |  |  |  |  |  |  |/\|  |  |  |
  +--+--+--+--+--+--+--+--+--+--+--+--+
 9|  |~~|  |  |  |  |  |  |  |/\|  |~~|
  +--+--+--+--+--+--+--+--+--+--+--+--+
10|@@|  |  |/\|  |  |~~|  |  |  |  |  |
  +--+--+--+--+--+--+--+--+--+--+--+--+


Please move the unit at (4,8)
    0  1  2  3  4  5  6  7  8  9 10 11
  +--+--+--+--+--+--+--+--+--+--+--+--+
 0|/\|  |  |@@|  |  |  |  |  |  |  |  |
  +--+--+--+--+--+--+--+--+--+--+--+--+
 1|  |~~|  |  |  |  |  |  |/\|  |  |  |
  +--+--+--+--+--+--+--+--+--+--+--+--+
 2|  |PG|/\|  |  |  |~~|  |  |  |  |~~|
  +--+--+--+--+--+--+--+--+--+--+--+--+
 3|~~|  |  |  |  |  |  |  |  |@@|  |TG|
  +--+--+--+--+--+--+--+--+--+--+--+--+
 4|  |  |  |TG|  |  |  |  |  |/\|  |  |
  +--+--+--+--+--+--+--+--+--+--+--+--+
 5|  |~~|  |  |  |/\|  |  |  |  |  |  |
  +--+--+--+--+--+--+--+--+--+--+--+--+
 6|  |@@|  |  |  |  |  |  |~~|  |  |@@|
  +--+--+--+--+--+--+--+--+--+--+--+--+
 7|PG|  |/\|  |~~|  |  |  |  |  |  |  |
  +--+--+--+--+--+--+--+--+--+--+--+--+
 8|  |  |  |  |  |  |  |  |/\|  |  |  |
  +--+--+--+--+--+--+--+--+--+--+--+--+
 9|  |~~|  |  |  |  |  |  |  |/\|  |~~|
  +--+--+--+--+--+--+--+--+--+--+--+--+
10|@@|  |  |/\|  |  |~~|  |  |  |  |  |
  +--+--+--+--+--+--+--+--+--+--+--+--+


Please move the unit at (6,1)
    0  1  2  3  4  5  6  7  8  9 10 11
  +--+--+--+--+--+--+--+--+--+--+--+--+
 0|/\|  |  |@@|  |  |  |  |  |  |  |  |
  +--+--+--+--+--+--+--+--+--+--+--+--+
 1|  |~~|  |  |  |  |  |  |/\|  |  |  |
  +--+--+--+--+--+--+--+--+--+--+--+--+
 2|  |PG|/\|  |  |  |~~|  |  |  |  |~~|
  +--+--+--+--+--+--+--+--+--+--+--+--+
 3|~~|  |  |  |  |  |  |  |  |@@|  |TG|
  +--+--+--+--+--+--+--+--+--+--+--+--+
 4|  |  |  |TG|  |  |  |  |  |/\|  |  |
  +--+--+--+--+--+--+--+--+--+--+--+--+
 5|  |~~|  |  |  |/\|  |  |  |  |  |  |
  +--+--+--+--+--+--+--+--+--+--+--+--+
 6|  |@@|  |  |  |  |  |  |~~|  |  |@@|
  +--+--+--+--+--+--+--+--+--+--+--+--+
 7|PG|  |/\|  |~~|  |  |  |  |  |  |  |
  +--+--+--+--+--+--+--+--+--+--+--+--+
 8|  |  |  |  |  |  |  |  |/\|  |  |  |
  +--+--+--+--+--+--+--+--+--+--+--+--+
 9|  |~~|  |  |  |  |  |  |  |/\|  |~~|
  +--+--+--+--+--+--+--+--+--+--+--+--+
10|@@|  |  |/\|  |  |~~|  |  |  |  |  |
  +--+--+--+--+--+--+--+--+--+--+--+--+


Please move the unit at (6,11)
    0  1  2  3  4  5  6  7  8  9 10 11
  +--+--+--+--+--+--+--+--+--+--+--+--+
 0|/\|  |  |@@|  |  |  |  |  |  |  |  |
  +--+--+--+--+--+--+--+--+--+--+--+--+
 1|  |~~|  |  |  |  |  |  |/\|  |  |  |
  +--+--+--+--+--+--+--+--+--+--+--+--+
 2|  |PG|/\|  |  |  |~~|  |  |  |  |~~|
  +--+--+--+--+--+--+--+--+--+--+--+--+
 3|~~|  |  |  |  |  |  |  |  |@@|  |  |
  +--+--+--+--+--+--+--+--+--+--+--+--+
 4|  |  |  |TG|  |  |  |  |  |/\|  |  |
  +--+--+--+--+--+--+--+--+--+--+--+--+
 5|  |~~|  |  |  |/\|  |  |  |  |  |  |
  +--+--+--+--+--+--+--+--+--+--+--+--+
 6|  |@@|  |  |  |  |  |  |~~|  |  |@@|
  +--+--+--+--+--+--+--+--+--+--+--+--+
 7|PG|  |/\|  |~~|  |  |  |  |  |  |  |
  +--+--+--+--+--+--+--+--+--+--+--+--+
 8|  |  |  |  |  |  |  |  |/\|  |  |  |
  +--+--+--+--+--+--+--+--+--+--+--+--+
 9|  |~~|  |  |  |  |  |  |  |/\|  |~~|
  +--+--+--+--+--+--+--+--+--+--+--+--+
10|@@|  |  |/\|  |  |~~|  |  |  |  |  |
  +--+--+--+--+--+--+--+--+--+--+--+--+


Please move the unit at (10,0)
    0  1  2  3  4  5  6  7  8  9 10 11
  +--+--+--+--+--+--+--+--+--+--+--+--+
 0|/\|  |  |@@|  |  |  |  |  |  |  |  |
  +--+--+--+--+--+--+--+--+--+--+--+--+
 1|  |~~|  |  |  |  |  |  |/\|  |  |  |
  +--+--+--+--+--+--+--+--+--+--+--+--+
 2|  |PG|/\|  |  |  |~~|  |  |  |  |~~|
  +--+--+--+--+--+--+--+--+--+--+--+--+
 3|~~|  |  |  |  |  |  |  |  |@@|  |  |
  +--+--+--+--+--+--+--+--+--+--+--+--+
 4|  |  |  |TG|  |  |  |  |  |/\|  |  |
  +--+--+--+--+--+--+--+--+--+--+--+--+
 5|  |~~|  |  |  |/\|  |  |  |  |  |  |
  +--+--+--+--+--+--+--+--+--+--+--+--+
 6|  |@@|  |  |  |  |  |  |~~|  |  |@@|
  +--+--+--+--+--+--+--+--+--+--+--+--+
 7|PG|  |/\|  |~~|  |  |  |  |  |  |  |
  +--+--+--+--+--+--+--+--+--+--+--+--+
 8|  |@@|  |  |  |  |  |  |/\|  |  |  |
  +--+--+--+--+--+--+--+--+--+--+--+--+
 9|  |~~|  |  |  |  |  |  |  |/\|  |~~|
  +--+--+--+--+--+--+--+--+--+--+--+--+
10|  |  |  |/\|  |  |~~|  |  |  |  |  |
  +--+--+--+--+--+--+--+--+--+--+--+--+


Turn 2 begins:
    0  1  2  3  4  5  6  7  8  9 10 11
  +--+--+--+--+--+--+--+--+--+--+--+--+
 0|/\|  |  |  |  |  |  |  |  |  |  |  |
  +--+--+--+--+--+--+--+--+--+--+--+--+
 1|  |~~|  |TG|  |  |  |  |/\|  |  |  |
  +--+--+--+--+--+--+--+--+--+--+--+--+
 2|  |PG|/\|  |  |  |~~|  |  |  |  |~~|
  +--+--+--+--+--+--+--+--+--+--+--+--+
 3|~~|  |  |  |  |  |  |  |  |@@|  |  |
  +--+--+--+--+--+--+--+--+--+--+--+--+
 4|  |  |  |  |  |  |  |  |  |/\|  |  |
  +--+--+--+--+--+--+--+--+--+--+--+--+
 5|  |~~|  |  |  |/\|  |  |  |  |  |  |
  +--+--+--+--+--+--+--+--+--+--+--+--+
 6|  |  |  |  |  |  |  |  |~~|  |  |@@|
  +--+--+--+--+--+--+--+--+--+--+--+--+
 7|  |PG|/\|  |~~|  |  |  |  |  |  |  |
  +--+--+--+--+--+--+--+--+--+--+--+--+
 8|  |  |  |  |  |  |  |  |/\|  |  |  |
  +--+--+--+--+--+--+--+--+--+--+--+--+
 9|  |~~|  |  |  |  |  |  |  |/\|  |~~|
  +--+--+--+--+--+--+--+--+--+--+--+--+
10|  |  |  |/\|  |  |~~|  |  |  |  |  |
  +--+--+--+--+--+--+--+--+--+--+--+--+


Please move the unit at (3,9)
    0  1  2  3  4  5  6  7  8  9 10 11
  +--+--+--+--+--+--+--+--+--+--+--+--+
 0|/\|  |  |  |  |  |  |  |  |  |  |  |
  +--+--+--+--+--+--+--+--+--+--+--+--+
 1|  |~~|  |TG|  |  |  |  |/\|@@|  |  |
  +--+--+--+--+--+--+--+--+--+--+--+--+
 2|  |PG|/\|  |  |  |~~|  |  |  |  |~~|
  +--+--+--+--+--+--+--+--+--+--+--+--+
 3|~~|  |  |  |  |  |  |  |  |  |  |  |
  +--+--+--+--+--+--+--+--+--+--+--+--+
 4|  |  |  |  |  |  |  |  |  |/\|  |  |
  +--+--+--+--+--+--+--+--+--+--+--+--+
 5|  |~~|  |  |  |/\|  |  |  |  |  |  |
  +--+--+--+--+--+--+--+--+--+--+--+--+
 6|  |  |  |  |  |  |  |  |~~|  |  |@@|
  +--+--+--+--+--+--+--+--+--+--+--+--+
 7|  |PG|/\|  |~~|  |  |  |  |  |  |  |
  +--+--+--+--+--+--+--+--+--+--+--+--+
 8|  |  |  |  |  |  |  |  |/\|  |  |  |
  +--+--+--+--+--+--+--+--+--+--+--+--+
 9|  |~~|  |  |  |  |  |  |  |/\|  |~~|
  +--+--+--+--+--+--+--+--+--+--+--+--+
10|  |  |  |/\|  |  |~~|  |  |  |  |  |
  +--+--+--+--+--+--+--+--+--+--+--+--+


Please move the unit at (6,11)
    0  1  2  3  4  5  6  7  8  9 10 11
  +--+--+--+--+--+--+--+--+--+--+--+--+
 0|/\|  |  |  |  |  |  |  |  |  |  |  |
  +--+--+--+--+--+--+--+--+--+--+--+--+
 1|  |~~|  |TG|  |  |  |  |/\|@@|  |  |
  +--+--+--+--+--+--+--+--+--+--+--+--+
 2|  |PG|/\|  |  |  |~~|  |  |  |  |~~|
  +--+--+--+--+--+--+--+--+--+--+--+--+
 3|~~|  |  |  |  |  |  |  |  |  |  |  |
  +--+--+--+--+--+--+--+--+--+--+--+--+
 4|  |  |  |  |  |  |  |  |  |/\|  |  |
  +--+--+--+--+--+--+--+--+--+--+--+--+
 5|  |~~|  |  |  |/\|  |  |  |  |  |  |
  +--+--+--+--+--+--+--+--+--+--+--+--+
 6|  |  |  |  |  |  |  |  |~~|  |  |@@|
  +--+--+--+--+--+--+--+--+--+--+--+--+
 7|  |PG|/\|  |~~|  |  |  |  |  |  |  |
  +--+--+--+--+--+--+--+--+--+--+--+--+
 8|  |  |  |  |  |  |  |  |/\|  |  |  |
  +--+--+--+--+--+--+--+--+--+--+--+--+
 9|  |~~|  |  |  |  |  |  |  |/\|  |~~|
  +--+--+--+--+--+--+--+--+--+--+--+--+
10|  |  |  |/\|  |  |~~|  |  |  |  |  |
  +--+--+--+--+--+--+--+--+--+--+--+--+


Turn 3 begins:
    0  1  2  3  4  5  6  7  8  9 10 11
  +--+--+--+--+--+--+--+--+--+--+--+--+
 0|/\|  |  |  |  |  |  |  |  |  |  |  |
  +--+--+--+--+--+--+--+--+--+--+--+--+
 1|  |~~|  |TG|  |  |  |  |/\|@@|  |  |
  +--+--+--+--+--+--+--+--+--+--+--+--+
 2|PG|  |/\|  |  |  |~~|  |  |  |  |~~|
  +--+--+--+--+--+--+--+--+--+--+--+--+
 3|~~|  |  |  |  |  |  |  |  |  |  |  |
  +--+--+--+--+--+--+--+--+--+--+--+--+
 4|  |  |  |  |  |  |  |  |  |/\|  |  |
  +--+--+--+--+--+--+--+--+--+--+--+--+
 5|  |~~|  |  |  |/\|  |  |  |  |  |  |
  +--+--+--+--+--+--+--+--+--+--+--+--+
 6|  |  |  |  |  |  |  |  |~~|  |  |@@|
  +--+--+--+--+--+--+--+--+--+--+--+--+
 7|PG|  |/\|  |~~|  |  |  |  |  |  |  |
  +--+--+--+--+--+--+--+--+--+--+--+--+
 8|  |  |  |  |  |  |  |  |/\|  |  |  |
  +--+--+--+--+--+--+--+--+--+--+--+--+
 9|  |~~|  |  |  |  |  |  |  |/\|  |~~|
  +--+--+--+--+--+--+--+--+--+--+--+--+
10|  |  |  |/\|  |  |~~|  |  |  |  |  |
  +--+--+--+--+--+--+--+--+--+--+--+--+


Please move the unit at (1,9)
    0  1  2  3  4  5  6  7  8  9 10 11
  +--+--+--+--+--+--+--+--+--+--+--+--+
 0|/\|  |  |  |  |  |  |  |  |  |  |  |
  +--+--+--+--+--+--+--+--+--+--+--+--+
 1|  |~~|  |TG|  |  |  |  |/\|  |  |@@|
  +--+--+--+--+--+--+--+--+--+--+--+--+
 2|PG|  |/\|  |  |  |~~|  |  |  |  |~~|
  +--+--+--+--+--+--+--+--+--+--+--+--+
 3|~~|  |  |  |  |  |  |  |  |  |  |  |
  +--+--+--+--+--+--+--+--+--+--+--+--+
 4|  |  |  |  |  |  |  |  |  |/\|  |  |
  +--+--+--+--+--+--+--+--+--+--+--+--+
 5|  |~~|  |  |  |/\|  |  |  |  |  |  |
  +--+--+--+--+--+--+--+--+--+--+--+--+
 6|  |  |  |  |  |  |  |  |~~|  |  |  |
  +--+--+--+--+--+--+--+--+--+--+--+--+
 7|PG|  |/\|  |~~|  |  |  |  |  |  |  |
  +--+--+--+--+--+--+--+--+--+--+--+--+
 8|  |  |  |  |  |  |  |  |/\|  |  |  |
  +--+--+--+--+--+--+--+--+--+--+--+--+
 9|  |~~|  |  |  |  |  |  |  |/\|  |~~|
  +--+--+--+--+--+--+--+--+--+--+--+--+
10|  |  |  |/\|  |  |~~|  |  |  |  |  |
  +--+--+--+--+--+--+--+--+--+--+--+--+


Turn 4 begins:
    0  1  2  3  4  5  6  7  8  9 10 11
  +--+--+--+--+--+--+--+--+--+--+--+--+
 0|/\|  |  |  |  |  |  |  |  |  |  |  |
  +--+--+--+--+--+--+--+--+--+--+--+--+
 1|  |~~|  |TG|  |  |  |  |/\|  |  |@@|
  +--+--+--+--+--+--+--+--+--+--+--+--+
 2|  |PG|/\|  |  |  |~~|  |  |  |  |~~|
  +--+--+--+--+--+--+--+--+--+--+--+--+
 3|~~|  |  |  |  |  |  |  |  |  |  |  |
  +--+--+--+--+--+--+--+--+--+--+--+--+
 4|  |  |  |  |  |  |  |  |  |/\|  |  |
  +--+--+--+--+--+--+--+--+--+--+--+--+
 5|  |~~|  |  |  |/\|  |  |  |  |  |  |
  +--+--+--+--+--+--+--+--+--+--+--+--+
 6|  |  |  |  |  |  |  |  |~~|  |  |  |
  +--+--+--+--+--+--+--+--+--+--+--+--+
 7|  |PG|/\|  |~~|  |  |  |  |  |  |  |
  +--+--+--+--+--+--+--+--+--+--+--+--+
 8|  |  |  |  |  |  |  |  |/\|  |  |  |
  +--+--+--+--+--+--+--+--+--+--+--+--+
 9|  |~~|  |  |  |  |  |  |  |/\|  |~~|
  +--+--+--+--+--+--+--+--+--+--+--+--+
10|  |  |  |/\|  |  |~~|  |  |  |  |  |
  +--+--+--+--+--+--+--+--+--+--+--+--+


Please move the unit at (1,11)
    0  1  2  3  4  5  6  7  8  9 10 11
  +--+--+--+--+--+--+--+--+--+--+--+--+
 0|/\|  |  |  |  |  |  |  |  |@@|  |  |
  +--+--+--+--+--+--+--+--+--+--+--+--+
 1|  |~~|  |TG|  |  |  |  |/\|  |  |  |
  +--+--+--+--+--+--+--+--+--+--+--+--+
 2|  |PG|/\|  |  |  |~~|  |  |  |  |~~|
  +--+--+--+--+--+--+--+--+--+--+--+--+
 3|~~|  |  |  |  |  |  |  |  |  |  |  |
  +--+--+--+--+--+--+--+--+--+--+--+--+
 4|  |  |  |  |  |  |  |  |  |/\|  |  |
  +--+--+--+--+--+--+--+--+--+--+--+--+
 5|  |~~|  |  |  |/\|  |  |  |  |  |  |
  +--+--+--+--+--+--+--+--+--+--+--+--+
 6|  |  |  |  |  |  |  |  |~~|  |  |  |
  +--+--+--+--+--+--+--+--+--+--+--+--+
 7|  |PG|/\|  |~~|  |  |  |  |  |  |  |
  +--+--+--+--+--+--+--+--+--+--+--+--+
 8|  |  |  |  |  |  |  |  |/\|  |  |  |
  +--+--+--+--+--+--+--+--+--+--+--+--+
 9|  |~~|  |  |  |  |  |  |  |/\|  |~~|
  +--+--+--+--+--+--+--+--+--+--+--+--+
10|  |  |  |/\|  |  |~~|  |  |  |  |  |
  +--+--+--+--+--+--+--+--+--+--+--+--+


Turn 5 begins:
    0  1  2  3  4  5  6  7  8  9 10 11
  +--+--+--+--+--+--+--+--+--+--+--+--+
 0|/\|  |  |  |  |  |  |  |  |@@|  |  |
  +--+--+--+--+--+--+--+--+--+--+--+--+
 1|  |~~|  |TG|  |  |  |  |/\|  |  |  |
  +--+--+--+--+--+--+--+--+--+--+--+--+
 2|PG|  |/\|  |  |  |~~|  |  |  |  |~~|
  +--+--+--+--+--+--+--+--+--+--+--+--+
 3|~~|  |  |  |  |  |  |  |  |  |  |  |
  +--+--+--+--+--+--+--+--+--+--+--+--+
 4|  |  |  |  |  |  |  |  |  |/\|  |  |
  +--+--+--+--+--+--+--+--+--+--+--+--+
 5|  |~~|  |  |  |/\|  |  |  |  |  |  |
  +--+--+--+--+--+--+--+--+--+--+--+--+
 6|  |  |  |  |  |  |  |  |~~|  |  |  |
  +--+--+--+--+--+--+--+--+--+--+--+--+
 7|PG|  |/\|  |~~|  |  |  |  |  |  |  |
  +--+--+--+--+--+--+--+--+--+--+--+--+
 8|  |  |  |  |  |  |  |  |/\|  |  |  |
  +--+--+--+--+--+--+--+--+--+--+--+--+
 9|  |~~|  |  |  |  |  |  |  |/\|  |~~|
  +--+--+--+--+--+--+--+--+--+--+--+--+
10|  |  |  |/\|  |  |~~|  |  |  |  |  |
  +--+--+--+--+--+--+--+--+--+--+--+--+


Please move the unit at (0,9)
    0  1  2  3  4  5  6  7  8  9 10 11
  +--+--+--+--+--+--+--+--+--+--+--+--+
 0|/\|  |  |  |  |  |  |@@|  |  |  |  |
  +--+--+--+--+--+--+--+--+--+--+--+--+
 1|  |~~|  |TG|  |  |  |  |/\|  |  |  |
  +--+--+--+--+--+--+--+--+--+--+--+--+
 2|PG|  |/\|  |  |  |~~|  |  |  |  |~~|
  +--+--+--+--+--+--+--+--+--+--+--+--+
 3|~~|  |  |  |  |  |  |  |  |  |  |  |
  +--+--+--+--+--+--+--+--+--+--+--+--+
 4|  |  |  |  |  |  |  |  |  |/\|  |  |
  +--+--+--+--+--+--+--+--+--+--+--+--+
 5|  |~~|  |  |  |/\|  |  |  |  |  |  |
  +--+--+--+--+--+--+--+--+--+--+--+--+
 6|  |  |  |  |  |  |  |  |~~|  |  |  |
  +--+--+--+--+--+--+--+--+--+--+--+--+
 7|PG|  |/\|  |~~|  |  |  |  |  |  |  |
  +--+--+--+--+--+--+--+--+--+--+--+--+
 8|  |  |  |  |  |  |  |  |/\|  |  |  |
  +--+--+--+--+--+--+--+--+--+--+--+--+
 9|  |~~|  |  |  |  |  |  |  |/\|  |~~|
  +--+--+--+--+--+--+--+--+--+--+--+--+
10|  |  |  |/\|  |  |~~|  |  |  |  |  |
  +--+--+--+--+--+--+--+--+--+--+--+--+


Turn 6 begins:
    0  1  2  3  4  5  6  7  8  9 10 11
  +--+--+--+--+--+--+--+--+--+--+--+--+
 0|/\|  |  |  |  |  |TG|  |  |  |  |  |
  +--+--+--+--+--+--+--+--+--+--+--+--+
 1|  |~~|  |  |  |  |  |  |/\|  |  |  |
  +--+--+--+--+--+--+--+--+--+--+--+--+
 2|  |PG|/\|  |  |  |~~|  |  |  |  |~~|
  +--+--+--+--+--+--+--+--+--+--+--+--+
 3|~~|  |  |  |  |  |  |  |  |  |  |  |
  +--+--+--+--+--+--+--+--+--+--+--+--+
 4|  |  |  |  |  |  |  |  |  |/\|  |  |
  +--+--+--+--+--+--+--+--+--+--+--+--+
 5|  |~~|  |  |  |/\|  |  |  |  |  |  |
  +--+--+--+--+--+--+--+--+--+--+--+--+
 6|  |  |  |  |  |  |  |  |~~|  |  |  |
  +--+--+--+--+--+--+--+--+--+--+--+--+
 7|  |PG|/\|  |~~|  |  |  |  |  |  |  |
  +--+--+--+--+--+--+--+--+--+--+--+--+
 8|  |  |  |  |  |  |  |  |/\|  |  |  |
  +--+--+--+--+--+--+--+--+--+--+--+--+
 9|  |~~|  |  |  |  |  |  |  |/\|  |~~|
  +--+--+--+--+--+--+--+--+--+--+--+--+
10|  |  |  |/\|  |  |~~|  |  |  |  |  |
  +--+--+--+--+--+--+--+--+--+--+--+--+


You Lose!