Turn 1 begins:
    0  1  2  3  4  5  6  7  8  9 10
  +--+--+--+--+--+--+--+--+--+--+--+
 0|~~|~~|~~|  |  |  |  |  |~~|~~|~~|
  +--+--+--+--+--+--+--+--+--+--+--+
 1|~~|~~|  |  |  |  |  |  |  |~~|~~|
  +--+--+--+--+--+--+--+--+--+--+--+
 2|~~|  |  |  |  |  |  |  |  |  |~~|
  +--+--+--+--+--+--+--+--+--+--+--+
 3|  |  |  |  |  |  |  |  |  |  |  |
  +--+--+--+--+--+--+--+--+--+--+--+
 4|  |  |  |  |  |  |  |  |  |  |  |
  +--+--+--+--+--+--+--+--+--+--+--+
 5|  |  |  |/\|  |  |/\|/\|  |  |  |
  +--+--+--+--+--+--+--+--+--+--+--+
 6|  |  |  |  |PG|  |PG|  |  |  |  |
  +--+--+--+--+--+--+--+--+--+--+--+
 7|  |  |  |@@|/\|  |  |@@|  |  |  |
  +--+--+--+--+--+--+--+--+--+--+--+
 8|~~|  |  |  |  |  |  |  |  |  |~~|
  +--+--+--+--+--+--+--+--+--+--+--+
 9|~~|~~|  |  |  |  |  |  |  |~~|~~|
  +--+--+--+--+--+--+--+--+--+--+--+
10|~~|~~|~~|  |  |  |  |  |~~|~~|~~|
  +--+--+--+--+--+--+--+--+--+--+--+


Please move the unit at (7,3)
    0  1  2  3  4  5  6  7  8  9 10
  +--+--+--+--+--+--+--+--+--+--+--+
 0|~~|~~|~~|  |  |  |  |  |~~|~~|~~|
  +--+--+--+--+--+--+--+--+--+--+--+
 1|~~|~~|  |  |  |  |  |  |  |~~|~~|
  +--+--+--+--+--+--+--+--+--+--+--+
 2|~~|  |  |  |  |  |  |  |  |  |~~|
  +--+--+--+--+--+--+--+--+--+--+--+
 3|  |  |  |  |  |  |  |  |  |  |  |
  +--+--+--+--+--+--+--+--+--+--+--+
 4|  |  |  |  |  |  |  |  |  |  |  |
  +--+--+--+--+--+--+--+--+--+--+--+
 5|  |  |  |/\|  |  |/\|/\|  |  |  |
  +--+--+--+--+--+--+--+--+--+--+--+
 6|  |  |  |  |PG|  |PG|  |  |  |  |
  +--+--+--+--+--+--+--+--+--+--+--+
 7|  |  |  |  |/\|  |  |@@|  |  |  |
  +--+--+--+--+--+--+--+--+--+--+--+
 8|~~|  |  |@@|  |  |  |  |  |  |~~|
  +--+--+--+--+--+--+--+--+--+--+--+
 9|~~|~~|  |  |  |  |  |  |  |~~|~~|
  +--+--+--+--+--+--+--+--+--+--+--+
10|~~|~~|~~|  |  |  |  |  |~~|~~|~~|
  +--+--+--+--+--+--+--+--+--+--+--+


Please move the unit at (7,7)
    0  1  2  3  4  5  6  7  8  9 10
  +--+--+--+--+--+--+--+--+--+--+--+
 0|~~|~~|~~|  |  |  |  |  |~~|~~|~~|
  +--+--+--+--+--+--+--+--+--+--+--+
 1|~~|~~|  |  |  |  |  |  |  |~~|~~|
  +--+--+--+--+--+--+--+--+--+--+--+
 2|~~|  |  |  |  |  |  |  |  |  |~~|
  +--+--+--+--+--+--+--+--+--+--+--+
 3|  |  |  |  |  |  |  |  |  |  |  |
  +--+--+--+--+--+--+--+--+--+--+--+
 4|  |  |  |  |  |  |  |  |  |  |  |
  +--+--+--+--+--+--+--+--+--+--+--+
 5|  |  |  |/\|  |  |/\|/\|  |  |  |
  +--+--+--+--+--+--+--+--+--+--+--+
 6|  |  |  |  |PG|  |PG|  |  |  |  |
  +--+--+--+--+--+--+--+--+--+--+--+
 7|  |  |  |  |/\|  |  |@@|  |  |  |
  +--+--+--+--+--+--+--+--+--+--+--+
 8|~~|  |  |@@|  |  |  |  |  |  |~~|
  +--+--+--+--+--+--+--+--+--+--+--+
 9|~~|~~|  |  |  |  |  |  |  |~~|~~|
  +--+--+--+--+--+--+--+--+--+--+--+
10|~~|~~|~~|  |  |  |  |  |~~|~~|~~|
  +--+--+--+--+--+--+--+--+--+--+--+


Turn 2 begins:
    0  1  2  3  4  5  6  7  8  9 10
  +--+--+--+--+--+--+--+--+--+--+--+
 0|~~|~~|~~|  |  |  |  |  |~~|~~|~~|
  +--+--+--+--+--+--+--+--+--+--+--+
 1|~~|~~|  |  |  |  |  |  |  |~~|~~|
  +--+--+--+--+--+--+--+--+--+--+--+
 2|~~|  |  |  |  |  |  |  |  |  |~~|
  +--+--+--+--+--+--+--+--+--+--+--+
 3|  |  |  |  |  |  |  |  |  |  |  |
  +--+--+--+--+--+--+--+--+--+--+--+
 4|  |  |  |  |  |  |  |  |  |  |  |
  +--+--+--+--+--+--+--+--+--+--+--+
 5|  |  |  |/\|  |  |/\|/\|  |  |  |
  +--+--+--+--+--+--+--+--+--+--+--+
 6|  |  |  |  |PG|  |  |PG|  |  |  |
  +--+--+--+--+--+--+--+--+--+--+--+
 7|  |  |  |  |/\|  |  |  |  |  |  |
  +--+--+--+--+--+--+--+--+--+--+--+
 8|~~|  |  |@@|  |  |  |  |  |  |~~|
  +--+--+--+--+--+--+--+--+--+--+--+
 9|~~|~~|  |  |  |  |  |  |  |~~|~~|
  +--+--+--+--+--+--+--+--+--+--+--+
10|~~|~~|~~|  |  |  |  |  |~~|~~|~~|
  +--+--+--+--+--+--+--+--+--+--+--+


Please move the unit at (8,3)
    0  1  2  3  4  5  6  7  8  9 10
  +--+--+--+--+--+--+--+--+--+--+--+
 0|~~|~~|~~|  |  |  |  |  |~~|~~|~~|
  +--+--+--+--+--+--+--+--+--+--+--+
 1|~~|~~|  |  |  |  |  |  |  |~~|~~|
  +--+--+--+--+--+--+--+--+--+--+--+
 2|~~|  |  |  |  |  |  |  |  |  |~~|
  +--+--+--+--+--+--+--+--+--+--+--+
 3|  |  |  |  |  |  |  |  |  |  |  |
  +--+--+--+--+--+--+--+--+--+--+--+
 4|  |  |  |  |  |  |  |  |  |  |  |
  +--+--+--+--+--+--+--+--+--+--+--+
 5|  |  |  |/\|  |  |/\|/\|  |  |  |
  +--+--+--+--+--+--+--+--+--+--+--+
 6|  |  |  |  |PG|  |  |PG|  |  |  |
  +--+--+--+--+--+--+--+--+--+--+--+
 7|  |  |  |  |/\|  |  |  |  |  |  |
  +--+--+--+--+--+--+--+--+--+--+--+
 8|~~|  |  |  |  |  |  |  |  |  |~~|
  +--+--+--+--+--+--+--+--+--+--+--+
 9|~~|~~|  |@@|  |  |  |  |  |~~|~~|
  +--+--+--+--+--+--+--+--+--+--+--+
10|~~|~~|~~|  |  |  |  |  |~~|~~|~~|
  +--+--+--+--+--+--+--+--+--+--+--+


Turn 3 begins:
    0  1  2  3  4  5  6  7  8  9 10
  +--+--+--+--+--+--+--+--+--+--+--+
 0|~~|~~|~~|  |  |  |  |  |~~|~~|~~|
  +--+--+--+--+--+--+--+--+--+--+--+
 1|~~|~~|  |  |  |  |  |  |  |~~|~~|
  +--+--+--+--+--+--+--+--+--+--+--+
 2|~~|  |  |  |  |  |  |  |  |  |~~|
  +--+--+--+--+--+--+--+--+--+--+--+
 3|  |  |  |  |PG|  |  |  |  |  |  |
  +--+--+--+--+--+--+--+--+--+--+--+
 4|  |  |  |  |  |  |  |  |  |  |  |
  +--+--+--+--+--+--+--+--+--+--+--+
 5|  |  |  |/\|  |  |/\|/\|  |  |  |
  +--+--+--+--+--+--+--+--+--+--+--+
 6|  |  |  |  |PG|  |  |  |  |  |  |
  +--+--+--+--+--+--+--+--+--+--+--+
 7|  |  |  |  |/\|  |  |  |  |  |  |
  +--+--+--+--+--+--+--+--+--+--+--+
 8|~~|  |  |  |  |  |  |  |  |  |~~|
  +--+--+--+--+--+--+--+--+--+--+--+
 9|~~|~~|  |@@|  |  |  |  |  |~~|~~|
  +--+--+--+--+--+--+--+--+--+--+--+
10|~~|~~|~~|  |  |  |  |  |~~|~~|~~|
  +--+--+--+--+--+--+--+--+--+--+--+


Please move the unit at (9,3)
    0  1  2  3  4  5  6  7  8  9 10
  +--+--+--+--+--+--+--+--+--+--+--+
 0|~~|~~|~~|  |  |  |  |  |~~|~~|~~|
  +--+--+--+--+--+--+--+--+--+--+--+
 1|~~|~~|  |  |  |  |  |  |  |~~|~~|
  +--+--+--+--+--+--+--+--+--+--+--+
 2|~~|  |  |  |  |  |  |  |  |  |~~|
  +--+--+--+--+--+--+--+--+--+--+--+
 3|  |  |  |  |PG|  |  |  |  |  |  |
  +--+--+--+--+--+--+--+--+--+--+--+
 4|  |  |  |  |  |  |  |  |  |  |  |
  +--+--+--+--+--+--+--+--+--+--+--+
 5|  |  |  |/\|  |  |/\|/\|  |  |  |
  +--+--+--+--+--+--+--+--+--+--+--+
 6|  |  |  |  |PG|  |  |  |  |  |  |
  +--+--+--+--+--+--+--+--+--+--+--+
 7|  |  |  |  |/\|  |  |  |  |  |  |
  +--+--+--+--+--+--+--+--+--+--+--+
 8|~~|  |  |  |  |  |  |  |  |  |~~|
  +--+--+--+--+--+--+--+--+--+--+--+
 9|~~|~~|  |  |  |  |  |  |  |~~|~~|
  +--+--+--+--+--+--+--+--+--+--+--+
10|~~|~~|~~|@@|  |  |  |  |~~|~~|~~|
  +--+--+--+--+--+--+--+--+--+--+--+


Turn 4 begins:
    0  1  2  3  4  5  6  7  8  9 10
  +--+--+--+--+--+--+--+--+--+--+--+
 0|~~|~~|~~|  |  |  |  |  |~~|~~|~~|
  +--+--+--+--+--+--+--+--+--+--+--+
 1|~~|~~|  |  |  |  |  |  |  |~~|~~|
  +--+--+--+--+--+--+--+--+--+--+--+
 2|~~|  |  |  |  |  |  |  |  |  |~~|
  +--+--+--+--+--+--+--+--+--+--+--+
 3|  |  |  |  |  |  |  |  |  |  |  |
  +--+--+--+--+--+--+--+--+--+--+--+
 4|  |  |  |  |  |  |  |  |  |  |  |
  +--+--+--+--+--+--+--+--+--+--+--+
 5|  |  |  |/\|PG|  |/\|/\|  |  |  |
  +--+--+--+--+--+--+--+--+--+--+--+
 6|  |  |  |  |  |  |  |PG|  |  |  |
  +--+--+--+--+--+--+--+--+--+--+--+
 7|  |  |  |  |/\|  |  |  |  |  |  |
  +--+--+--+--+--+--+--+--+--+--+--+
 8|~~|  |  |  |  |  |  |  |  |  |~~|
  +--+--+--+--+--+--+--+--+--+--+--+
 9|~~|~~|  |  |  |  |  |  |  |~~|~~|
  +--+--+--+--+--+--+--+--+--+--+--+
10|~~|~~|~~|@@|  |  |  |  |~~|~~|~~|
  +--+--+--+--+--+--+--+--+--+--+--+


Please move the unit at (10,3)
    0  1  2  3  4  5  6  7  8  9 10
  +--+--+--+--+--+--+--+--+--+--+--+
 0|~~|~~|~~|  |  |  |  |  |~~|~~|~~|
  +--+--+--+--+--+--+--+--+--+--+--+
 1|~~|~~|  |  |  |  |  |  |  |~~|~~|
  +--+--+--+--+--+--+--+--+--+--+--+
 2|~~|  |  |  |  |  |  |  |  |  |~~|
  +--+--+--+--+--+--+--+--+--+--+--+
 3|  |  |  |  |  |  |  |  |  |  |  |
  +--+--+--+--+--+--+--+--+--+--+--+
 4|  |  |  |  |  |  |  |  |  |  |  |
  +--+--+--+--+--+--+--+--+--+--+--+
 5|  |  |  |/\|PG|  |/\|/\|  |  |  |
  +--+--+--+--+--+--+--+--+--+--+--+
 6|  |  |  |  |  |  |  |PG|  |  |  |
  +--+--+--+--+--+--+--+--+--+--+--+
 7|  |  |  |  |/\|  |  |  |  |  |  |
  +--+--+--+--+--+--+--+--+--+--+--+
 8|~~|  |  |  |  |  |  |  |  |  |~~|
  +--+--+--+--+--+--+--+--+--+--+--+
 9|~~|~~|  |  |  |  |  |  |  |~~|~~|
  +--+--+--+--+--+--+--+--+--+--+--+
10|~~|~~|~~|@@|  |  |  |  |~~|~~|~~|
  +--+--+--+--+--+--+--+--+--+--+--+


Turn 5 begins:
    0  1  2  3  4  5  6  7  8  9 10
  +--+--+--+--+--+--+--+--+--+--+--+
 0|~~|~~|~~|  |  |  |  |  |~~|~~|~~|
  +--+--+--+--+--+--+--+--+--+--+--+
 1|~~|~~|  |  |  |  |  |  |  |~~|~~|
  +--+--+--+--+--+--+--+--+--+--+--+
 2|~~|  |  |  |PG|  |  |  |  |  |~~|
  +--+--+--+--+--+--+--+--+--+--+--+
 3|  |  |  |  |  |  |  |  |  |  |  |
  +--+--+--+--+--+--+--+--+--+--+--+
 4|  |  |  |  |  |  |  |  |  |  |  |
  +--+--+--+--+--+--+--+--+--+--+--+
 5|  |  |  |/\|  |  |/\|/\|  |  |  |
  +--+--+--+--+--+--+--+--+--+--+--+
 6|  |  |  |  |PG|  |  |  |  |  |  |
  +--+--+--+--+--+--+--+--+--+--+--+
 7|  |  |  |  |/\|  |  |  |  |  |  |
  +--+--+--+--+--+--+--+--+--+--+--+
 8|~~|  |  |  |  |  |  |  |  |  |~~|
  +--+--+--+--+--+--+--+--+--+--+--+
 9|~~|~~|  |  |  |  |  |  |  |~~|~~|
  +--+--+--+--+--+--+--+--+--+--+--+
10|~~|~~|~~|@@|  |  |  |  |~~|~~|~~|
  +--+--+--+--+--+--+--+--+--+--+--+


Please move the unit at (10,3)
    0  1  2  3  4  5  6  7  8  9 10
  +--+--+--+--+--+--+--+--+--+--+--+
 0|~~|~~|~~|  |  |  |  |  |~~|~~|~~|
  +--+--+--+--+--+--+--+--+--+--+--+
 1|~~|~~|  |  |  |  |  |  |  |~~|~~|
  +--+--+--+--+--+--+--+--+--+--+--+
 2|~~|  |  |  |PG|  |  |  |  |  |~~|
  +--+--+--+--+--+--+--+--+--+--+--+
 3|  |  |  |  |  |  |  |  |  |  |  |
  +--+--+--+--+--+--+--+--+--+--+--+
 4|  |  |  |  |  |  |  |  |  |  |  |
  +--+--+--+--+--+--+--+--+--+--+--+
 5|  |  |  |/\|  |  |/\|/\|  |  |  |
  +--+--+--+--+--+--+--+--+--+--+--+
 6|  |  |  |  |PG|  |  |  |  |  |  |
  +--+--+--+--+--+--+--+--+--+--+--+
 7|  |  |  |  |/\|  |  |  |  |  |  |
  +--+--+--+--+--+--+--+--+--+--+--+
 8|~~|  |  |  |  |  |  |  |  |  |~~|
  +--+--+--+--+--+--+--+--+--+--+--+
 9|~~|~~|  |  |  |  |  |  |  |~~|~~|
  +--+--+--+--+--+--+--+--+--+--+--+
10|~~|~~|~~|@@|  |  |  |  |~~|~~|~~|
  +--+--+--+--+--+--+--+--+--+--+--+


Turn 6 begins:
    0  1  2  3  4  5  6  7  8  9 10
  +--+--+--+--+--+--+--+--+--+--+--+
 0|~~|~~|~~|  |  |  |  |  |~~|~~|~~|
  +--+--+--+--+--+--+--+--+--+--+--+
 1|~~|~~|  |  |  |  |  |  |  |~~|~~|
  +--+--+--+--+--+--+--+--+--+--+--+
 2|~~|  |  |  |  |  |  |  |  |  |~~|
  +--+--+--+--+--+--+--+--+--+--+--+
 3|  |  |  |  |  |  |  |  |  |  |  |
  +--+--+--+--+--+--+--+--+--+--+--+
 4|  |  |  |  |  |  |  |  |  |  |  |
  +--+--+--+--+--+--+--+--+--+--+--+
 5|  |  |  |/\|PG|  |/\|/\|  |  |  |
  +--+--+--+--+--+--+--+--+--+--+--+
 6|  |  |  |  |  |  |  |PG|  |  |  |
  +--+--+--+--+--+--+--+--+--+--+--+
 7|  |  |  |  |/\|  |  |  |  |  |  |
  +--+--+--+--+--+--+--+--+--+--+--+
 8|~~|  |  |  |  |  |  |  |  |  |~~|
  +--+--+--+--+--+--+--+--+--+--+--+
 9|~~|~~|  |  |  |  |  |  |  |~~|~~|
  +--+--+--+--+--+--+--+--+--+--+--+
10|~~|~~|~~|@@|  |  |  |  |~~|~~|~~|
  +--+--+--+--+--+--+--+--+--+--+--+


Please move the unit at (10,3)
    0  1  2  3  4  5  6  7  8  9 10
  +--+--+--+--+--+--+--+--+--+--+--+
 0|~~|~~|~~|  |  |  |  |  |~~|~~|~~|
  +--+--+--+--+--+--+--+--+--+--+--+
 1|~~|~~|  |  |  |  |  |  |  |~~|~~|
  +--+--+--+--+--+--+--+--+--+--+--+
 2|~~|  |  |  |  |  |  |  |  |  |~~|
  +--+--+--+--+--+--+--+--+--+--+--+
 3|  |  |  |  |  |  |  |  |  |  |  |
  +--+--+--+--+--+--+--+--+--+--+--+
 4|  |  |  |  |  |  |  |  |  |  |  |
  +--+--+--+--+--+--+--+--+--+--+--+
 5|  |  |  |/\|PG|  |/\|/\|  |  |  |
  +--+--+--+--+--+--+--+--+--+--+--+
 6|  |  |  |  |  |  |  |PG|  |  |  |
  +--+--+--+--+--+--+--+--+--+--+--+
 7|  |  |  |  |/\|  |  |  |  |  |  |
  +--+--+--+--+--+--+--+--+--+--+--+
 8|~~|  |  |  |  |  |  |  |  |  |~~|
  +--+--+--+--+--+--+--+--+--+--+--+
 9|~~|~~|  |  |  |  |  |  |  |~~|~~|
  +--+--+--+--+--+--+--+--+--+--+--+
10|~~|~~|~~|@@|  |  |  |  |~~|~~|~~|
  +--+--+--+--+--+--+--+--+--+--+--+


Turn 7 begins:
    0  1  2  3  4  5  6  7  8  9 10
  +--+--+--+--+--+--+--+--+--+--+--+
 0|~~|~~|~~|  |  |  |  |  |~~|~~|~~|
  +--+--+--+--+--+--+--+--+--+--+--+
 1|~~|~~|  |  |  |  |  |  |  |~~|~~|
  +--+--+--+--+--+--+--+--+--+--+--+
 2|~~|  |  |  |PG|  |  |  |  |  |~~|
  +--+--+--+--+--+--+--+--+--+--+--+
 3|  |  |  |  |  |  |  |  |  |  |  |
  +--+--+--+--+--+--+--+--+--+--+--+
 4|  |  |  |  |  |  |  |  |  |  |  |
  +--+--+--+--+--+--+--+--+--+--+--+
 5|  |  |  |/\|  |  |/\|/\|  |  |  |
  +--+--+--+--+--+--+--+--+--+--+--+
 6|  |  |  |  |PG|  |  |  |  |  |  |
  +--+--+--+--+--+--+--+--+--+--+--+
 7|  |  |  |  |/\|  |  |  |  |  |  |
  +--+--+--+--+--+--+--+--+--+--+--+
 8|~~|  |  |  |  |  |  |  |  |  |~~|
  +--+--+--+--+--+--+--+--+--+--+--+
 9|~~|~~|  |  |  |  |  |  |  |~~|~~|
  +--+--+--+--+--+--+--+--+--+--+--+
10|~~|~~|~~|@@|  |  |  |  |~~|~~|~~|
  +--+--+--+--+--+--+--+--+--+--+--+


Please move the unit at (10,3)
    0  1  2  3  4  5  6  7  8  9 10
  +--+--+--+--+--+--+--+--+--+--+--+
 0|~~|~~|~~|  |  |  |  |  |~~|~~|~~|
  +--+--+--+--+--+--+--+--+--+--+--+
 1|~~|~~|  |  |  |  |  |  |  |~~|~~|
  +--+--+--+--+--+--+--+--+--+--+--+
 2|~~|  |  |  |PG|  |  |  |  |  |~~|
  +--+--+--+--+--+--+--+--+--+--+--+
 3|  |  |  |  |  |  |  |  |  |  |  |
  +--+--+--+--+--+--+--+--+--+--+--+
 4|  |  |  |  |  |  |  |  |  |  |  |
  +--+--+--+--+--+--+--+--+--+--+--+
 5|  |  |  |/\|  |  |/\|/\|  |  |  |
  +--+--+--+--+--+--+--+--+--+--+--+
 6|  |  |  |  |PG|  |  |  |  |  |  |
  +--+--+--+--+--+--+--+--+--+--+--+
 7|  |  |  |  |/\|  |  |  |  |  |  |
  +--+--+--+--+--+--+--+--+--+--+--+
 8|~~|  |  |  |  |  |  |  |  |  |~~|
  +--+--+--+--+--+--+--+--+--+--+--+
 9|~~|~~|  |  |  |  |  |  |  |~~|~~|
  +--+--+--+--+--+--+--+--+--+--+--+
10|~~|~~|~~|@@|  |  |  |  |~~|~~|~~|
  +--+--+--+--+--+--+--+--+--+--+--+


Turn 8 begins:
    0  1  2  3  4  5  6  7  8  9 10
  +--+--+--+--+--+--+--+--+--+--+--+
 0|~~|~~|~~|  |  |  |  |  |~~|~~|~~|
  +--+--+--+--+--+--+--+--+--+--+--+
 1|~~|~~|  |  |  |  |  |  |  |~~|~~|
  +--+--+--+--+--+--+--+--+--+--+--+
 2|~~|  |  |  |  |  |  |  |  |  |~~|
  +--+--+--+--+--+--+--+--+--+--+--+
 3|  |  |  |  |  |  |  |  |  |  |  |
  +--+--+--+--+--+--+--+--+--+--+--+
 4|  |  |  |  |  |  |  |  |  |  |  |
  +--+--+--+--+--+--+--+--+--+--+--+
 5|  |  |  |/\|PG|  |/\|/\|  |  |  |
  +--+--+--+--+--+--+--+--+--+--+--+
 6|  |  |  |  |  |  |  |PG|  |  |  |
  +--+--+--+--+--+--+--+--+--+--+--+
 7|  |  |  |  |/\|  |  |  |  |  |  |
  +--+--+--+--+--+--+--+--+--+--+--+
 8|~~|  |  |  |  |  |  |  |  |  |~~|
  +--+--+--+--+--+--+--+--+--+--+--+
 9|~~|~~|  |  |  |  |  |  |  |~~|~~|
  +--+--+--+--+--+--+--+--+--+--+--+
10|~~|~~|~~|@@|  |  |  |  |~~|~~|~~|
  +--+--+--+--+--+--+--+--+--+--+--+


Please move the unit at (10,3)
    0  1  2  3  4  5  6  7  8  9 10
  +--+--+--+--+--+--+--+--+--+--+--+
 0|~~|~~|~~|  |  |  |  |  |~~|~~|~~|
  +--+--+--+--+--+--+--+--+--+--+--+
 1|~~|~~|  |  |  |  |  |  |  |~~|~~|
  +--+--+--+--+--+--+--+--+--+--+--+
 2|~~|  |  |  |  |  |  |  |  |  |~~|
  +--+--+--+--+--+--+--+--+--+--+--+
 3|  |  |  |  |  |  |  |  |  |  |  |
  +--+--+--+--+--+--+--+--+--+--+--+
 4|  |  |  |  |  |  |  |  |  |  |  |
  +--+--+--+--+--+--+--+--+--+--+--+
 5|  |  |  |/\|PG|  |/\|/\|  |  |  |
  +--+--+--+--+--+--+--+--+--+--+--+
 6|  |  |  |  |  |  |  |PG|  |  |  |
  +--+--+--+--+--+--+--+--+--+--+--+
 7|  |  |  |  |/\|  |  |  |  |  |  |
  +--+--+--+--+--+--+--+--+--+--+--+
 8|~~|  |  |  |  |  |  |  |  |  |~~|
  +--+--+--+--+--+--+--+--+--+--+--+
 9|~~|~~|  |  |  |  |  |  |  |~~|~~|
  +--+--+--+--+--+--+--+--+--+--+--+
10|~~|~~|~~|@@|  |  |  |  |~~|~~|~~|
  +--+--+--+--+--+--+--+--+--+--+--+


