Turn 1 begins:
    0  1  2  3  4  5  6  7  8
  +--+--+--+--+--+--+--+--+--+
 0|~~|~~|  |  |  |  |  |~~|~~|
  +--+--+--+--+--+--+--+--+--+
 1|~~|  |  |  |  |  |  |  |~~|
  +--+--+--+--+--+--+--+--+--+
 2|  |  |/\|  |  |  |/\|  |  |
  +--+--+--+--+--+--+--+--+--+
 3|  |  |  |  |  |  |  |  |  |
  +--+--+--+--+--+--+--+--+--+
 4|  |  |  |@@|  |PG|  |  |  |
  +--+--+--+--+--+--+--+--+--+
 5|  |PG|  |  |  |  |  |  |  |
  +--+--+--+--+--+--+--+--+--+
 6|  |  |/\|  |  |  |/\|PG|  |
  +--+--+--+--+--+--+--+--+--+
 7|~~|  |  |  |  |  |  |  |~~|
  +--+--+--+--+--+--+--+--+--+
 8|~~|~~|  |  |  |  |  |~~|~~|
  +--+--+--+--+--+--+--+--+--+


Please move the unit at (4,3)
    0  1  2  3  4  5  6  7  8
  +--+--+--+--+--+--+--+--+--+
 0|~~|~~|  |  |  |  |  |~~|~~|
  +--+--+--+--+--+--+--+--+--+
 1|~~|  |  |@@|  |  |  |  |~~|
  +--+--+--+--+--+--+--+--+--+
 2|  |  |/\|  |  |  |/\|  |  |
  +--+--+--+--+--+--+--+--+--+
 3|  |  |  |  |  |  |  |  |  |
  +--+--+--+--+--+--+--+--+--+
 4|  |  |  |  |  |PG|  |  |  |
  +--+--+--+--+--+--+--+--+--+
 5|  |PG|  |  |  |  |  |  |  |
  +--+--+--+--+--+--+--+--+--+
 6|  |  |/\|  |  |  |/\|PG|  |
  +--+--+--+--+--+--+--+--+--+
 7|~~|  |  |  |  |  |  |  |~~|
  +--+--+--+--+--+--+--+--+--+
 8|~~|~~|  |  |  |  |  |~~|~~|
  +--+--+--+--+--+--+--+--+--+


Turn 2 begins:
    0  1  2  3  4  5  6  7  8
  +--+--+--+--+--+--+--+--+--+
 0|~~|~~|  |  |  |  |  |~~|~~|
  +--+--+--+--+--+--+--+--+--+
 1|~~|  |  |@@|  |  |  |  |~~|
  +--+--+--+--+--+--+--+--+--+
 2|  |  |/\|  |  |  |/\|  |  |
  +--+--+--+--+--+--+--+--+--+
 3|  |  |  |  |  |  |  |  |  |
  +--+--+--+--+--+--+--+--+--+
 4|  |  |  |  |  |PG|  |  |  |
  +--+--+--+--+--+--+--+--+--+
 5|  |  |  |  |  |PG|  |PG|  |
  +--+--+--+--+--+--+--+--+--+
 6|  |  |/\|  |  |  |/\|  |  |
  +--+--+--+--+--+--+--+--+--+
 7|~~|  |  |  |  |  |  |  |~~|
  +--+--+--+--+--+--+--+--+--+
 8|~~|~~|  |  |  |  |  |~~|~~|
  +--+--+--+--+--+--+--+--+--+


Please move the unit at (1,3)
    0  1  2  3  4  5  6  7  8
  +--+--+--+--+--+--+--+--+--+
 0|~~|~~|  |  |  |  |  |~~|~~|
  +--+--+--+--+--+--+--+--+--+
 1|~~|  |  |  |  |@@|  |  |~~|
  +--+--+--+--+--+--+--+--+--+
 2|  |  |/\|  |  |  |/\|  |  |
  +--+--+--+--+--+--+--+--+--+
 3|  |  |  |  |  |  |  |  |  |
  +--+--+--+--+--+--+--+--+--+
 4|  |  |  |  |  |  |  |  |  |
  +--+--+--+--+--+--+--+--+--+
 5|  |  |  |  |  |PG|  |PG|  |
  +--+--+--+--+--+--+--+--+--+
 6|  |  |/\|  |  |  |/\|  |  |
  +--+--+--+--+--+--+--+--+--+
 7|~~|  |  |  |  |  |  |  |~~|
  +--+--+--+--+--+--+--+--+--+
 8|~~|~~|  |  |  |  |  |~~|~~|
  +--+--+--+--+--+--+--+--+--+


Turn 3 begins:
    0  1  2  3  4  5  6  7  8
  +--+--+--+--+--+--+--+--+--+
 0|~~|~~|  |  |  |  |  |~~|~~|
  +--+--+--+--+--+--+--+--+--+
 1|~~|  |  |  |  |@@|  |  |~~|
  +--+--+--+--+--+--+--+--+--+
 2|  |  |/\|  |  |  |/\|  |  |
  +--+--+--+--+--+--+--+--+--+
 3|  |  |  |  |  |  |  |  |  |
  +--+--+--+--+--+--+--+--+--+
 4|  |  |  |  |  |  |  |  |  |
  +--+--+--+--+--+--+--+--+--+
 5|  |PG|  |  |  |  |  |  |  |
  +--+--+--+--+--+--+--+--+--+
 6|  |  |/\|  |  |  |/\|PG|  |
  +--+--+--+--+--+--+--+--+--+
 7|~~|  |  |  |  |  |  |  |~~|
  +--+--+--+--+--+--+--+--+--+
 8|~~|~~|  |  |  |  |  |~~|~~|
  +--+--+--+--+--+--+--+--+--+


Please move the unit at (1,5)
    0  1  2  3  4  5  6  7  8
  +--+--+--+--+--+--+--+--+--+
 0|~~|~~|  |  |  |  |  |~~|~~|
  +--+--+--+--+--+--+--+--+--+
 1|~~|  |  |  |  |  |  |  |~~|
  +--+--+--+--+--+--+--+--+--+
 2|  |  |/\|  |  |  |/\|  |  |
  +--+--+--+--+--+--+--+--+--+
 3|  |  |  |  |  |  |  |  |  |
  +--+--+--+--+--+--+--+--+--+
 4|  |  |  |  |  |@@|  |  |  |
  +--+--+--+--+--+--+--+--+--+
 5|  |PG|  |  |  |  |  |  |  |
  +--+--+--+--+--+--+--+--+--+
 6|  |  |/\|  |  |  |/\|PG|  |
  +--+--+--+--+--+--+--+--+--+
 7|~~|  |  |  |  |  |  |  |~~|
  +--+--+--+--+--+--+--+--+--+
 8|~~|~~|  |  |  |  |  |~~|~~|
  +--+--+--+--+--+--+--+--+--+


Turn 4 begins:
    0  1  2  3  4  5  6  7  8
  +--+--+--+--+--+--+--+--+--+
 0|~~|~~|  |  |  |  |  |~~|~~|
  +--+--+--+--+--+--+--+--+--+
 1|~~|  |  |  |  |  |  |  |~~|
  +--+--+--+--+--+--+--+--+--+
 2|  |  |/\|  |  |  |/\|  |  |
  +--+--+--+--+--+--+--+--+--+
 3|  |  |  |  |  |  |  |  |  |
  +--+--+--+--+--+--+--+--+--+
 4|  |  |  |  |  |  |  |  |  |
  +--+--+--+--+--+--+--+--+--+
 5|  |  |  |  |  |PG|  |PG|  |
  +--+--+--+--+--+--+--+--+--+
 6|  |  |/\|  |  |  |/\|  |  |
  +--+--+--+--+--+--+--+--+--+
 7|~~|  |  |  |  |  |  |  |~~|
  +--+--+--+--+--+--+--+--+--+
 8|~~|~~|  |  |  |  |  |~~|~~|
  +--+--+--+--+--+--+--+--+--+


You Lose!