Turn 1 begins:
    0  1  2  3  4  5  6
  +--+--+--+--+--+--+--+
 0|  |  |  |~~|  |  |  |
  +--+--+--+--+--+--+--+
 1|  |@@|  |~~|  |  |  |
  +--+--+--+--+--+--+--+
 2|  |  |PG|  |PG|  |  |
  +--+--+--+--+--+--+--+
 3|~~|~~|  |  |  |~~|~~|
  +--+--+--+--+--+--+--+
 4|  |  |PG|  |PG|  |  |
  +--+--+--+--+--+--+--+
 5|  |  |  |~~|  |  |  |
  +--+--+--+--+--+--+--+
 6|  |  |  |~~|  |  |  |
  +--+--+--+--+--+--+--+


Please move the unit at (1,1)
    0  1  2  3  4  5  6
  +--+--+--+--+--+--+--+
 0|  |  |@@|~~|  |  |  |
  +--+--+--+--+--+--+--+
 1|  |  |  |~~|  |  |  |
  +--+--+--+--+--+--+--+
 2|  |  |  |  |PG|  |  |
  +--+--+--+--+--+--+--+
 3|~~|~~|  |  |  |~~|~~|
  +--+--+--+--+--+--+--+
 4|  |  |PG|  |PG|  |  |
  +--+--+--+--+--+--+--+
 5|  |  |  |~~|  |  |  |
  +--+--+--+--+--+--+--+
 6|  |  |  |~~|  |  |  |
  +--+--+--+--+--+--+--+


Turn 2 begins:
    0  1  2  3  4  5  6
  +--+--+--+--+--+--+--+
 0|  |  |@@|~~|  |  |  |
  +--+--+--+--+--+--+--+
 1|  |  |  |~~|  |  |  |
  +--+--+--+--+--+--+--+
 2|  |  |PG|  |  |  |  |
  +--+--+--+--+--+--+--+
 3|~~|~~|  |  |PG|~~|~~|
  +--+--+--+--+--+--+--+
 4|  |  |  |PG|  |  |  |
  +--+--+--+--+--+--+--+
 5|  |  |  |~~|  |  |  |
  +--+--+--+--+--+--+--+
 6|  |  |  |~~|  |  |  |
  +--+--+--+--+--+--+--+


Please move the unit at (0,2)
    0  1  2  3  4  5  6
  +--+--+--+--+--+--+--+
 0|  |  |  |~~|  |  |  |
  +--+--+--+--+--+--+--+
 1|  |  |@@|~~|  |  |  |
  +--+--+--+--+--+--+--+
 2|  |  |  |  |  |  |  |
  +--+--+--+--+--+--+--+
 3|~~|~~|PG|  |PG|~~|~~|
  +--+--+--+--+--+--+--+
 4|  |  |  |PG|  |  |  |
  +--+--+--+--+--+--+--+
 5|  |  |  |~~|  |  |  |
  +--+--+--+--+--+--+--+
 6|  |  |  |~~|  |  |  |
  +--+--+--+--+--+--+--+


Turn 3 begins:
    0  1  2  3  4  5  6
  +--+--+--+--+--+--+--+
 0|  |  |  |~~|  |  |  |
  +--+--+--+--+--+--+--+
 1|  |  |@@|~~|  |  |  |
  +--+--+--+--+--+--+--+
 2|  |  |  |  |  |  |  |
  +--+--+--+--+--+--+--+
 3|~~|~~|  |  |PG|~~|~~|
  +--+--+--+--+--+--+--+
 4|  |PG|  |  |  |  |  |
  +--+--+--+--+--+--+--+
 5|  |  |  |~~|PG|  |  |
  +--+--+--+--+--+--+--+
 6|  |  |  |~~|  |  |  |
  +--+--+--+--+--+--+--+


Please move the unit at (1,2)
    0  1  2  3  4  5  6
  +--+--+--+--+--+--+--+
 0|  |  |  |~~|  |  |  |
  +--+--+--+--+--+--+--+
 1|  |  |  |~~|  |  |  |
  +--+--+--+--+--+--+--+
 2|  |@@|  |  |  |  |  |
  +--+--+--+--+--+--+--+
 3|~~|~~|  |  |PG|~~|~~|
  +--+--+--+--+--+--+--+
 4|  |PG|  |  |  |  |  |
  +--+--+--+--+--+--+--+
 5|  |  |  |~~|PG|  |  |
  +--+--+--+--+--+--+--+
 6|  |  |  |~~|  |  |  |
  +--+--+--+--+--+--+--+


Turn 4 begins:
    0  1  2  3  4  5  6
  +--+--+--+--+--+--+--+
 0|  |  |  |~~|  |  |  |
  +--+--+--+--+--+--+--+
 1|  |  |  |~~|  |  |  |
  +--+--+--+--+--+--+--+
 2|  |@@|  |  |  |  |  |
  +--+--+--+--+--+--+--+
 3|~~|~~|PG|  |  |~~|~~|
  +--+--+--+--+--+--+--+
 4|  |  |  |PG|PG|  |  |
  +--+--+--+--+--+--+--+
 5|  |  |  |~~|  |  |  |
  +--+--+--+--+--+--+--+
 6|  |  |  |~~|  |  |  |
  +--+--+--+--+--+--+--+


Please move the unit at (2,1)
    0  1  2  3  4  5  6
  +--+--+--+--+--+--+--+
 0|  |  |  |~~|  |  |  |
  +--+--+--+--+--+--+--+
 1|  |  |  |~~|  |  |  |
  +--+--+--+--+--+--+--+
 2|  |  |  |  |  |  |  |
  +--+--+--+--+--+--+--+
 3|~~|~~|  |@@|  |~~|~~|
  +--+--+--+--+--+--+--+
 4|  |  |  |  |  |  |  |
  +--+--+--+--+--+--+--+
 5|  |  |  |~~|  |PG|  |
  +--+--+--+--+--+--+--+
 6|  |  |  |~~|  |  |  |
  +--+--+--+--+--+--+--+


Turn 5 begins:
    0  1  2  3  4  5  6
  +--+--+--+--+--+--+--+
 0|  |  |  |~~|  |  |  |
  +--+--+--+--+--+--+--+
 1|  |  |  |~~|  |  |  |
  +--+--+--+--+--+--+--+
 2|  |  |  |  |  |  |  |
  +--+--+--+--+--+--+--+
 3|~~|~~|  |@@|  |~~|~~|
  +--+--+--+--+--+--+--+
 4|  |  |  |  |  |  |  |
  +--+--+--+--+--+--+--+
 5|  |  |  |~~|  |  |  |
  +--+--+--+--+--+--+--+
 6|  |  |  |~~|  |PG|  |
  +--+--+--+--+--+--+--+


Please move the unit at (3,3)
    0  1  2  3  4  5  6
  +--+--+--+--+--+--+--+
 0|  |  |  |~~|  |  |  |
  +--+--+--+--+--+--+--+
 1|  |  |  |~~|  |  |  |
  +--+--+--+--+--+--+--+
 2|  |  |  |  |  |  |  |
  +--+--+--+--+--+--+--+
 3|~~|~~|  |  |  |~~|~~|
  +--+--+--+--+--+--+--+
 4|  |  |  |  |  |@@|  |
  +--+--+--+--+--+--+--+
 5|  |  |  |~~|  |  |  |
  +--+--+--+--+--+--+--+
 6|  |  |  |~~|  |  |  |
  +--+--+--+--+--+--+--+


Turn 6 begins:
    0  1  2  3  4  5  6
  +--+--+--+--+--+--+--+
 0|  |  |  |~~|  |  |  |
  +--+--+--+--+--+--+--+
 1|  |  |  |~~|  |  |  |
  +--+--+--+--+--+--+--+
 2|  |  |  |  |  |  |  |
  +--+--+--+--+--+--+--+
 3|~~|~~|  |  |  |~~|~~|
  +--+--+--+--+--+--+--+
 4|  |  |  |  |  |@@|  |
  +--+--+--+--+--+--+--+
 5|  |  |  |~~|  |  |  |
  +--+--+--+--+--+--+--+
 6|  |  |  |~~|  |  |  |
  +--+--+--+--+--+--+--+


You Win!
