Turn 1 begins:
    0  1  2  3  4  5  6  7  8  9 10
  +--+--+--+--+--+--+--+--+--+--+--+
 0|  |  |  |  |  |  |  |  |  |/\|  |
  +--+--+--+--+--+--+--+--+--+--+--+
 1|  |  |  |  |  |  |  |  |/\|  |  |
  +--+--+--+--+--+--+--+--+--+--+--+
 2|  |  |/\|@@|  |  |  |/\|  |@@|  |
  +--+--+--+--+--+--+--+--+--+--+--+
 3|  |@@|  |@@|  |  |  |  |  |  |  |
  +--+--+--+--+--+--+--+--+--+--+--+
 4|~~|~~|  |~~|~~|  |~~|~~|  |~~|~~|
  +--+--+--+--+--+--+--+--+--+--+--+
 5|  |  |  |  |  |  |  |  |  |  |  |
  +--+--+--+--+--+--+--+--+--+--+--+
 6|  |  |PG|  |  |  |  |  |PG|  |  |
  +--+--+--+--+--+--+--+--+--+--+--+
 7|  |  |  |  |  |PG|  |  |  |  |  |
  +--+--+--+--+--+--+--+--+--+--+--+
 8|  |  |  |  |  |  |  |  |  |  |  |
  +--+--+--+--+--+--+--+--+--+--+--+


Please move the unit at (3,1)
    0  1  2  3  4  5  6  7  8  9 10
  +--+--+--+--+--+--+--+--+--+--+--+
 0|  |  |  |  |  |  |  |  |  |/\|  |
  +--+--+--+--+--+--+--+--+--+--+--+
 1|  |  |  |  |  |  |  |  |/\|  |  |
  +--+--+--+--+--+--+--+--+--+--+--+
 2|  |  |/\|@@|  |  |  |/\|  |@@|  |
  +--+--+--+--+--+--+--+--+--+--+--+
 3|  |@@|  |@@|  |  |  |  |  |  |  |
  +--+--+--+--+--+--+--+--+--+--+--+
 4|~~|~~|  |~~|~~|  |~~|~~|  |~~|~~|
  +--+--+--+--+--+--+--+--+--+--+--+
 5|  |  |  |  |  |  |  |  |  |  |  |
  +--+--+--+--+--+--+--+--+--+--+--+
 6|  |  |PG|  |  |  |  |  |PG|  |  |
  +--+--+--+--+--+--+--+--+--+--+--+
 7|  |  |  |  |  |PG|  |  |  |  |  |
  +--+--+--+--+--+--+--+--+--+--+--+
 8|  |  |  |  |  |  |  |  |  |  |  |
  +--+--+--+--+--+--+--+--+--+--+--+


Please move the unit at (3,3)
    0  1  2  3  4  5  6  7  8  9 10
  +--+--+--+--+--+--+--+--+--+--+--+
 0|  |  |  |  |  |  |  |  |  |/\|  |
  +--+--+--+--+--+--+--+--+--+--+--+
 1|  |  |  |  |  |  |  |  |/\|  |  |
  +--+--+--+--+--+--+--+--+--+--+--+
 2|  |  |/\|@@|  |  |  |/\|  |@@|  |
  +--+--+--+--+--+--+--+--+--+--+--+
 3|  |@@|  |@@|  |  |  |  |  |  |  |
  +--+--+--+--+--+--+--+--+--+--+--+
 4|~~|~~|  |~~|~~|  |~~|~~|  |~~|~~|
  +--+--+--+--+--+--+--+--+--+--+--+
 5|  |  |  |  |  |  |  |  |  |  |  |
  +--+--+--+--+--+--+--+--+--+--+--+
 6|  |  |PG|  |  |  |  |  |PG|  |  |
  +--+--+--+--+--+--+--+--+--+--+--+
 7|  |  |  |  |  |PG|  |  |  |  |  |
  +--+--+--+--+--+--+--+--+--+--+--+
 8|  |  |  |  |  |  |  |  |  |  |  |
  +--+--+--+--+--+--+--+--+--+--+--+


Please move the unit at (2,3)
    0  1  2  3  4  5  6  7  8  9 10
  +--+--+--+--+--+--+--+--+--+--+--+
 0|  |  |  |@@|  |  |  |  |  |/\|  |
  +--+--+--+--+--+--+--+--+--+--+--+
 1|  |  |  |  |  |  |  |  |/\|  |  |
  +--+--+--+--+--+--+--+--+--+--+--+
 2|  |  |/\|  |  |  |  |/\|  |@@|  |
  +--+--+--+--+--+--+--+--+--+--+--+
 3|  |@@|  |@@|  |  |  |  |  |  |  |
  +--+--+--+--+--+--+--+--+--+--+--+
 4|~~|~~|  |~~|~~|  |~~|~~|  |~~|~~|
  +--+--+--+--+--+--+--+--+--+--+--+
 5|  |  |  |  |  |  |  |  |  |  |  |
  +--+--+--+--+--+--+--+--+--+--+--+
 6|  |  |PG|  |  |  |  |  |PG|  |  |
  +--+--+--+--+--+--+--+--+--+--+--+
 7|  |  |  |  |  |PG|  |  |  |  |  |
  +--+--+--+--+--+--+--+--+--+--+--+
 8|  |  |  |  |  |  |  |  |  |  |  |
  +--+--+--+--+--+--+--+--+--+--+--+


Please move the unit at (2,9)
    0  1  2  3  4  5  6  7  8  9 10
  +--+--+--+--+--+--+--+--+--+--+--+
 0|  |  |  |@@|  |  |  |  |  |/\|  |
  +--+--+--+--+--+--+--+--+--+--+--+
 1|  |  |  |  |  |  |  |  |/\|  |  |
  +--+--+--+--+--+--+--+--+--+--+--+
 2|  |  |/\|  |  |  |  |/\|  |  |  |
  +--+--+--+--+--+--+--+--+--+--+--+
 3|  |@@|  |@@|  |  |  |  |  |  |@@|
  +--+--+--+--+--+--+--+--+--+--+--+
 4|~~|~~|  |~~|~~|  |~~|~~|  |~~|~~|
  +--+--+--+--+--+--+--+--+--+--+--+
 5|  |  |  |  |  |  |  |  |  |  |  |
  +--+--+--+--+--+--+--+--+--+--+--+
 6|  |  |PG|  |  |  |  |  |PG|  |  |
  +--+--+--+--+--+--+--+--+--+--+--+
 7|  |  |  |  |  |PG|  |  |  |  |  |
  +--+--+--+--+--+--+--+--+--+--+--+
 8|  |  |  |  |  |  |  |  |  |  |  |
  +--+--+--+--+--+--+--+--+--+--+--+


Turn 2 begins:
    0  1  2  3  4  5  6  7  8  9 10
  +--+--+--+--+--+--+--+--+--+--+--+
 0|  |  |  |@@|  |  |  |  |  |/\|  |
  +--+--+--+--+--+--+--+--+--+--+--+
 1|  |  |  |  |  |  |  |  |/\|  |  |
  +--+--+--+--+--+--+--+--+--+--+--+
 2|  |  |/\|  |  |  |  |/\|  |  |  |
  +--+--+--+--+--+--+--+--+--+--+--+
 3|  |  |PG|  |  |  |  |  |  |  |@@|
  +--+--+--+--+--+--+--+--+--+--+--+
 4|~~|~~|  |~~|~~|  |~~|~~|  |~~|~~|
  +--+--+--+--+--+--+--+--+--+--+--+
 5|  |  |  |  |  |  |  |  |  |  |  |
  +--+--+--+--+--+--+--+--+--+--+--+
 6|  |  |  |  |  |  |  |  |  |  |  |
  +--+--+--+--+--+--+--+--+--+--+--+
 7|  |  |  |  |  |  |  |  |  |  |PG|
  +--+--+--+--+--+--+--+--+--+--+--+
 8|  |  |  |  |  |  |  |  |PG|  |  |
  +--+--+--+--+--+--+--+--+--+--+--+


Please move the unit at (0,3)
    0  1  2  3  4  5  6  7  8  9 10
  +--+--+--+--+--+--+--+--+--+--+--+
 0|  |  |  |  |  |@@|  |  |  |/\|  |
  +--+--+--+--+--+--+--+--+--+--+--+
 1|  |  |  |  |  |  |  |  |/\|  |  |
  +--+--+--+--+--+--+--+--+--+--+--+
 2|  |  |/\|  |  |  |  |/\|  |  |  |
  +--+--+--+--+--+--+--+--+--+--+--+
 3|  |  |PG|  |  |  |  |  |  |  |@@|
  +--+--+--+--+--+--+--+--+--+--+--+
 4|~~|~~|  |~~|~~|  |~~|~~|  |~~|~~|
  +--+--+--+--+--+--+--+--+--+--+--+
 5|  |  |  |  |  |  |  |  |  |  |  |
  +--+--+--+--+--+--+--+--+--+--+--+
 6|  |  |  |  |  |  |  |  |  |  |  |
  +--+--+--+--+--+--+--+--+--+--+--+
 7|  |  |  |  |  |  |  |  |  |  |PG|
  +--+--+--+--+--+--+--+--+--+--+--+
 8|  |  |  |  |  |  |  |  |PG|  |  |
  +--+--+--+--+--+--+--+--+--+--+--+


Please move the unit at (3,10)
    0  1  2  3  4  5  6  7  8  9 10
  +--+--+--+--+--+--+--+--+--+--+--+
 0|  |  |  |  |  |@@|  |  |  |/\|  |
  +--+--+--+--+--+--+--+--+--+--+--+
 1|  |  |  |  |  |  |  |  |/\|  |  |
  +--+--+--+--+--+--+--+--+--+--+--+
 2|  |  |/\|  |  |  |  |/\|  |  |  |
  +--+--+--+--+--+--+--+--+--+--+--+
 3|  |  |PG|  |  |  |  |  |@@|  |  |
  +--+--+--+--+--+--+--+--+--+--+--+
 4|~~|~~|  |~~|~~|  |~~|~~|  |~~|~~|
  +--+--+--+--+--+--+--+--+--+--+--+
 5|  |  |  |  |  |  |  |  |  |  |  |
  +--+--+--+--+--+--+--+--+--+--+--+
 6|  |  |  |  |  |  |  |  |  |  |  |
  +--+--+--+--+--+--+--+--+--+--+--+
 7|  |  |  |  |  |  |  |  |  |  |PG|
  +--+--+--+--+--+--+--+--+--+--+--+
 8|  |  |  |  |  |  |  |  |  |  |  |
  +--+--+--+--+--+--+--+--+--+--+--+


Turn 3 begins:
    0  1  2  3  4  5  6  7  8  9 10
  +--+--+--+--+--+--+--+--+--+--+--+
 0|  |  |  |  |  |@@|  |  |  |/\|  |
  +--+--+--+--+--+--+--+--+--+--+--+
 1|  |  |  |  |  |  |  |  |/\|  |  |
  +--+--+--+--+--+--+--+--+--+--+--+
 2|  |  |/\|  |  |  |  |/\|  |  |  |
  +--+--+--+--+--+--+--+--+--+--+--+
 3|  |  |  |  |  |  |  |  |@@|  |  |
  +--+--+--+--+--+--+--+--+--+--+--+
 4|~~|~~|  |~~|~~|  |~~|~~|  |~~|~~|
  +--+--+--+--+--+--+--+--+--+--+--+
 5|  |  |  |  |  |  |  |  |  |  |  |
  +--+--+--+--+--+--+--+--+--+--+--+
 6|  |  |  |  |  |  |  |  |  |  |  |
  +--+--+--+--+--+--+--+--+--+--+--+
 7|PG|  |  |  |  |  |  |  |  |  |  |
  +--+--+--+--+--+--+--+--+--+--+--+
 8|  |  |PG|  |  |  |  |  |  |  |  |
  +--+--+--+--+--+--+--+--+--+--+--+


Please move the unit at (0,5)
    0  1  2  3  4  5  6  7  8  9 10
  +--+--+--+--+--+--+--+--+--+--+--+
 0|  |  |  |  |  |  |  |  |  |/\|  |
  +--+--+--+--+--+--+--+--+--+--+--+
 1|  |  |  |  |  |  |  |  |/\|  |  |
  +--+--+--+--+--+--+--+--+--+--+--+
 2|  |  |/\|  |  |  |  |/\|  |  |  |
  +--+--+--+--+--+--+--+--+--+--+--+
 3|  |  |  |  |  |@@|  |  |@@|  |  |
  +--+--+--+--+--+--+--+--+--+--+--+
 4|~~|~~|  |~~|~~|  |~~|~~|  |~~|~~|
  +--+--+--+--+--+--+--+--+--+--+--+
 5|  |  |  |  |  |  |  |  |  |  |  |
  +--+--+--+--+--+--+--+--+--+--+--+
 6|  |  |  |  |  |  |  |  |  |  |  |
  +--+--+--+--+--+--+--+--+--+--+--+
 7|PG|  |  |  |  |  |  |  |  |  |  |
  +--+--+--+--+--+--+--+--+--+--+--+
 8|  |  |PG|  |  |  |  |  |  |  |  |
  +--+--+--+--+--+--+--+--+--+--+--+


Please move the unit at (3,8)
    0  1  2  3  4  5  6  7  8  9 10
  +--+--+--+--+--+--+--+--+--+--+--+
 0|  |  |  |  |  |  |  |  |  |/\|  |
  +--+--+--+--+--+--+--+--+--+--+--+
 1|  |  |  |  |  |  |  |  |/\|  |  |
  +--+--+--+--+--+--+--+--+--+--+--+
 2|  |  |/\|  |  |  |  |/\|  |  |  |
  +--+--+--+--+--+--+--+--+--+--+--+
 3|  |  |  |  |  |@@|  |  |  |  |  |
  +--+--+--+--+--+--+--+--+--+--+--+
 4|~~|~~|  |~~|~~|  |~~|~~|  |~~|~~|
  +--+--+--+--+--+--+--+--+--+--+--+
 5|  |  |  |  |  |  |  |  |  |  |  |
  +--+--+--+--+--+--+--+--+--+--+--+
 6|  |  |  |  |  |  |  |  |@@|  |  |
  +--+--+--+--+--+--+--+--+--+--+--+
 7|PG|  |  |  |  |  |  |  |  |  |  |
  +--+--+--+--+--+--+--+--+--+--+--+
 8|  |  |PG|  |  |  |  |  |  |  |  |
  +--+--+--+--+--+--+--+--+--+--+--+


Turn 4 begins:
    0  1  2  3  4  5  6  7  8  9 10
  +--+--+--+--+--+--+--+--+--+--+--+
 0|  |  |  |  |  |  |  |  |  |/\|  |
  +--+--+--+--+--+--+--+--+--+--+--+
 1|  |  |  |  |  |  |  |  |/\|  |  |
  +--+--+--+--+--+--+--+--+--+--+--+
 2|  |  |/\|  |  |  |  |/\|  |  |  |
  +--+--+--+--+--+--+--+--+--+--+--+
 3|  |  |PG|  |  |@@|  |  |  |  |  |
  +--+--+--+--+--+--+--+--+--+--+--+
 4|~~|~~|  |~~|~~|  |~~|~~|  |~~|~~|
  +--+--+--+--+--+--+--+--+--+--+--+
 5|  |  |  |  |  |  |  |  |  |  |  |
  +--+--+--+--+--+--+--+--+--+--+--+
 6|  |  |  |  |  |  |  |  |  |  |  |
  +--+--+--+--+--+--+--+--+--+--+--+
 7|  |  |  |  |  |  |  |  |PG|  |  |
  +--+--+--+--+--+--+--+--+--+--+--+
 8|  |  |  |  |  |  |  |  |  |  |  |
  +--+--+--+--+--+--+--+--+--+--+--+


Please move the unit at (3,5)
    0  1  2  3  4  5  6  7  8  9 10
  +--+--+--+--+--+--+--+--+--+--+--+
 0|  |  |  |  |  |  |  |  |  |/\|  |
  +--+--+--+--+--+--+--+--+--+--+--+
 1|  |  |  |  |  |  |  |  |/\|  |  |
  +--+--+--+--+--+--+--+--+--+--+--+
 2|  |  |/\|  |  |  |  |/\|  |  |  |
  +--+--+--+--+--+--+--+--+--+--+--+
 3|  |  |  |  |  |@@|  |  |  |  |  |
  +--+--+--+--+--+--+--+--+--+--+--+
 4|~~|~~|  |~~|~~|  |~~|~~|  |~~|~~|
  +--+--+--+--+--+--+--+--+--+--+--+
 5|  |  |  |  |  |  |  |  |  |  |  |
  +--+--+--+--+--+--+--+--+--+--+--+
 6|  |  |  |  |  |  |  |  |  |  |  |
  +--+--+--+--+--+--+--+--+--+--+--+
 7|  |  |  |  |  |  |  |  |PG|  |  |
  +--+--+--+--+--+--+--+--+--+--+--+
 8|  |  |  |  |  |  |  |  |  |  |  |
  +--+--+--+--+--+--+--+--+--+--+--+


Turn 5 begins:
    0  1  2  3  4  5  6  7  8  9 10
  +--+--+--+--+--+--+--+--+--+--+--+
 0|  |  |  |  |  |  |  |  |  |/\|  |
  +--+--+--+--+--+--+--+--+--+--+--+
 1|  |  |  |  |  |  |  |  |/\|  |  |
  +--+--+--+--+--+--+--+--+--+--+--+
 2|  |  |/\|  |  |  |  |/\|  |  |  |
  +--+--+--+--+--+--+--+--+--+--+--+
 3|  |  |  |  |  |@@|  |  |  |  |  |
  +--+--+--+--+--+--+--+--+--+--+--+
 4|~~|~~|  |~~|~~|  |~~|~~|  |~~|~~|
  +--+--+--+--+--+--+--+--+--+--+--+
 5|  |  |  |  |  |  |  |  |  |  |  |
  +--+--+--+--+--+--+--+--+--+--+--+
 6|  |  |  |  |  |  |  |  |  |  |  |
  +--+--+--+--+--+--+--+--+--+--+--+
 7|PG|  |  |  |  |  |  |  |  |  |  |
  +--+--+--+--+--+--+--+--+--+--+--+
 8|  |  |  |  |  |  |  |  |  |  |  |
  +--+--+--+--+--+--+--+--+--+--+--+


Please move the unit at (3,5)
    0  1  2  3  4  5  6  7  8  9 10
  +--+--+--+--+--+--+--+--+--+--+--+
 0|  |  |  |  |  |  |  |  |  |/\|  |
  +--+--+--+--+--+--+--+--+--+--+--+
 1|  |  |  |  |  |  |  |  |/\|  |  |
  +--+--+--+--+--+--+--+--+--+--+--+
 2|  |  |/\|  |  |  |  |/\|  |  |  |
  +--+--+--+--+--+--+--+--+--+--+--+
 3|  |  |  |  |  |  |  |  |  |  |  |
  +--+--+--+--+--+--+--+--+--+--+--+
 4|~~|~~|  |~~|~~|  |~~|~~|  |~~|~~|
  +--+--+--+--+--+--+--+--+--+--+--+
 5|  |  |  |  |  |@@|  |  |  |  |  |
  +--+--+--+--+--+--+--+--+--+--+--+
 6|  |  |  |  |  |  |  |  |  |  |  |
  +--+--+--+--+--+--+--+--+--+--+--+
 7|PG|  |  |  |  |  |  |  |  |  |  |
  +--+--+--+--+--+--+--+--+--+--+--+
 8|  |  |  |  |  |  |  |  |  |  |  |
  +--+--+--+--+--+--+--+--+--+--+--+


Turn 6 begins:
    0  1  2  3  4  5  6  7  8  9 10
  +--+--+--+--+--+--+--+--+--+--+--+
 0|  |  |  |  |  |  |  |  |  |/\|  |
  +--+--+--+--+--+--+--+--+--+--+--+
 1|  |  |  |  |  |  |  |  |/\|  |  |
  +--+--+--+--+--+--+--+--+--+--+--+
 2|  |  |/\|  |  |  |  |/\|  |  |  |
  +--+--+--+--+--+--+--+--+--+--+--+
 3|  |  |  |  |  |  |  |  |  |  |  |
  +--+--+--+--+--+--+--+--+--+--+--+
 4|~~|~~|  |~~|~~|  |~~|~~|  |~~|~~|
  +--+--+--+--+--+--+--+--+--+--+--+
 5|  |  |  |  |  |@@|  |  |  |  |  |
  +--+--+--+--+--+--+--+--+--+--+--+
 6|  |  |  |  |  |  |  |  |  |  |  |
  +--+--+--+--+--+--+--+--+--+--+--+
 7|  |  |  |  |  |  |  |  |  |  |PG|
  +--+--+--+--+--+--+--+--+--+--+--+
 8|  |  |  |  |  |  |  |  |  |  |  |
  +--+--+--+--+--+--+--+--+--+--+--+


Please move the unit at (5,5)
    0  1  2  3  4  5  6  7  8  9 10
  +--+--+--+--+--+--+--+--+--+--+--+
 0|  |  |  |  |  |  |  |  |  |/\|  |
  +--+--+--+--+--+--+--+--+--+--+--+
 1|  |  |  |  |  |  |  |  |/\|  |  |
  +--+--+--+--+--+--+--+--+--+--+--+
 2|  |  |/\|  |  |  |  |/\|  |  |  |
  +--+--+--+--+--+--+--+--+--+--+--+
 3|  |  |  |  |  |  |  |  |  |  |  |
  +--+--+--+--+--+--+--+--+--+--+--+
 4|~~|~~|  |~~|~~|  |~~|~~|  |~~|~~|
  +--+--+--+--+--+--+--+--+--+--+--+
 5|  |  |  |  |  |  |  |  |  |  |  |
  +--+--+--+--+--+--+--+--+--+--+--+
 6|  |  |  |  |  |  |  |  |  |  |  |
  +--+--+--+--+--+--+--+--+--+--+--+
 7|  |  |  |  |  |@@|  |  |  |  |  |
  +--+--+--+--+--+--+--+--+--+--+--+
 8|  |  |  |  |  |  |  |  |  |  |  |
  +--+--+--+--+--+--+--+--+--+--+--+


Turn 7 begins:
    0  1  2  3  4  5  6  7  8  9 10
  +--+--+--+--+--+--+--+--+--+--+--+
 0|  |  |  |  |  |  |  |  |  |/\|  |
  +--+--+--+--+--+--+--+--+--+--+--+
 1|  |  |  |  |  |  |  |  |/\|  |  |
  +--+--+--+--+--+--+--+--+--+--+--+
 2|  |  |/\|  |  |  |  |/\|  |  |  |
  +--+--+--+--+--+--+--+--+--+--+--+
 3|  |  |  |  |  |  |  |  |  |  |  |
  +--+--+--+--+--+--+--+--+--+--+--+
 4|~~|~~|  |~~|~~|  |~~|~~|  |~~|~~|
  +--+--+--+--+--+--+--+--+--+--+--+
 5|  |  |  |  |  |  |  |  |  |  |  |
  +--+--+--+--+--+--+--+--+--+--+--+
 6|  |  |  |  |  |  |  |  |  |  |  |
  +--+--+--+--+--+--+--+--+--+--+--+
 7|  |  |  |  |  |@@|  |  |  |  |  |
  +--+--+--+--+--+--+--+--+--+--+--+
 8|  |  |  |  |  |  |  |  |  |  |  |
  +--+--+--+--+--+--+--+--+--+--+--+


You Win!
