Turn 1 begins:
    0  1  2  3  4  5  6  7
  +--+--+--+--+--+--+--+--+
 0|  |/\|  |  |  |  |  |@@|
  +--+--+--+--+--+--+--+--+
 1|  |  |  |  |  |  |  |  |
  +--+--+--+--+--+--+--+--+
 2|  |  |~~|  |  |  |  |  |
  +--+--+--+--+--+--+--+--+
 3|  |~~|  |~~|  |  |  |  |
  +--+--+--+--+--+--+--+--+
 4|  |  |  |  |  |  |~~|  |
  +--+--+--+--+--+--+--+--+
 5|~~|  |PG|  |  |  |  |  |
  +--+--+--+--+--+--+--+--+
 6|  |  |  |PG|  |  |~~|  |
  +--+--+--+--+--+--+--+--+
 7|  |~~|PG|  |PG|PG|  |  |
  +--+--+--+--+--+--+--+--+
 8|  |  |  |/\|  |PG|  |  |
  +--+--+--+--+--+--+--+--+


Please move the unit at (0,7)
    0  1  2  3  4  5  6  7
  +--+--+--+--+--+--+--+--+
 0|  |/\|  |  |  |  |  |  |
  +--+--+--+--+--+--+--+--+
 1|  |  |  |  |  |  |  |  |
  +--+--+--+--+--+--+--+--+
 2|  |  |~~|  |  |  |@@|  |
  +--+--+--+--+--+--+--+--+
 3|  |~~|  |~~|  |  |  |  |
  +--+--+--+--+--+--+--+--+
 4|  |  |  |  |  |  |~~|  |
  +--+--+--+--+--+--+--+--+
 5|~~|  |PG|  |  |  |  |  |
  +--+--+--+--+--+--+--+--+
 6|  |  |  |PG|  |  |~~|  |
  +--+--+--+--+--+--+--+--+
 7|  |~~|PG|  |PG|PG|  |  |
  +--+--+--+--+--+--+--+--+
 8|  |  |  |/\|  |PG|  |  |
  +--+--+--+--+--+--+--+--+


Turn 2 begins:
    0  1  2  3  4  5  6  7
  +--+--+--+--+--+--+--+--+
 0|  |/\|  |  |  |  |  |  |
  +--+--+--+--+--+--+--+--+
 1|  |  |  |  |  |  |  |  |
  +--+--+--+--+--+--+--+--+
 2|  |  |~~|  |  |  |@@|  |
  +--+--+--+--+--+--+--+--+
 3|  |~~|PG|~~|  |  |  |  |
  +--+--+--+--+--+--+--+--+
 4|  |  |  |  |  |  |~~|  |
  +--+--+--+--+--+--+--+--+
 5|~~|  |  |  |  |  |  |  |
  +--+--+--+--+--+--+--+--+
 6|  |  |PG|  |  |  |~~|  |
  +--+--+--+--+--+--+--+--+
 7|  |~~|  |PG|  |  |  |PG|
  +--+--+--+--+--+--+--+--+
 8|  |  |  |/\|PG|PG|  |  |
  +--+--+--+--+--+--+--+--+


Please move the unit at (2,6)
    0  1  2  3  4  5  6  7
  +--+--+--+--+--+--+--+--+
 0|  |/\|  |  |  |  |  |  |
  +--+--+--+--+--+--+--+--+
 1|  |  |  |  |  |  |  |  |
  +--+--+--+--+--+--+--+--+
 2|  |  |~~|  |  |  |  |  |
  +--+--+--+--+--+--+--+--+
 3|  |~~|PG|~~|@@|  |  |  |
  +--+--+--+--+--+--+--+--+
 4|  |  |  |  |  |  |~~|  |
  +--+--+--+--+--+--+--+--+
 5|~~|  |  |  |  |  |  |  |
  +--+--+--+--+--+--+--+--+
 6|  |  |PG|  |  |  |~~|  |
  +--+--+--+--+--+--+--+--+
 7|  |~~|  |PG|  |  |  |PG|
  +--+--+--+--+--+--+--+--+
 8|  |  |  |/\|PG|PG|  |  |
  +--+--+--+--+--+--+--+--+


Turn 3 begins:
    0  1  2  3  4  5  6  7
  +--+--+--+--+--+--+--+--+
 0|  |/\|  |  |  |  |  |  |
  +--+--+--+--+--+--+--+--+
 1|  |  |  |  |  |  |  |  |
  +--+--+--+--+--+--+--+--+
 2|  |  |~~|  |  |  |  |  |
  +--+--+--+--+--+--+--+--+
 3|  |~~|  |~~|@@|  |  |  |
  +--+--+--+--+--+--+--+--+
 4|  |  |  |  |  |  |~~|  |
  +--+--+--+--+--+--+--+--+
 5|~~|  |PG|  |PG|  |  |  |
  +--+--+--+--+--+--+--+--+
 6|  |  |  |PG|  |  |~~|  |
  +--+--+--+--+--+--+--+--+
 7|  |~~|PG|  |PG|  |  |  |
  +--+--+--+--+--+--+--+--+
 8|  |  |  |/\|  |  |  |PG|
  +--+--+--+--+--+--+--+--+


Please move the unit at (3,4)
    0  1  2  3  4  5  6  7
  +--+--+--+--+--+--+--+--+
 0|  |/\|  |  |  |  |  |  |
  +--+--+--+--+--+--+--+--+
 1|  |  |  |  |  |  |  |  |
  +--+--+--+--+--+--+--+--+
 2|  |  |~~|  |  |  |  |  |
  +--+--+--+--+--+--+--+--+
 3|  |~~|  |~~|  |  |  |  |
  +--+--+--+--+--+--+--+--+
 4|  |  |  |  |  |  |~~|  |
  +--+--+--+--+--+--+--+--+
 5|~~|PG|  |@@|  |PG|  |  |
  +--+--+--+--+--+--+--+--+
 6|  |  |  |  |  |  |~~|  |
  +--+--+--+--+--+--+--+--+
 7|  |~~|PG|PG|PG|  |  |  |
  +--+--+--+--+--+--+--+--+
 8|  |  |  |/\|  |  |  |PG|
  +--+--+--+--+--+--+--+--+


Turn 4 begins:
    0  1  2  3  4  5  6  7
  +--+--+--+--+--+--+--+--+
 0|  |/\|  |  |  |  |  |  |
  +--+--+--+--+--+--+--+--+
 1|  |  |  |  |  |  |  |  |
  +--+--+--+--+--+--+--+--+
 2|  |  |~~|  |  |  |  |  |
  +--+--+--+--+--+--+--+--+
 3|  |~~|  |~~|  |  |  |  |
  +--+--+--+--+--+--+--+--+
 4|  |PG|  |  |  |  |~~|  |
  +--+--+--+--+--+--+--+--+
 5|~~|  |  |@@|  |  |  |  |
  +--+--+--+--+--+--+--+--+
 6|  |  |  |  |  |  |~~|  |
  +--+--+--+--+--+--+--+--+
 7|  |~~|PG|PG|  |  |  |PG|
  +--+--+--+--+--+--+--+--+
 8|  |  |  |/\|  |PG|PG|  |
  +--+--+--+--+--+--+--+--+


Please move the unit at (5,3)
    0  1  2  3  4  5  6  7
  +--+--+--+--+--+--+--+--+
 0|  |/\|  |  |  |  |  |  |
  +--+--+--+--+--+--+--+--+
 1|  |  |  |  |  |  |  |  |
  +--+--+--+--+--+--+--+--+
 2|  |  |~~|  |  |  |  |  |
  +--+--+--+--+--+--+--+--+
 3|  |~~|  |~~|  |  |  |  |
  +--+--+--+--+--+--+--+--+
 4|  |  |  |  |  |  |~~|  |
  +--+--+--+--+--+--+--+--+
 5|~~|@@|  |  |  |  |  |  |
  +--+--+--+--+--+--+--+--+
 6|  |  |  |  |  |  |~~|  |
  +--+--+--+--+--+--+--+--+
 7|  |~~|PG|PG|  |  |  |PG|
  +--+--+--+--+--+--+--+--+
 8|  |  |  |/\|  |PG|PG|  |
  +--+--+--+--+--+--+--+--+


Turn 5 begins:
    0  1  2  3  4  5  6  7
  +--+--+--+--+--+--+--+--+
 0|  |/\|  |  |  |  |  |  |
  +--+--+--+--+--+--+--+--+
 1|  |  |  |  |  |  |  |  |
  +--+--+--+--+--+--+--+--+
 2|  |  |~~|  |  |  |  |  |
  +--+--+--+--+--+--+--+--+
 3|  |~~|  |~~|  |  |  |  |
  +--+--+--+--+--+--+--+--+
 4|  |  |  |  |  |  |~~|  |
  +--+--+--+--+--+--+--+--+
 5|~~|@@|  |  |  |PG|  |  |
  +--+--+--+--+--+--+--+--+
 6|  |  |  |  |  |  |~~|  |
  +--+--+--+--+--+--+--+--+
 7|  |~~|PG|  |PG|PG|  |  |
  +--+--+--+--+--+--+--+--+
 8|  |  |  |/\|  |  |  |PG|
  +--+--+--+--+--+--+--+--+


Please move the unit at (5,1)
    0  1  2  3  4  5  6  7
  +--+--+--+--+--+--+--+--+
 0|  |/\|  |  |  |  |  |  |
  +--+--+--+--+--+--+--+--+
 1|  |  |  |  |  |  |  |  |
  +--+--+--+--+--+--+--+--+
 2|  |  |~~|  |  |  |  |  |
  +--+--+--+--+--+--+--+--+
 3|  |~~|  |~~|  |  |  |  |
  +--+--+--+--+--+--+--+--+
 4|  |  |  |  |  |  |~~|  |
  +--+--+--+--+--+--+--+--+
 5|~~|  |  |  |  |PG|  |  |
  +--+--+--+--+--+--+--+--+
 6|  |  |  |@@|  |  |~~|  |
  +--+--+--+--+--+--+--+--+
 7|  |~~|  |  |  |PG|  |  |
  +--+--+--+--+--+--+--+--+
 8|  |PG|  |/\|  |PG|  |PG|
  +--+--+--+--+--+--+--+--+


Turn 6 begins:
    0  1  2  3  4  5  6  7
  +--+--+--+--+--+--+--+--+
 0|  |/\|  |  |  |  |  |  |
  +--+--+--+--+--+--+--+--+
 1|  |  |  |  |  |  |  |  |
  +--+--+--+--+--+--+--+--+
 2|  |  |~~|  |  |  |  |  |
  +--+--+--+--+--+--+--+--+
 3|  |~~|  |~~|  |  |  |  |
  +--+--+--+--+--+--+--+--+
 4|  |  |  |  |  |  |~~|  |
  +--+--+--+--+--+--+--+--+
 5|~~|  |  |  |  |  |  |  |
  +--+--+--+--+--+--+--+--+
 6|  |  |  |@@|  |PG|~~|  |
  +--+--+--+--+--+--+--+--+
 7|  |~~|  |  |  |  |  |PG|
  +--+--+--+--+--+--+--+--+
 8|  |  |PG|/\|PG|PG|  |  |
  +--+--+--+--+--+--+--+--+


Please move the unit at (6,3)
    0  1  2  3  4  5  6  7
  +--+--+--+--+--+--+--+--+
 0|  |/\|  |  |  |  |  |  |
  +--+--+--+--+--+--+--+--+
 1|  |  |  |  |  |  |  |  |
  +--+--+--+--+--+--+--+--+
 2|  |  |~~|  |  |  |  |  |
  +--+--+--+--+--+--+--+--+
 3|  |~~|  |~~|  |  |  |  |
  +--+--+--+--+--+--+--+--+
 4|  |  |  |  |  |  |~~|  |
  +--+--+--+--+--+--+--+--+
 5|~~|  |  |  |  |  |  |  |
  +--+--+--+--+--+--+--+--+
 6|  |  |  |  |  |PG|~~|  |
  +--+--+--+--+--+--+--+--+
 7|  |~~|  |@@|  |  |  |PG|
  +--+--+--+--+--+--+--+--+
 8|  |  |PG|/\|PG|PG|  |  |
  +--+--+--+--+--+--+--+--+


Turn 7 begins:
    0  1  2  3  4  5  6  7
  +--+--+--+--+--+--+--+--+
 0|  |/\|  |  |  |  |  |  |
  +--+--+--+--+--+--+--+--+
 1|  |  |  |  |  |  |  |  |
  +--+--+--+--+--+--+--+--+
 2|  |  |~~|  |  |  |  |  |
  +--+--+--+--+--+--+--+--+
 3|  |~~|  |~~|  |PG|  |  |
  +--+--+--+--+--+--+--+--+
 4|  |  |  |  |  |  |~~|  |
  +--+--+--+--+--+--+--+--+
 5|~~|  |  |  |  |  |  |  |
  +--+--+--+--+--+--+--+--+
 6|  |  |  |  |  |  |~~|  |
  +--+--+--+--+--+--+--+--+
 7|  |~~|  |  |PG|  |  |  |
  +--+--+--+--+--+--+--+--+
 8|PG|  |  |/\|PG|  |  |PG|
  +--+--+--+--+--+--+--+--+


You Lose!