Turn 1 begins:
    0  1  2  3  4  5  6  7  8  9 10 11
  +--+--+--+--+--+--+--+--+--+--+--+--+
 0|/\|  |  |  |  |@@|  |  |  |  |  |  |
  +--+--+--+--+--+--+--+--+--+--+--+--+
 1|  |~~|PG|  |  |  |  |  |/\|  |  |  |
  +--+--+--+--+--+--+--+--+--+--+--+--+
 2|  |  |/\|  |  |  |~~|  |  |  |  |~~|
  +--+--+--+--+--+--+--+--+--+--+--+--+
 3|~~|  |  |  |  |  |  |  |  |  |PG|  |
  +--+--+--+--+--+--+--+--+--+--+--+--+
 4|  |  |  |PG|  |  |  |  |@@|/\|  |  |
  +--+--+--+--+--+--+--+--+--+--+--+--+
 5|  |~~|  |  |  |/\|  |  |  |  |  |  |
  +--+--+--+--+--+--+--+--+--+--+--+--+
 6|  |@@|  |  |  |  |  |  |~~|  |  |@@|
  +--+--+--+--+--+--+--+--+--+--+--+--+
 7|PG|  |/\|  |~~|  |  |  |  |  |  |  |
  +--+--+--+--+--+--+--+--+--+--+--+--+
 8|  |  |  |  |  |  |  |  |/\|  |  |  |
  +--+--+--+--+--+--+--+--+--+--+--+--+
 9|  |~~|  |  |  |  |  |  |  |/\|  |~~|
  +--+--+--+--+--+--+--+--+--+--+--+--+
10|@@|  |  |/\|  |  |~~|  |  |  |  |  |
  +--+--+--+--+--+--+--+--+--+--+--+--+


Please move the unit at (0,5)
    0  1  2  3  4  5  6  7  8  9 10 11
  +--+--+--+--+--+--+--+--+--+--+--+--+
 0|/\|  |  |  |  |  |  |  |  |  |  |  |
  +--+--+--+--+--+--+--+--+--+--+--+--+
 1|  |~~|  |@@|  |  |  |  |/\|  |  |  |
  +--+--+--+--+--+--+--+--+--+--+--+--+
 2|  |  |/\|  |  |  |~~|  |  |  |  |~~|
  +--+--+--+--+--+--+--+--+--+--+--+--+
 3|~~|  |  |  |  |  |  |  |  |  |PG|  |
  +--+--+--+--+--+--+--+--+--+--+--+--+
 4|  |  |  |PG|  |  |  |  |@@|/\|  |  |
  +--+--+--+--+--+--+--+--+--+--+--+--+
 5|  |~~|  |  |  |/\|  |  |  |  |  |  |
  +--+--+--+--+--+--+--+--+--+--+--+--+
 6|  |@@|  |  |  |  |  |  |~~|  |  |@@|
  +--+--+--+--+--+--+--+--+--+--+--+--+
 7|PG|  |/\|  |~~|  |  |  |  |  |  |  |
  +--+--+--+--+--+--+--+--+--+--+--+--+
 8|  |  |  |  |  |  |  |  |/\|  |  |  |
  +--+--+--+--+--+--+--+--+--+--+--+--+
 9|  |~~|  |  |  |  |  |  |  |/\|  |~~|
  +--+--+--+--+--+--+--+--+--+--+--+--+
10|@@|  |  |/\|  |  |~~|  |  |  |  |  |
  +--+--+--+--+--+--+--+--+--+--+--+--+


Please move the unit at (4,8)
    0  1  2  3  4  5  6  7  8  9 10 11
  +--+--+--+--+--+--+--+--+--+--+--+--+
 0|/\|  |  |  |  |  |  |  |  |  |  |  |
  +--+--+--+--+--+--+--+--+--+--+--+--+
 1|  |~~|  |@@|  |  |  |  |/\|  |  |  |
  +--+--+--+--+--+--+--+--+--+--+--+--+
 2|  |  |/\|  |  |  |~~|  |  |  |  |~~|
  +--+--+--+--+--+--+--+--+--+--+--+--+
 3|~~|  |  |  |  |  |  |  |  |  |PG|  |
  +--+--+--+--+--+--+--+--+--+--+--+--+
 4|  |  |  |PG|  |  |  |  |  |/\|  |  |
  +--+--+--+--+--+--+--+--+--+--+--+--+
 5|  |~~|  |  |  |/\|  |  |@@|  |  |  |
  +--+--+--+--+--+--+--+--+--+--+--+--+
 6|  |@@|  |  |  |  |  |  |~~|  |  |@@|
  +--+--+--+--+--+--+--+--+--+--+--+--+
 7|PG|  |/\|  |~~|  |  |  |  |  |  |  |
  +--+--+--+--+--+--+--+--+--+--+--+--+
 8|  |  |  |  |  |  |  |  |/\|  |  |  |
  +--+--+--+--+--+--+--+--+--+--+--+--+
 9|  |~~|  |  |  |  |  |  |  |/\|  |~~|
  +--+--+--+--+--+--+--+--+--+--+--+--+
10|@@|  |  |/\|  |  |~~|  |  |  |  |  |
  +--+--+--+--+--+--+--+--+--+--+--+--+


Please move the unit at (6,1)
    0  1  2  3  4  5  6  7  8  9 10 11
  +--+--+--+--+--+--+--+--+--+--+--+--+
 0|/\|  |  |  |  |  |  |  |  |  |  |  |
  +--+--+--+--+--+--+--+--+--+--+--+--+
 1|  |~~|  |@@|  |  |  |  |/\|  |  |  |
  +--+--+--+--+--+--+--+--+--+--+--+--+
 2|  |  |/\|  |  |  |~~|  |  |  |  |~~|
  +--+--+--+--+--+--+--+--+--+--+--+--+
 3|~~|  |  |  |  |  |  |  |  |  |PG|  |
  +--+--+--+--+--+--+--+--+--+--+--+--+
 4|  |  |  |PG|  |  |  |  |  |/\|  |  |
  +--+--+--+--+--+--+--+--+--+--+--+--+
 5|  |~~|  |  |  |/\|  |  |@@|  |  |  |
  +--+--+--+--+--+--+--+--+--+--+--+--+
 6|  |@@|  |  |  |  |  |  |~~|  |  |@@|
  +--+--+--+--+--+--+--+--+--+--+--+--+
 7|PG|  |/\|  |~~|  |  |  |  |  |  |  |
  +--+--+--+--+--+--+--+--+--+--+--+--+
 8|  |  |  |  |  |  |  |  |/\|  |  |  |
  +--+--+--+--+--+--+--+--+--+--+--+--+
 9|  |~~|  |  |  |  |  |  |  |/\|  |~~|
  +--+--+--+--+--+--+--+--+--+--+--+--+
10|@@|  |  |/\|  |  |~~|  |  |  |  |  |
  +--+--+--+--+--+--+--+--+--+--+--+--+


Please move the unit at (6,11)
    0  1  2  3  4  5  6  7  8  9 10 11
  +--+--+--+--+--+--+--+--+--+--+--+--+
 0|/\|  |  |  |  |  |  |  |  |  |  |  |
  +--+--+--+--+--+--+--+--+--+--+--+--+
 1|  |~~|  |@@|  |  |  |  |/\|  |  |  |
  +--+--+--+--+--+--+--+--+--+--+--+--+
 2|  |  |/\|  |  |  |~~|  |  |  |  |~~|
  +--+--+--+--+--+--+--+--+--+--+--+--+
 3|~~|  |  |  |  |  |  |  |  |  |PG|  |
  +--+--+--+--+--+--+--+--+--+--+--+--+
 4|  |  |  |PG|  |  |  |  |  |/\|  |@@|
  +--+--+--+--+--+--+--+--+--+--+--+--+
 5|  |~~|  |  |  |/\|  |  |@@|  |  |  |
  +--+--+--+--+--+--+--+--+--+--+--+--+
 6|  |@@|  |  |  |  |  |  |~~|  |  |  |
  +--+--+--+--+--+--+--+--+--+--+--+--+
 7|PG|  |/\|  |~~|  |  |  |  |  |  |  |
  +--+--+--+--+--+--+--+--+--+--+--+--+
 8|  |  |  |  |  |  |  |  |/\|  |  |  |
  +--+--+--+--+--+--+--+--+--+--+--+--+
 9|  |~~|  |  |  |  |  |  |  |/\|  |~~|
  +--+--+--+--+--+--+--+--+--+--+--+--+
10|@@|  |  |/\|  |  |~~|  |  |  |  |  |
  +--+--+--+--+--+--+--+--+--+--+--+--+


Please move the unit at (10,0)
    0  1  2  3  4  5  6  7  8  9 10 11
  +--+--+--+--+--+--+--+--+--+--+--+--+
 0|/\|  |  |  |  |  |  |  |  |  |  |  |
  +--+--+--+--+--+--+--+--+--+--+--+--+
 1|  |~~|  |@@|  |  |  |  |/\|  |  |  |
  +--+--+--+--+--+--+--+--+--+--+--+--+
 2|  |  |/\|  |  |  |~~|  |  |  |  |~~|
  +--+--+--+--+--+--+--+--+--+--+--+--+
 3|~~|  |  |  |  |  |  |  |  |  |PG|  |
  +--+--+--+--+--+--+--+--+--+--+--+--+
 4|  |  |  |PG|  |  |  |  |  |/\|  |@@|
  +--+--+--+--+--+--+--+--+--+--+--+--+
 5|  |~~|  |  |  |/\|  |  |@@|  |  |  |
  +--+--+--+--+--+--+--+--+--+--+--+--+
 6|  |@@|  |  |  |  |  |  |~~|  |  |  |
  +--+--+--+--+--+--+--+--+--+--+--+--+
 7|PG|  |/\|  |~~|  |  |  |  |  |  |  |
  +--+--+--+--+--+--+--+--+--+--+--+--+
 8|  |  |  |  |  |  |  |  |/\|  |  |  |
  +--+--+--+--+--+--+--+--+--+--+--+--+
 9|@@|~~|  |  |  |  |  |  |  |/\|  |~~|
  +--+--+--+--+--+--+--+--+--+--+--+--+
10|  |  |  |/\|  |  |~~|  |  |  |  |  |
  +--+--+--+--+--+--+--+--+--+--+--+--+


Turn 2 begins:
    0  1  2  3  4  5  6  7  8  9 10 11
  +--+--+--+--+--+--+--+--+--+--+--+--+
 0|/\|  |  |  |  |  |  |  |  |  |  |  |
  +--+--+--+--+--+--+--+--+--+--+--+--+
 1|  |~~|  |  |  |  |  |  |/\|  |  |  |
  +--+--+--+--+--+--+--+--+--+--+--+--+
 2|  |  |/\|PG|  |  |~~|  |  |  |  |~~|
  +--+--+--+--+--+--+--+--+--+--+--+--+
 3|~~|  |  |  |  |  |  |  |  |  |  |  |
  +--+--+--+--+--+--+--+--+--+--+--+--+
 4|  |  |  |  |  |  |  |  |  |/\|PG|  |
  +--+--+--+--+--+--+--+--+--+--+--+--+
 5|  |~~|  |  |  |/\|  |  |@@|  |  |  |
  +--+--+--+--+--+--+--+--+--+--+--+--+
 6|  |  |  |  |  |  |  |  |~~|  |  |  |
  +--+--+--+--+--+--+--+--+--+--+--+--+
 7|  |PG|/\|  |~~|  |  |  |  |  |  |  |
  +--+--+--+--+--+--+--+--+--+--+--+--+
 8|  |  |  |  |  |  |  |  |/\|  |  |  |
  +--+--+--+--+--+--+--+--+--+--+--+--+
 9|@@|~~|  |  |  |  |  |  |  |/\|  |~~|
  +--+--+--+--+--+--+--+--+--+--+--+--+
10|  |  |  |/\|  |  |~~|  |  |  |  |  |
  +--+--+--+--+--+--+--+--+--+--+--+--+


Please move the unit at (5,8)
    0  1  2  3  4  5  6  7  8  9 10 11
  +--+--+--+--+--+--+--+--+--+--+--+--+
 0|/\|  |  |  |  |  |  |  |  |  |  |  |
  +--+--+--+--+--+--+--+--+--+--+--+--+
 1|  |~~|  |  |  |  |  |  |/\|  |  |  |
  +--+--+--+--+--+--+--+--+--+--+--+--+
 2|  |  |/\|PG|  |  |~~|  |  |  |  |~~|
  +--+--+--+--+--+--+--+--+--+--+--+--+
 3|~~|  |  |  |  |  |  |  |  |  |  |  |
  +--+--+--+--+--+--+--+--+--+--+--+--+
 4|  |  |  |  |  |  |  |  |@@|/\|PG|  |
  +--+--+--+--+--+--+--+--+--+--+--+--+
 5|  |~~|  |  |  |/\|  |  |  |  |  |  |
  +--+--+--+--+--+--+--+--+--+--+--+--+
 6|  |  |  |  |  |  |  |  |~~|  |  |  |
  +--+--+--+--+--+--+--+--+--+--+--+--+
 7|  |PG|/\|  |~~|  |  |  |  |  |  |  |
  +--+--+--+--+--+--+--+--+--+--+--+--+
 8|  |  |  |  |  |  |  |  |/\|  |  |  |
  +--+--+--+--+--+--+--+--+--+--+--+--+
 9|@@|~~|  |  |  |  |  |  |  |/\|  |~~|
  +--+--+--+--+--+--+--+--+--+--+--+--+
10|  |  |  |/\|  |  |~~|  |  |  |  |  |
  +--+--+--+--+--+--+--+--+--+--+--+--+


Please move the unit at (9,0)
    0  1  2  3  4  5  6  7  8  9 10 11
  +--+--+--+--+--+--+--+--+--+--+--+--+
 0|/\|  |  |  |  |  |  |  |  |  |  |  |
  +--+--+--+--+--+--+--+--+--+--+--+--+
 1|  |~~|  |  |  |  |  |  |/\|  |  |  |
  +--+--+--+--+--+--+--+--+--+--+--+--+
 2|  |  |/\|PG|  |  |~~|  |  |  |  |~~|
  +--+--+--+--+--+--+--+--+--+--+--+--+
 3|~~|  |  |  |  |  |  |  |  |  |  |  |
  +--+--+--+--+--+--+--+--+--+--+--+--+
 4|  |  |  |  |  |  |  |  |@@|/\|PG|  |
  +--+--+--+--+--+--+--+--+--+--+--+--+
 5|  |~~|  |  |  |/\|  |  |  |  |  |  |
  +--+--+--+--+--+--+--+--+--+--+--+--+
 6|  |  |PG|  |  |  |  |  |~~|  |  |  |
  +--+--+--+--+--+--+--+--+--+--+--+--+
 7|  |  |/\|  |~~|  |  |  |  |  |  |  |
  +--+--+--+--+--+--+--+--+--+--+--+--+
 8|@@|  |  |  |  |  |  |  |/\|  |  |  |
  +--+--+--+--+--+--+--+--+--+--+--+--+
 9|  |~~|  |  |  |  |  |  |  |/\|  |~~|
  +--+--+--+--+--+--+--+--+--+--+--+--+
10|  |  |  |/\|  |  |~~|  |  |  |  |  |
  +--+--+--+--+--+--+--+--+--+--+--+--+


Turn 3 begins:
    0  1  2  3  4  5  6  7  8  9 10 11
  +--+--+--+--+--+--+--+--+--+--+--+--+
 0|/\|  |  |  |  |  |  |  |  |  |PG|  |
  +--+--+--+--+--+--+--+--+--+--+--+--+
 1|  |~~|  |  |  |  |  |  |/\|  |  |  |
  +--+--+--+--+--+--+--+--+--+--+--+--+
 2|  |  |/\|  |  |  |~~|  |  |  |  |~~|
  +--+--+--+--+--+--+--+--+--+--+--+--+
 3|~~|  |  |  |  |  |  |  |  |  |  |  |
  +--+--+--+--+--+--+--+--+--+--+--+--+
 4|  |  |  |  |  |  |  |  |@@|/\|  |  |
  +--+--+--+--+--+--+--+--+--+--+--+--+
 5|  |~~|  |  |  |/\|  |  |  |  |  |  |
  +--+--+--+--+--+--+--+--+--+--+--+--+
 6|  |PG|  |  |  |  |  |  |~~|  |  |  |
  +--+--+--+--+--+--+--+--+--+--+--+--+
 7|  |  |/\|PG|~~|  |  |  |  |  |  |  |
  +--+--+--+--+--+--+--+--+--+--+--+--+
 8|@@|  |  |  |  |  |  |  |/\|  |  |  |
  +--+--+--+--+--+--+--+--+--+--+--+--+
 9|  |~~|  |  |  |  |  |  |  |/\|  |~~|
  +--+--+--+--+--+--+--+--+--+--+--+--+
10|  |  |  |/\|  |  |~~|  |  |  |  |  |
  +--+--+--+--+--+--+--+--+--+--+--+--+


Please move the unit at (4,8)
    0  1  2  3  4  5  6  7  8  9 10 11
  +--+--+--+--+--+--+--+--+--+--+--+--+
 0|/\|  |  |  |  |  |  |  |  |  |  |  |
  +--+--+--+--+--+--+--+--+--+--+--+--+
 1|  |~~|  |  |  |  |  |  |/\|  |  |  |
  +--+--+--+--+--+--+--+--+--+--+--+--+
 2|  |  |/\|  |  |  |~~|  |  |  |  |~~|
  +--+--+--+--+--+--+--+--+--+--+--+--+
 3|~~|  |  |  |  |  |  |  |  |  |@@|  |
  +--+--+--+--+--+--+--+--+--+--+--+--+
 4|  |  |  |  |  |  |  |  |  |/\|  |  |
  +--+--+--+--+--+--+--+--+--+--+--+--+
 5|  |~~|  |  |  |/\|  |  |  |  |  |  |
  +--+--+--+--+--+--+--+--+--+--+--+--+
 6|  |PG|  |  |  |  |  |  |~~|  |  |  |
  +--+--+--+--+--+--+--+--+--+--+--+--+
 7|  |  |/\|PG|~~|  |  |  |  |  |  |  |
  +--+--+--+--+--+--+--+--+--+--+--+--+
 8|@@|  |  |  |  |  |  |  |/\|  |  |  |
  +--+--+--+--+--+--+--+--+--+--+--+--+
 9|  |~~|  |  |  |  |  |  |  |/\|  |~~|
  +--+--+--+--+--+--+--+--+--+--+--+--+
10|  |  |  |/\|  |  |~~|  |  |  |  |  |
  +--+--+--+--+--+--+--+--+--+--+--+--+


Please move the unit at (8,0)
    0  1  2  3  4  5  6  7  8  9 10 11
  +--+--+--+--+--+--+--+--+--+--+--+--+
 0|/\|  |  |  |  |  |  |  |  |  |  |  |
  +--+--+--+--+--+--+--+--+--+--+--+--+
 1|  |~~|  |  |  |  |  |  |/\|  |  |  |
  +--+--+--+--+--+--+--+--+--+--+--+--+
 2|  |  |/\|  |  |  |~~|  |  |  |  |~~|
  +--+--+--+--+--+--+--+--+--+--+--+--+
 3|~~|  |  |  |  |  |  |  |  |  |@@|  |
  +--+--+--+--+--+--+--+--+--+--+--+--+
 4|  |  |  |  |  |  |  |  |  |/\|  |  |
  +--+--+--+--+--+--+--+--+--+--+--+--+
 5|  |~~|  |  |  |/\|  |  |  |  |  |  |
  +--+--+--+--+--+--+--+--+--+--+--+--+
 6|  |  |  |  |  |  |  |  |~~|  |  |  |
  +--+--+--+--+--+--+--+--+--+--+--+--+
 7|  |@@|/\|PG|~~|  |  |  |  |  |  |  |
  +--+--+--+--+--+--+--+--+--+--+--+--+
 8|  |  |  |  |  |  |  |  |/\|  |  |  |
  +--+--+--+--+--+--+--+--+--+--+--+--+
 9|  |~~|  |  |  |  |  |  |  |/\|  |~~|
  +--+--+--+--+--+--+--+--+--+--+--+--+
10|  |  |  |/\|  |  |~~|  |  |  |  |  |
  +--+--+--+--+--+--+--+--+--+--+--+--+


Turn 4 begins:
    0  1  2  3  4  5  6  7  8  9 10 11
  +--+--+--+--+--+--+--+--+--+--+--+--+
 0|/\|  |  |  |  |  |  |  |  |  |  |  |
  +--+--+--+--+--+--+--+--+--+--+--+--+
 1|  |~~|  |  |  |  |  |  |/\|  |  |  |
  +--+--+--+--+--+--+--+--+--+--+--+--+
 2|  |  |/\|PG|  |  |~~|  |  |  |  |~~|
  +--+--+--+--+--+--+--+--+--+--+--+--+
 3|~~|  |  |  |  |  |  |  |  |  |@@|  |
  +--+--+--+--+--+--+--+--+--+--+--+--+
 4|  |  |  |  |  |  |  |  |  |/\|  |  |
  +--+--+--+--+--+--+--+--+--+--+--+--+
 5|  |~~|  |  |  |/\|  |  |  |  |  |  |
  +--+--+--+--+--+--+--+--+--+--+--+--+
 6|  |  |  |  |  |  |  |  |~~|  |  |  |
  +--+--+--+--+--+--+--+--+--+--+--+--+
 7|  |@@|/\|  |~~|  |  |  |  |  |  |  |
  +--+--+--+--+--+--+--+--+--+--+--+--+
 8|  |  |  |  |  |  |  |  |/\|  |  |  |
  +--+--+--+--+--+--+--+--+--+--+--+--+
 9|  |~~|  |  |  |  |  |  |  |/\|  |~~|
  +--+--+--+--+--+--+--+--+--+--+--+--+
10|  |  |  |/\|  |  |~~|  |  |  |  |  |
  +--+--+--+--+--+--+--+--+--+--+--+--+


Please move the unit at (3,10)
    0  1  2  3  4  5  6  7  8  9 10 11
  +--+--+--+--+--+--+--+--+--+--+--+--+
 0|/\|  |  |  |  |  |  |  |  |  |  |  |
  +--+--+--+--+--+--+--+--+--+--+--+--+
 1|  |~~|  |  |  |  |  |  |/\|  |  |  |
  +--+--+--+--+--+--+--+--+--+--+--+--+
 2|  |  |/\|PG|  |  |~~|  |  |  |@@|~~|
  +--+--+--+--+--+--+--+--+--+--+--+--+
 3|~~|  |  |  |  |  |  |  |  |  |  |  |
  +--+--+--+--+--+--+--+--+--+--+--+--+
 4|  |  |  |  |  |  |  |  |  |/\|  |  |
  +--+--+--+--+--+--+--+--+--+--+--+--+
 5|  |~~|  |  |  |/\|  |  |  |  |  |  |
  +--+--+--+--+--+--+--+--+--+--+--+--+
 6|  |  |  |  |  |  |  |  |~~|  |  |  |
  +--+--+--+--+--+--+--+--+--+--+--+--+
 7|  |@@|/\|  |~~|  |  |  |  |  |  |  |
  +--+--+--+--+--+--+--+--+--+--+--+--+
 8|  |  |  |  |  |  |  |  |/\|  |  |  |
  +--+--+--+--+--+--+--+--+--+--+--+--+
 9|  |~~|  |  |  |  |  |  |  |/\|  |~~|
  +--+--+--+--+--+--+--+--+--+--+--+--+
10|  |  |  |/\|  |  |~~|  |  |  |  |  |
  +--+--+--+--+--+--+--+--+--+--+--+--+


Please move the unit at (7,1)
    0  1  2  3  4  5  6  7  8  9 10 11
  +--+--+--+--+--+--+--+--+--+--+--+--+
 0|/\|  |  |  |  |  |  |  |  |  |  |  |
  +--+--+--+--+--+--+--+--+--+--+--+--+
 1|  |~~|  |  |  |  |  |  |/\|  |  |  |
  +--+--+--+--+--+--+--+--+--+--+--+--+
 2|  |  |/\|PG|  |  |~~|  |  |  |@@|~~|
  +--+--+--+--+--+--+--+--+--+--+--+--+
 3|~~|  |  |  |  |  |  |  |  |  |  |  |
  +--+--+--+--+--+--+--+--+--+--+--+--+
 4|  |  |  |  |  |  |  |  |  |/\|  |  |
  +--+--+--+--+--+--+--+--+--+--+--+--+
 5|  |~~|  |  |  |/\|  |  |  |  |  |  |
  +--+--+--+--+--+--+--+--+--+--+--+--+
 6|  |  |@@|  |  |  |  |  |~~|  |  |  |
  +--+--+--+--+--+--+--+--+--+--+--+--+
 7|  |  |/\|  |~~|  |  |  |  |  |  |  |
  +--+--+--+--+--+--+--+--+--+--+--+--+
 8|  |  |  |  |  |  |  |  |/\|  |  |  |
  +--+--+--+--+--+--+--+--+--+--+--+--+
 9|  |~~|  |  |  |  |  |  |  |/\|  |~~|
  +--+--+--+--+--+--+--+--+--+--+--+--+
10|  |  |  |/\|  |  |~~|  |  |  |  |  |
  +--+--+--+--+--+--+--+--+--+--+--+--+


Turn 5 begins:
    0  1  2  3  4  5  6  7  8  9 10 11
  +--+--+--+--+--+--+--+--+--+--+--+--+
 0|/\|  |  |  |  |  |  |  |  |  |  |  |
  +--+--+--+--+--+--+--+--+--+--+--+--+
 1|  |~~|  |  |  |  |  |  |/\|  |  |  |
  +--+--+--+--+--+--+--+--+--+--+--+--+
 2|  |  |/\|  |  |  |~~|  |  |  |@@|~~|
  +--+--+--+--+--+--+--+--+--+--+--+--+
 3|~~|  |  |  |  |  |  |  |  |  |  |  |
  +--+--+--+--+--+--+--+--+--+--+--+--+
 4|  |  |  |  |  |  |  |  |  |/\|  |  |
  +--+--+--+--+--+--+--+--+--+--+--+--+
 5|  |~~|  |  |  |/\|  |  |  |  |  |  |
  +--+--+--+--+--+--+--+--+--+--+--+--+
 6|  |  |  |PG|  |  |  |  |~~|  |  |  |
  +--+--+--+--+--+--+--+--+--+--+--+--+
 7|  |  |/\|  |~~|  |  |  |  |  |  |  |
  +--+--+--+--+--+--+--+--+--+--+--+--+
 8|  |  |  |  |  |  |  |  |/\|  |  |  |
  +--+--+--+--+--+--+--+--+--+--+--+--+
 9|  |~~|  |  |  |  |  |  |  |/\|  |~~|
  +--+--+--+--+--+--+--+--+--+--+--+--+
10|  |  |  |/\|  |  |~~|  |  |  |  |  |
  +--+--+--+--+--+--+--+--+--+--+--+--+


Please move the unit at (2,10)
    0  1  2  3  4  5  6  7  8  9 10 11
  +--+--+--+--+--+--+--+--+--+--+--+--+
 0|/\|  |  |  |  |  |  |  |  |  |  |  |
  +--+--+--+--+--+--+--+--+--+--+--+--+
 1|  |~~|  |  |  |  |  |  |/\|  |  |  |
  +--+--+--+--+--+--+--+--+--+--+--+--+
 2|  |  |/\|  |  |  |~~|  |  |  |  |~~|
  +--+--+--+--+--+--+--+--+--+--+--+--+
 3|~~|  |  |  |  |  |  |  |@@|  |  |  |
  +--+--+--+--+--+--+--+--+--+--+--+--+
 4|  |  |  |  |  |  |  |  |  |/\|  |  |
  +--+--+--+--+--+--+--+--+--+--+--+--+
 5|  |~~|  |  |  |/\|  |  |  |  |  |  |
  +--+--+--+--+--+--+--+--+--+--+--+--+
 6|  |  |  |PG|  |  |  |  |~~|  |  |  |
  +--+--+--+--+--+--+--+--+--+--+--+--+
 7|  |  |/\|  |~~|  |  |  |  |  |  |  |
  +--+--+--+--+--+--+--+--+--+--+--+--+
 8|  |  |  |  |  |  |  |  |/\|  |  |  |
  +--+--+--+--+--+--+--+--+--+--+--+--+
 9|  |~~|  |  |  |  |  |  |  |/\|  |~~|
  +--+--+--+--+--+--+--+--+--+--+--+--+
10|  |  |  |/\|  |  |~~|  |  |  |  |  |
  +--+--+--+--+--+--+--+--+--+--+--+--+


Turn 6 begins:
    0  1  2  3  4  5  6  7  8  9 10 11
  +--+--+--+--+--+--+--+--+--+--+--+--+
 0|/\|  |  |  |  |  |  |  |  |  |  |  |
  +--+--+--+--+--+--+--+--+--+--+--+--+
 1|  |~~|  |PG|  |  |  |  |/\|  |  |  |
  +--+--+--+--+--+--+--+--+--+--+--+--+
 2|  |  |/\|  |  |  |~~|  |  |  |  |~~|
  +--+--+--+--+--+--+--+--+--+--+--+--+
 3|~~|  |  |  |  |  |  |  |@@|  |  |  |
  +--+--+--+--+--+--+--+--+--+--+--+--+
 4|  |  |  |  |  |  |  |  |  |/\|  |  |
  +--+--+--+--+--+--+--+--+--+--+--+--+
 5|  |~~|  |  |  |/\|  |  |  |  |  |  |
  +--+--+--+--+--+--+--+--+--+--+--+--+
 6|  |  |  |  |  |  |  |  |~~|  |  |  |
  +--+--+--+--+--+--+--+--+--+--+--+--+
 7|  |  |/\|  |~~|  |  |  |  |  |  |  |
  +--+--+--+--+--+--+--+--+--+--+--+--+
 8|  |  |  |  |  |  |  |  |/\|  |  |  |
  +--+--+--+--+--+--+--+--+--+--+--+--+
 9|  |~~|  |  |  |  |  |  |  |/\|  |~~|
  +--+--+--+--+--+--+--+--+--+--+--+--+
10|  |  |  |/\|  |  |~~|  |  |  |  |  |
  +--+--+--+--+--+--+--+--+--+--+--+--+


Please move the unit at (3,8)
    0  1  2  3  4  5  6  7  8  9 10 11
  +--+--+--+--+--+--+--+--+--+--+--+--+
 0|/\|  |  |  |  |  |  |  |  |  |  |  |
  +--+--+--+--+--+--+--+--+--+--+--+--+
 1|  |~~|  |PG|  |  |  |  |/\|  |  |  |
  +--+--+--+--+--+--+--+--+--+--+--+--+
 2|  |  |/\|  |  |  |~~|  |  |  |  |~~|
  +--+--+--+--+--+--+--+--+--+--+--+--+
 3|~~|  |  |  |  |@@|  |  |  |  |  |  |
  +--+--+--+--+--+--+--+--+--+--+--+--+
 4|  |  |  |  |  |  |  |  |  |/\|  |  |
  +--+--+--+--+--+--+--+--+--+--+--+--+
 5|  |~~|  |  |  |/\|  |  |  |  |  |  |
  +--+--+--+--+--+--+--+--+--+--+--+--+
 6|  |  |  |  |  |  |  |  |~~|  |  |  |
  +--+--+--+--+--+--+--+--+--+--+--+--+
 7|  |  |/\|  |~~|  |  |  |  |  |  |  |
  +--+--+--+--+--+--+--+--+--+--+--+--+
 8|  |  |  |  |  |  |  |  |/\|  |  |  |
  +--+--+--+--+--+--+--+--+--+--+--+--+
 9|  |~~|  |  |  |  |  |  |  |/\|  |~~|
  +--+--+--+--+--+--+--+--+--+--+--+--+
10|  |  |  |/\|  |  |~~|  |  |  |  |  |
  +--+--+--+--+--+--+--+--+--+--+--+--+


Turn 7 begins:
    0  1  2  3  4  5  6  7  8  9 10 11
  +--+--+--+--+--+--+--+--+--+--+--+--+
 0|/\|  |  |  |  |  |  |  |  |  |  |  |
  +--+--+--+--+--+--+--+--+--+--+--+--+
 1|  |~~|  |  |  |  |  |  |/\|  |  |  |
  +--+--+--+--+--+--+--+--+--+--+--+--+
 2|  |  |/\|  |  |  |~~|  |  |  |  |~~|
  +--+--+--+--+--+--+--+--+--+--+--+--+
 3|~~|  |  |  |  |@@|  |  |  |  |  |  |
  +--+--+--+--+--+--+--+--+--+--+--+--+
 4|  |  |  |  |  |  |  |  |  |/\|  |  |
  +--+--+--+--+--+--+--+--+--+--+--+--+
 5|  |~~|  |  |  |/\|  |  |  |  |  |  |
  +--+--+--+--+--+--+--+--+--+--+--+--+
 6|  |  |  |PG|  |  |  |  |~~|  |  |  |
  +--+--+--+--+--+--+--+--+--+--+--+--+
 7|  |  |/\|  |~~|  |  |  |  |  |  |  |
  +--+--+--+--+--+--+--+--+--+--+--+--+
 8|  |  |  |  |  |  |  |  |/\|  |  |  |
  +--+--+--+--+--+--+--+--+--+--+--+--+
 9|  |~~|  |  |  |  |  |  |  |/\|  |~~|
  +--+--+--+--+--+--+--+--+--+--+--+--+
10|  |  |  |/\|  |  |~~|  |  |  |  |  |
  +--+--+--+--+--+--+--+--+--+--+--+--+


Please move the unit at (3,5)
    0  1  2  3  4  5  6  7  8  9 10 11
  +--+--+--+--+--+--+--+--+--+--+--+--+
 0|/\|  |  |  |  |  |  |  |  |  |  |  |
  +--+--+--+--+--+--+--+--+--+--+--+--+
 1|  |~~|  |  |  |@@|  |  |/\|  |  |  |
  +--+--+--+--+--+--+--+--+--+--+--+--+
 2|  |  |/\|  |  |  |~~|  |  |  |  |~~|
  +--+--+--+--+--+--+--+--+--+--+--+--+
 3|~~|  |  |  |  |  |  |  |  |  |  |  |
  +--+--+--+--+--+--+--+--+--+--+--+--+
 4|  |  |  |  |  |  |  |  |  |/\|  |  |
  +--+--+--+--+--+--+--+--+--+--+--+--+
 5|  |~~|  |  |  |/\|  |  |  |  |  |  |
  +--+--+--+--+--+--+--+--+--+--+--+--+
 6|  |  |  |PG|  |  |  |  |~~|  |  |  |
  +--+--+--+--+--+--+--+--+--+--+--+--+
 7|  |  |/\|  |~~|  |  |  |  |  |  |  |
  +--+--+--+--+--+--+--+--+--+--+--+--+
 8|  |  |  |  |  |  |  |  |/\|  |  |  |
  +--+--+--+--+--+--+--+--+--+--+--+--+
 9|  |~~|  |  |  |  |  |  |  |/\|  |~~|
  +--+--+--+--+--+--+--+--+--+--+--+--+
10|  |  |  |/\|  |  |~~|  |  |  |  |  |
  +--+--+--+--+--+--+--+--+--+--+--+--+


Turn 8 begins:
    0  1  2  3  4  5  6  7  8  9 10 11
  +--+--+--+--+--+--+--+--+--+--+--+--+
 0|/\|  |  |  |  |  |  |  |  |  |  |  |
  +--+--+--+--+--+--+--+--+--+--+--+--+
 1|  |~~|  |PG|  |@@|  |  |/\|  |  |  |
  +--+--+--+--+--+--+--+--+--+--+--+--+
 2|  |  |/\|  |  |  |~~|  |  |  |  |~~|
  +--+--+--+--+--+--+--+--+--+--+--+--+
 3|~~|  |  |  |  |  |  |  |  |  |  |  |
  +--+--+--+--+--+--+--+--+--+--+--+--+
 4|  |  |  |  |  |  |  |  |  |/\|  |  |
  +--+--+--+--+--+--+--+--+--+--+--+--+
 5|  |~~|  |  |  |/\|  |  |  |  |  |  |
  +--+--+--+--+--+--+--+--+--+--+--+--+
 6|  |  |  |  |  |  |  |  |~~|  |  |  |
  +--+--+--+--+--+--+--+--+--+--+--+--+
 7|  |  |/\|  |~~|  |  |  |  |  |  |  |
  +--+--+--+--+--+--+--+--+--+--+--+--+
 8|  |  |  |  |  |  |  |  |/\|  |  |  |
  +--+--+--+--+--+--+--+--+--+--+--+--+
 9|  |~~|  |  |  |  |  |  |  |/\|  |~~|
  +--+--+--+--+--+--+--+--+--+--+--+--+
10|  |  |  |/\|  |  |~~|  |  |  |  |  |
  +--+--+--+--+--+--+--+--+--+--+--+--+


Please move the unit at (1,5)
    0  1  2  3  4  5  6  7  8  9 10 11
  +--+--+--+--+--+--+--+--+--+--+--+--+
 0|/\|  |  |  |  |  |  |  |  |  |  |  |
  +--+--+--+--+--+--+--+--+--+--+--+--+
 1|  |~~|  |  |  |@@|  |  |/\|  |  |  |
  +--+--+--+--+--+--+--+--+--+--+--+--+
 2|  |  |/\|  |  |  |~~|  |  |  |  |~~|
  +--+--+--+--+--+--+--+--+--+--+--+--+
 3|~~|  |  |  |  |  |  |  |  |  |  |  |
  +--+--+--+--+--+--+--+--+--+--+--+--+
 4|  |  |  |  |  |  |  |  |  |/\|  |  |
  +--+--+--+--+--+--+--+--+--+--+--+--+
 5|  |~~|  |  |  |/\|  |  |  |  |  |  |
  +--+--+--+--+--+--+--+--+--+--+--+--+
 6|  |  |  |  |  |  |  |  |~~|  |  |  |
  +--+--+--+--+--+--+--+--+--+--+--+--+
 7|  |  |/\|  |~~|  |  |  |  |  |  |  |
  +--+--+--+--+--+--+--+--+--+--+--+--+
 8|  |  |  |  |  |  |  |  |/\|  |  |  |
  +--+--+--+--+--+--+--+--+--+--+--+--+
 9|  |~~|  |  |  |  |  |  |  |/\|  |~~|
  +--+--+--+--+--+--+--+--+--+--+--+--+
10|  |  |  |/\|  |  |~~|  |  |  |  |  |
  +--+--+--+--+--+--+--+--+--+--+--+--+


Turn 9 begins:
    0  1  2  3  4  5  6  7  8  9 10 11
  +--+--+--+--+--+--+--+--+--+--+--+--+
 0|/\|  |  |  |  |  |  |  |  |  |  |  |
  +--+--+--+--+--+--+--+--+--+--+--+--+
 1|  |~~|  |  |  |@@|  |  |/\|  |  |  |
  +--+--+--+--+--+--+--+--+--+--+--+--+
 2|  |  |/\|  |  |  |~~|  |  |  |  |~~|
  +--+--+--+--+--+--+--+--+--+--+--+--+
 3|~~|  |  |  |  |  |  |  |  |  |  |  |
  +--+--+--+--+--+--+--+--+--+--+--+--+
 4|  |  |  |  |  |  |  |  |  |/\|  |  |
  +--+--+--+--+--+--+--+--+--+--+--+--+
 5|  |~~|  |  |  |/\|  |  |  |  |  |  |
  +--+--+--+--+--+--+--+--+--+--+--+--+
 6|  |  |  |  |  |  |  |  |~~|  |  |  |
  +--+--+--+--+--+--+--+--+--+--+--+--+
 7|  |  |/\|  |~~|  |  |  |  |  |  |  |
  +--+--+--+--+--+--+--+--+--+--+--+--+
 8|  |  |  |  |  |  |  |  |/\|  |  |  |
  +--+--+--+--+--+--+--+--+--+--+--+--+
 9|  |~~|  |  |  |  |  |  |  |/\|  |~~|
  +--+--+--+--+--+--+--+--+--+--+--+--+
10|  |  |  |/\|  |  |~~|  |  |  |  |  |
  +--+--+--+--+--+--+--+--+--+--+--+--+


You Win!