0 1512 5
0 3371 74
50745 1744 30
0 3371 74
error
3371 212 60
19685 746 25
49586 1282 3
52329 3745 94
98244 871 19
0 212 60
212 746 25
958 1282 3
2240 3745 94
5985 871 19
0 212 60
212 746 25
958 1282 3
2240 3745 94
5985 871 19
6856 4881 66
11737 2016 24
error
error
212 746 25
958 1282 3
2240 3745 94
5985 871 19
6856 4881 66
11737 2016 24
13753 4290 75
23009 2984 37
33536 4622 33
43465 1543 35
91584 4737 15
96321 2960 39
212 746 25
958 1282 3
2240 3745 94
5985 871 19
6856 4881 66
11737 2016 24
13753 4290 75
23009 2984 37
43465 1543 35
45008 2286 18
81884 4747 38
91584 4737 15
96321 2960 39
error
0 746 25
746 1282 3
2028 3745 94
5773 871 19
6644 4881 66
11525 2016 24
13541 4290 75
17831 2984 37
20815 1543 35
22358 2286 18
24644 4747 38
29391 138 24
29529 4737 15
34266 2960 39
74583 3122 55
error
error
0 746 25
746 1282 3
2028 3745 94
5773 871 19
6644 4881 66
11525 2016 24
13541 4290 75
17831 2984 37
20815 1543 35
22358 2286 18
24644 4747 38
29391 138 24
29529 4737 15
34266 2960 39
37226 3766 40
40992 2979 61
43971 3122 55
47093 4428 75
51521 288 10
0 746 25
746 1282 3
2028 3745 94
5773 871 19
6644 4881 66
11525 2016 24
13541 4290 75
17831 2984 37
20815 1543 35
22358 2286 18
24644 4747 38
29391 138 24
29529 4737 15
34266 2960 39
37226 3766 40
40992 2979 61
43971 3122 55
47093 4428 75
51521 288 10
77050 1362 94
error
0 746 25
746 1282 3
2028 3745 94
5773 871 19
6644 4881 66
11525 2016 24
13541 4290 75
17831 2984 37
20815 1543 35
22358 2286 18
24644 4747 38
29391 138 24
34266 2960 39
37226 3766 40
40992 2979 61
43971 3122 55
47093 4428 75
51521 288 10
69005 1661 32
72322 1403 11
77050 1362 94
78412 487 45
error
0 746 25
746 1282 3
2028 3745 94
5773 871 19
6644 4881 66
11525 2016 24
13541 4290 75
17831 2984 37
20815 1543 35
22358 2286 18
24644 4747 38
29391 138 24
34266 2960 39
37226 3766 40
40992 2979 61
43971 3122 55
47093 4428 75
51521 288 10
69005 1661 32
72322 1403 11
73725 2085 70
77050 1362 94
78412 487 45
error
error
0 746 25
746 1282 3
2028 3745 94
5773 871 19
6644 4881 66
11525 2016 24
13541 4290 75
17831 2984 37
20815 1543 35
22358 2286 18
24644 4747 38
29391 138 24
29529 2960 39
32489 3766 40
36255 2979 61
39234 3122 55
42356 4428 75
46784 288 10
47072 1661 32
48733 1403 11
50136 2085 70
52221 1362 94
53583 487 45
54070 4801 55
error
error
error
0 746 25
746 1282 3
2028 3745 94
5773 871 19
11525 2016 24
13541 4290 75
17831 2984 37
20815 2286 18
23101 4747 38
27848 138 24
27986 2960 39
30946 3766 40
34712 2979 61
37691 3122 55
40813 4428 75
45241 288 10
45529 1661 32
47190 1403 11
48593 2085 70
50678 1362 94
52040 487 45
52527 4801 55
57328 4654 38
61982 2980 88
64962 2819 88
67781 3499 33
71280 4718 20
75998 4123 19
97280 847 71
0 746 25
746 1282 3
2028 3745 94
5773 871 19
13541 4290 75
17831 2984 37
20815 2286 18
23101 4747 38
27986 2960 39
30946 3766 40
34712 2979 61
37691 3122 55
40813 4428 75
45241 288 10
45529 1661 32
47190 1403 11
48593 2085 70
50678 1362 94
52040 487 45
52527 4801 55
57328 4654 38
67781 3499 33
71280 4718 20
75998 4123 19
97280 847 71
