Turn 1 begins:
    0  1  2  3  4  5  6  7  8  9 10
  +--+--+--+--+--+--+--+--+--+--+--+
 0|~~|~~|~~|  |  |  |  |  |~~|~~|~~|
  +--+--+--+--+--+--+--+--+--+--+--+
 1|~~|~~|  |  |  |  |  |  |  |~~|~~|
  +--+--+--+--+--+--+--+--+--+--+--+
 2|~~|  |  |  |  |  |  |  |  |  |~~|
  +--+--+--+--+--+--+--+--+--+--+--+
 3|  |  |  |  |  |  |  |  |  |  |  |
  +--+--+--+--+--+--+--+--+--+--+--+
 4|  |  |  |  |  |  |  |  |  |  |  |
  +--+--+--+--+--+--+--+--+--+--+--+
 5|  |  |  |/\|/\|  |/\|/\|  |  |  |
  +--+--+--+--+--+--+--+--+--+--+--+
 6|  |  |  |  |PG|  |PG|  |  |  |  |
  +--+--+--+--+--+--+--+--+--+--+--+
 7|  |  |  |@@|  |  |  |@@|  |  |  |
  +--+--+--+--+--+--+--+--+--+--+--+
 8|~~|  |PG|  |  |  |  |  |PG|  |~~|
  +--+--+--+--+--+--+--+--+--+--+--+
 9|~~|~~|  |PG|  |PG|  |PG|  |~~|~~|
  +--+--+--+--+--+--+--+--+--+--+--+
10|~~|~~|~~|  |  |  |  |  |~~|~~|~~|
  +--+--+--+--+--+--+--+--+--+--+--+


Please move the unit at (7,3)
    0  1  2  3  4  5  6  7  8  9 10
  +--+--+--+--+--+--+--+--+--+--+--+
 0|~~|~~|~~|  |  |  |  |  |~~|~~|~~|
  +--+--+--+--+--+--+--+--+--+--+--+
 1|~~|~~|  |  |  |  |  |  |  |~~|~~|
  +--+--+--+--+--+--+--+--+--+--+--+
 2|~~|  |  |  |  |  |  |  |  |  |~~|
  +--+--+--+--+--+--+--+--+--+--+--+
 3|  |  |  |  |  |  |  |  |  |  |  |
  +--+--+--+--+--+--+--+--+--+--+--+
 4|  |  |  |  |  |  |  |  |  |  |  |
  +--+--+--+--+--+--+--+--+--+--+--+
 5|  |  |  |/\|/\|  |/\|/\|  |  |  |
  +--+--+--+--+--+--+--+--+--+--+--+
 6|  |  |  |  |PG|  |PG|  |  |  |  |
  +--+--+--+--+--+--+--+--+--+--+--+
 7|  |  |  |  |  |  |@@|@@|  |  |  |
  +--+--+--+--+--+--+--+--+--+--+--+
 8|~~|  |PG|  |  |  |  |  |PG|  |~~|
  +--+--+--+--+--+--+--+--+--+--+--+
 9|~~|~~|  |PG|  |PG|  |PG|  |~~|~~|
  +--+--+--+--+--+--+--+--+--+--+--+
10|~~|~~|~~|  |  |  |  |  |~~|~~|~~|
  +--+--+--+--+--+--+--+--+--+--+--+


Please move the unit at (7,7)
    0  1  2  3  4  5  6  7  8  9 10
  +--+--+--+--+--+--+--+--+--+--+--+
 0|~~|~~|~~|  |  |  |  |  |~~|~~|~~|
  +--+--+--+--+--+--+--+--+--+--+--+
 1|~~|~~|  |  |  |  |  |  |  |~~|~~|
  +--+--+--+--+--+--+--+--+--+--+--+
 2|~~|  |  |  |  |  |  |  |  |  |~~|
  +--+--+--+--+--+--+--+--+--+--+--+
 3|  |  |  |  |  |  |  |  |  |  |  |
  +--+--+--+--+--+--+--+--+--+--+--+
 4|  |  |  |  |  |  |  |  |  |  |  |
  +--+--+--+--+--+--+--+--+--+--+--+
 5|  |  |  |/\|/\|  |/\|/\|  |  |  |
  +--+--+--+--+--+--+--+--+--+--+--+
 6|  |  |  |  |PG|  |PG|@@|  |  |  |
  +--+--+--+--+--+--+--+--+--+--+--+
 7|  |  |  |  |  |  |@@|  |  |  |  |
  +--+--+--+--+--+--+--+--+--+--+--+
 8|~~|  |PG|  |  |  |  |  |PG|  |~~|
  +--+--+--+--+--+--+--+--+--+--+--+
 9|~~|~~|  |PG|  |PG|  |PG|  |~~|~~|
  +--+--+--+--+--+--+--+--+--+--+--+
10|~~|~~|~~|  |  |  |  |  |~~|~~|~~|
  +--+--+--+--+--+--+--+--+--+--+--+


Turn 2 begins:
    0  1  2  3  4  5  6  7  8  9 10
  +--+--+--+--+--+--+--+--+--+--+--+
 0|~~|~~|~~|  |  |  |  |  |~~|~~|~~|
  +--+--+--+--+--+--+--+--+--+--+--+
 1|~~|~~|  |  |  |  |  |  |  |~~|~~|
  +--+--+--+--+--+--+--+--+--+--+--+
 2|~~|  |  |  |  |  |  |  |  |  |~~|
  +--+--+--+--+--+--+--+--+--+--+--+
 3|  |  |  |  |  |  |  |  |  |  |  |
  +--+--+--+--+--+--+--+--+--+--+--+
 4|  |  |  |  |  |  |  |  |  |  |  |
  +--+--+--+--+--+--+--+--+--+--+--+
 5|  |  |  |/\|/\|  |/\|/\|  |  |  |
  +--+--+--+--+--+--+--+--+--+--+--+
 6|  |  |  |  |PG|  |PG|@@|  |  |  |
  +--+--+--+--+--+--+--+--+--+--+--+
 7|  |  |  |  |  |  |@@|  |  |  |  |
  +--+--+--+--+--+--+--+--+--+--+--+
 8|~~|  |PG|  |  |  |  |  |PG|  |~~|
  +--+--+--+--+--+--+--+--+--+--+--+
 9|~~|~~|  |PG|  |PG|  |PG|  |~~|~~|
  +--+--+--+--+--+--+--+--+--+--+--+
10|~~|~~|~~|  |  |  |  |  |~~|~~|~~|
  +--+--+--+--+--+--+--+--+--+--+--+


Please move the unit at (7,6)
    0  1  2  3  4  5  6  7  8  9 10
  +--+--+--+--+--+--+--+--+--+--+--+
 0|~~|~~|~~|  |  |  |  |  |~~|~~|~~|
  +--+--+--+--+--+--+--+--+--+--+--+
 1|~~|~~|  |  |  |  |  |  |  |~~|~~|
  +--+--+--+--+--+--+--+--+--+--+--+
 2|~~|  |  |  |  |  |  |  |  |  |~~|
  +--+--+--+--+--+--+--+--+--+--+--+
 3|  |  |  |  |  |  |  |  |  |  |  |
  +--+--+--+--+--+--+--+--+--+--+--+
 4|  |  |  |  |  |  |  |  |  |  |  |
  +--+--+--+--+--+--+--+--+--+--+--+
 5|  |  |  |/\|/\|  |/\|/\|  |  |  |
  +--+--+--+--+--+--+--+--+--+--+--+
 6|  |  |  |  |PG|  |PG|@@|  |  |  |
  +--+--+--+--+--+--+--+--+--+--+--+
 7|  |  |  |  |  |  |@@|  |  |  |  |
  +--+--+--+--+--+--+--+--+--+--+--+
 8|~~|  |PG|  |  |  |  |  |PG|  |~~|
  +--+--+--+--+--+--+--+--+--+--+--+
 9|~~|~~|  |PG|  |PG|  |PG|  |~~|~~|
  +--+--+--+--+--+--+--+--+--+--+--+
10|~~|~~|~~|  |  |  |  |  |~~|~~|~~|
  +--+--+--+--+--+--+--+--+--+--+--+


Please move the unit at (6,7)
    0  1  2  3  4  5  6  7  8  9 10
  +--+--+--+--+--+--+--+--+--+--+--+
 0|~~|~~|~~|  |  |  |  |  |~~|~~|~~|
  +--+--+--+--+--+--+--+--+--+--+--+
 1|~~|~~|  |  |  |  |  |  |  |~~|~~|
  +--+--+--+--+--+--+--+--+--+--+--+
 2|~~|  |  |  |  |  |  |  |  |  |~~|
  +--+--+--+--+--+--+--+--+--+--+--+
 3|  |  |  |  |  |  |  |  |  |  |  |
  +--+--+--+--+--+--+--+--+--+--+--+
 4|  |  |  |  |  |  |  |  |  |  |  |
  +--+--+--+--+--+--+--+--+--+--+--+
 5|  |  |  |/\|/\|  |/\|/\|  |  |  |
  +--+--+--+--+--+--+--+--+--+--+--+
 6|  |  |  |  |PG|  |PG|@@|  |  |  |
  +--+--+--+--+--+--+--+--+--+--+--+
 7|  |  |  |  |  |  |@@|  |  |  |  |
  +--+--+--+--+--+--+--+--+--+--+--+
 8|~~|  |PG|  |  |  |  |  |PG|  |~~|
  +--+--+--+--+--+--+--+--+--+--+--+
 9|~~|~~|  |PG|  |PG|  |PG|  |~~|~~|
  +--+--+--+--+--+--+--+--+--+--+--+
10|~~|~~|~~|  |  |  |  |  |~~|~~|~~|
  +--+--+--+--+--+--+--+--+--+--+--+


