Turn 1 begins:
    0  1  2
  +--+--+--+
 0|@@|~~|~~|
  +--+--+--+
 1|/\|PG|/\|
  +--+--+--+
 2|/\|/\|~~|
  +--+--+--+


Please move the unit at (0,0)
    0  1  2
  +--+--+--+
 0|@@|~~|~~|
  +--+--+--+
 1|/\|PG|/\|
  +--+--+--+
 2|/\|/\|~~|
  +--+--+--+


Turn 2 begins:
    0  1  2
  +--+--+--+
 0|@@|~~|~~|
  +--+--+--+
 1|/\|PG|/\|
  +--+--+--+
 2|/\|/\|~~|
  +--+--+--+


Please move the unit at (0,0)
    0  1  2
  +--+--+--+
 0|@@|~~|~~|
  +--+--+--+
 1|/\|PG|/\|
  +--+--+--+
 2|/\|/\|~~|
  +--+--+--+


Turn 3 begins:
    0  1  2
  +--+--+--+
 0|@@|~~|~~|
  +--+--+--+
 1|/\|PG|/\|
  +--+--+--+
 2|/\|/\|~~|
  +--+--+--+


Please move the unit at (0,0)
    0  1  2
  +--+--+--+
 0|@@|~~|~~|
  +--+--+--+
 1|/\|PG|/\|
  +--+--+--+
 2|/\|/\|~~|
  +--+--+--+


Turn 4 begins:
    0  1  2
  +--+--+--+
 0|@@|~~|~~|
  +--+--+--+
 1|/\|PG|/\|
  +--+--+--+
 2|/\|/\|~~|
  +--+--+--+


Please move the unit at (0,0)
    0  1  2
  +--+--+--+
 0|@@|~~|~~|
  +--+--+--+
 1|/\|PG|/\|
  +--+--+--+
 2|/\|/\|~~|
  +--+--+--+


Turn 5 begins:
    0  1  2
  +--+--+--+
 0|@@|~~|~~|
  +--+--+--+
 1|/\|PG|/\|
  +--+--+--+
 2|/\|/\|~~|
  +--+--+--+


Please move the unit at (0,0)
    0  1  2
  +--+--+--+
 0|@@|~~|~~|
  +--+--+--+
 1|/\|  |/\|
  +--+--+--+
 2|/\|/\|~~|
  +--+--+--+


Turn 6 begins:
    0  1  2
  +--+--+--+
 0|@@|~~|~~|
  +--+--+--+
 1|/\|  |/\|
  +--+--+--+
 2|/\|/\|~~|
  +--+--+--+


You Win!