Turn 1 begins:
    0  1  2  3  4  5  6  7  8
  +--+--+--+--+--+--+--+--+--+
 0|  |  |  |  |  |  |  |  |  |
  +--+--+--+--+--+--+--+--+--+
 1|  |  |  |  |  |  |  |  |  |
  +--+--+--+--+--+--+--+--+--+
 2|  |  |  |  |PG|  |  |  |  |
  +--+--+--+--+--+--+--+--+--+
 3|  |PG|  |  |  |  |  |  |  |
  +--+--+--+--+--+--+--+--+--+
 4|  |PG|PG|  |  |  |  |  |  |
  +--+--+--+--+--+--+--+--+--+
 5|PG|@@|@@|PG|~~|  |  |  |  |
  +--+--+--+--+--+--+--+--+--+
 6|  |  |PG|  |  |  |  |  |  |
  +--+--+--+--+--+--+--+--+--+
 7|  |PG|  |@@|  |  |  |  |  |
  +--+--+--+--+--+--+--+--+--+
 8|  |  |  |  |/\|  |  |  |  |
  +--+--+--+--+--+--+--+--+--+


Please move the unit at (5,1)
    0  1  2  3  4  5  6  7  8
  +--+--+--+--+--+--+--+--+--+
 0|  |  |  |  |  |  |  |  |  |
  +--+--+--+--+--+--+--+--+--+
 1|  |  |  |  |  |  |  |  |  |
  +--+--+--+--+--+--+--+--+--+
 2|  |PG|  |  |PG|  |  |  |  |
  +--+--+--+--+--+--+--+--+--+
 3|  |PG|  |PG|  |  |  |  |  |
  +--+--+--+--+--+--+--+--+--+
 4|  |  |  |  |  |  |  |  |  |
  +--+--+--+--+--+--+--+--+--+
 5|PG|@@|  |@@|~~|  |  |  |  |
  +--+--+--+--+--+--+--+--+--+
 6|  |  |PG|  |  |  |  |  |  |
  +--+--+--+--+--+--+--+--+--+
 7|  |PG|  |@@|  |  |  |  |  |
  +--+--+--+--+--+--+--+--+--+
 8|  |  |  |  |/\|  |  |  |  |
  +--+--+--+--+--+--+--+--+--+


Please move the unit at (5,3)
    0  1  2  3  4  5  6  7  8
  +--+--+--+--+--+--+--+--+--+
 0|  |  |  |  |  |  |  |  |  |
  +--+--+--+--+--+--+--+--+--+
 1|  |  |  |  |  |  |  |  |  |
  +--+--+--+--+--+--+--+--+--+
 2|  |PG|  |  |PG|  |  |  |  |
  +--+--+--+--+--+--+--+--+--+
 3|  |PG|  |  |  |  |  |  |  |
  +--+--+--+--+--+--+--+--+--+
 4|  |  |  |  |  |  |  |  |  |
  +--+--+--+--+--+--+--+--+--+
 5|PG|@@|  |@@|~~|  |  |  |  |
  +--+--+--+--+--+--+--+--+--+
 6|  |  |PG|  |  |  |  |  |  |
  +--+--+--+--+--+--+--+--+--+
 7|  |PG|  |@@|  |  |  |  |  |
  +--+--+--+--+--+--+--+--+--+
 8|  |  |  |  |/\|  |  |  |  |
  +--+--+--+--+--+--+--+--+--+


Please move the unit at (7,3)
    0  1  2  3  4  5  6  7  8
  +--+--+--+--+--+--+--+--+--+
 0|  |  |  |  |  |  |  |  |  |
  +--+--+--+--+--+--+--+--+--+
 1|  |  |  |  |  |  |  |  |  |
  +--+--+--+--+--+--+--+--+--+
 2|  |PG|  |  |PG|  |  |  |  |
  +--+--+--+--+--+--+--+--+--+
 3|  |PG|  |  |  |  |  |  |  |
  +--+--+--+--+--+--+--+--+--+
 4|  |  |  |  |  |  |  |  |  |
  +--+--+--+--+--+--+--+--+--+
 5|PG|@@|  |@@|~~|  |  |  |  |
  +--+--+--+--+--+--+--+--+--+
 6|  |  |PG|  |  |  |  |  |  |
  +--+--+--+--+--+--+--+--+--+
 7|  |  |  |@@|  |  |  |  |  |
  +--+--+--+--+--+--+--+--+--+
 8|  |  |  |  |/\|  |  |  |  |
  +--+--+--+--+--+--+--+--+--+


Turn 2 begins:
    0  1  2  3  4  5  6  7  8
  +--+--+--+--+--+--+--+--+--+
 0|  |  |  |  |  |  |  |  |  |
  +--+--+--+--+--+--+--+--+--+
 1|  |  |  |  |  |  |  |  |  |
  +--+--+--+--+--+--+--+--+--+
 2|  |PG|  |  |PG|  |  |  |  |
  +--+--+--+--+--+--+--+--+--+
 3|  |PG|  |  |  |  |  |  |  |
  +--+--+--+--+--+--+--+--+--+
 4|  |  |  |  |  |  |  |  |  |
  +--+--+--+--+--+--+--+--+--+
 5|PG|@@|  |@@|~~|  |  |  |  |
  +--+--+--+--+--+--+--+--+--+
 6|  |  |PG|  |  |  |  |  |  |
  +--+--+--+--+--+--+--+--+--+
 7|  |  |  |@@|  |  |  |  |  |
  +--+--+--+--+--+--+--+--+--+
 8|  |  |  |  |/\|  |  |  |  |
  +--+--+--+--+--+--+--+--+--+


Please move the unit at (5,1)
    0  1  2  3  4  5  6  7  8
  +--+--+--+--+--+--+--+--+--+
 0|  |  |  |  |  |  |  |  |  |
  +--+--+--+--+--+--+--+--+--+
 1|  |  |  |  |  |  |  |  |  |
  +--+--+--+--+--+--+--+--+--+
 2|  |PG|  |  |PG|  |  |  |  |
  +--+--+--+--+--+--+--+--+--+
 3|  |PG|  |  |  |  |  |  |  |
  +--+--+--+--+--+--+--+--+--+
 4|  |  |  |  |  |  |  |  |  |
  +--+--+--+--+--+--+--+--+--+
 5|PG|  |  |@@|~~|  |  |  |  |
  +--+--+--+--+--+--+--+--+--+
 6|  |@@|  |  |  |  |  |  |  |
  +--+--+--+--+--+--+--+--+--+
 7|  |  |  |@@|  |  |  |  |  |
  +--+--+--+--+--+--+--+--+--+
 8|  |  |  |  |/\|  |  |  |  |
  +--+--+--+--+--+--+--+--+--+


Please move the unit at (5,3)
    0  1  2  3  4  5  6  7  8
  +--+--+--+--+--+--+--+--+--+
 0|  |  |  |  |  |  |  |  |  |
  +--+--+--+--+--+--+--+--+--+
 1|  |  |  |  |  |  |  |  |  |
  +--+--+--+--+--+--+--+--+--+
 2|  |  |  |@@|PG|  |  |  |  |
  +--+--+--+--+--+--+--+--+--+
 3|  |PG|  |  |  |  |  |  |  |
  +--+--+--+--+--+--+--+--+--+
 4|  |  |  |  |  |  |  |  |  |
  +--+--+--+--+--+--+--+--+--+
 5|PG|  |  |  |~~|  |  |  |  |
  +--+--+--+--+--+--+--+--+--+
 6|  |@@|  |  |  |  |  |  |  |
  +--+--+--+--+--+--+--+--+--+
 7|  |  |  |@@|  |  |  |  |  |
  +--+--+--+--+--+--+--+--+--+
 8|  |  |  |  |/\|  |  |  |  |
  +--+--+--+--+--+--+--+--+--+


Please move the unit at (7,3)
    0  1  2  3  4  5  6  7  8
  +--+--+--+--+--+--+--+--+--+
 0|  |  |  |  |  |  |  |  |  |
  +--+--+--+--+--+--+--+--+--+
 1|  |  |  |  |  |  |  |  |  |
  +--+--+--+--+--+--+--+--+--+
 2|  |  |  |@@|  |  |  |  |  |
  +--+--+--+--+--+--+--+--+--+
 3|  |PG|  |  |  |  |  |  |  |
  +--+--+--+--+--+--+--+--+--+
 4|  |  |  |  |  |  |  |  |  |
  +--+--+--+--+--+--+--+--+--+
 5|PG|  |  |  |~~|  |  |  |  |
  +--+--+--+--+--+--+--+--+--+
 6|  |@@|  |  |  |  |  |  |  |
  +--+--+--+--+--+--+--+--+--+
 7|  |  |  |  |@@|  |  |  |  |
  +--+--+--+--+--+--+--+--+--+
 8|  |  |  |  |/\|  |  |  |  |
  +--+--+--+--+--+--+--+--+--+


Turn 3 begins:
    0  1  2  3  4  5  6  7  8
  +--+--+--+--+--+--+--+--+--+
 0|  |  |  |  |  |  |  |  |  |
  +--+--+--+--+--+--+--+--+--+
 1|  |  |  |  |  |  |  |  |  |
  +--+--+--+--+--+--+--+--+--+
 2|  |  |  |@@|  |  |  |  |  |
  +--+--+--+--+--+--+--+--+--+
 3|  |PG|  |  |  |  |  |  |  |
  +--+--+--+--+--+--+--+--+--+
 4|  |  |  |  |  |  |  |  |  |
  +--+--+--+--+--+--+--+--+--+
 5|PG|  |  |  |~~|  |  |  |  |
  +--+--+--+--+--+--+--+--+--+
 6|  |@@|  |  |  |  |  |  |  |
  +--+--+--+--+--+--+--+--+--+
 7|  |  |  |  |@@|  |  |  |  |
  +--+--+--+--+--+--+--+--+--+
 8|  |  |  |  |/\|  |  |  |  |
  +--+--+--+--+--+--+--+--+--+


Please move the unit at (6,1)
    0  1  2  3  4  5  6  7  8
  +--+--+--+--+--+--+--+--+--+
 0|  |  |  |  |  |  |  |  |  |
  +--+--+--+--+--+--+--+--+--+
 1|  |  |  |  |  |  |  |  |  |
  +--+--+--+--+--+--+--+--+--+
 2|  |  |  |  |  |  |  |  |  |
  +--+--+--+--+--+--+--+--+--+
 3|  |PG|  |  |  |  |  |  |  |
  +--+--+--+--+--+--+--+--+--+
 4|  |  |  |  |  |  |  |  |  |
  +--+--+--+--+--+--+--+--+--+
 5|PG|  |  |  |~~|  |  |  |  |
  +--+--+--+--+--+--+--+--+--+
 6|  |  |  |@@|  |  |  |  |  |
  +--+--+--+--+--+--+--+--+--+
 7|  |  |  |  |@@|  |  |  |  |
  +--+--+--+--+--+--+--+--+--+
 8|  |  |  |  |/\|  |  |  |  |
  +--+--+--+--+--+--+--+--+--+


Please move the unit at (7,4)
    0  1  2  3  4  5  6  7  8
  +--+--+--+--+--+--+--+--+--+
 0|  |  |  |  |  |  |  |  |  |
  +--+--+--+--+--+--+--+--+--+
 1|  |  |  |  |  |  |  |  |  |
  +--+--+--+--+--+--+--+--+--+
 2|  |  |  |  |  |  |  |  |  |
  +--+--+--+--+--+--+--+--+--+
 3|  |PG|  |  |  |  |  |  |  |
  +--+--+--+--+--+--+--+--+--+
 4|  |  |  |  |  |  |  |  |  |
  +--+--+--+--+--+--+--+--+--+
 5|PG|  |  |  |~~|  |  |  |  |
  +--+--+--+--+--+--+--+--+--+
 6|  |  |  |  |  |  |  |  |  |
  +--+--+--+--+--+--+--+--+--+
 7|  |  |  |@@|  |  |  |  |  |
  +--+--+--+--+--+--+--+--+--+
 8|  |  |  |  |/\|  |  |  |  |
  +--+--+--+--+--+--+--+--+--+


Turn 4 begins:
    0  1  2  3  4  5  6  7  8
  +--+--+--+--+--+--+--+--+--+
 0|  |  |  |  |  |  |  |  |  |
  +--+--+--+--+--+--+--+--+--+
 1|  |  |  |  |  |  |  |  |  |
  +--+--+--+--+--+--+--+--+--+
 2|  |  |  |  |  |  |  |  |  |
  +--+--+--+--+--+--+--+--+--+
 3|  |PG|  |  |  |  |  |  |  |
  +--+--+--+--+--+--+--+--+--+
 4|  |  |  |  |  |  |  |  |  |
  +--+--+--+--+--+--+--+--+--+
 5|PG|  |  |  |~~|  |  |  |  |
  +--+--+--+--+--+--+--+--+--+
 6|  |  |  |  |  |  |  |  |  |
  +--+--+--+--+--+--+--+--+--+
 7|  |  |  |@@|  |  |  |  |  |
  +--+--+--+--+--+--+--+--+--+
 8|  |  |  |  |/\|  |  |  |  |
  +--+--+--+--+--+--+--+--+--+


Please move the unit at (7,3)
    0  1  2  3  4  5  6  7  8
  +--+--+--+--+--+--+--+--+--+
 0|  |  |  |  |  |  |  |  |  |
  +--+--+--+--+--+--+--+--+--+
 1|  |  |  |  |  |  |  |  |  |
  +--+--+--+--+--+--+--+--+--+
 2|  |  |  |  |  |  |  |  |  |
  +--+--+--+--+--+--+--+--+--+
 3|  |PG|  |  |  |  |  |  |  |
  +--+--+--+--+--+--+--+--+--+
 4|  |  |  |  |  |  |  |  |  |
  +--+--+--+--+--+--+--+--+--+
 5|PG|  |  |  |~~|  |  |  |  |
  +--+--+--+--+--+--+--+--+--+
 6|  |  |  |  |  |  |  |  |  |
  +--+--+--+--+--+--+--+--+--+
 7|  |  |  |  |  |  |  |  |  |
  +--+--+--+--+--+--+--+--+--+
 8|  |  |  |@@|/\|  |  |  |  |
  +--+--+--+--+--+--+--+--+--+


Turn 5 begins:
    0  1  2  3  4  5  6  7  8
  +--+--+--+--+--+--+--+--+--+
 0|  |  |  |  |  |  |  |  |  |
  +--+--+--+--+--+--+--+--+--+
 1|  |  |  |  |  |  |  |  |  |
  +--+--+--+--+--+--+--+--+--+
 2|  |  |  |  |  |  |  |  |  |
  +--+--+--+--+--+--+--+--+--+
 3|  |PG|  |  |  |  |  |  |  |
  +--+--+--+--+--+--+--+--+--+
 4|  |  |  |  |  |  |  |  |  |
  +--+--+--+--+--+--+--+--+--+
 5|PG|  |  |  |~~|  |  |  |  |
  +--+--+--+--+--+--+--+--+--+
 6|  |  |  |  |  |  |  |  |  |
  +--+--+--+--+--+--+--+--+--+
 7|  |  |  |  |  |  |  |  |  |
  +--+--+--+--+--+--+--+--+--+
 8|  |  |  |@@|/\|  |  |  |  |
  +--+--+--+--+--+--+--+--+--+


Please move the unit at (8,3)
    0  1  2  3  4  5  6  7  8
  +--+--+--+--+--+--+--+--+--+
 0|  |  |  |  |  |  |  |  |  |
  +--+--+--+--+--+--+--+--+--+
 1|  |  |  |  |  |  |  |  |  |
  +--+--+--+--+--+--+--+--+--+
 2|  |  |  |  |  |  |  |  |  |
  +--+--+--+--+--+--+--+--+--+
 3|  |  |  |  |  |  |  |  |  |
  +--+--+--+--+--+--+--+--+--+
 4|  |  |  |  |  |  |  |  |  |
  +--+--+--+--+--+--+--+--+--+
 5|PG|  |  |  |~~|  |  |  |  |
  +--+--+--+--+--+--+--+--+--+
 6|  |  |  |  |  |  |  |  |  |
  +--+--+--+--+--+--+--+--+--+
 7|  |  |  |  |  |  |  |  |  |
  +--+--+--+--+--+--+--+--+--+
 8|  |@@|  |  |/\|  |  |  |  |
  +--+--+--+--+--+--+--+--+--+


Turn 6 begins:
    0  1  2  3  4  5  6  7  8
  +--+--+--+--+--+--+--+--+--+
 0|  |  |  |  |  |  |  |  |  |
  +--+--+--+--+--+--+--+--+--+
 1|  |  |  |  |  |  |  |  |  |
  +--+--+--+--+--+--+--+--+--+
 2|  |  |  |  |  |  |  |  |  |
  +--+--+--+--+--+--+--+--+--+
 3|  |  |  |  |  |  |  |  |  |
  +--+--+--+--+--+--+--+--+--+
 4|  |  |  |  |  |  |  |  |  |
  +--+--+--+--+--+--+--+--+--+
 5|PG|  |  |  |~~|  |  |  |  |
  +--+--+--+--+--+--+--+--+--+
 6|  |  |  |  |  |  |  |  |  |
  +--+--+--+--+--+--+--+--+--+
 7|  |  |  |  |  |  |  |  |  |
  +--+--+--+--+--+--+--+--+--+
 8|  |@@|  |  |/\|  |  |  |  |
  +--+--+--+--+--+--+--+--+--+


Please move the unit at (8,1)
    0  1  2  3  4  5  6  7  8
  +--+--+--+--+--+--+--+--+--+
 0|  |  |  |  |  |  |  |  |  |
  +--+--+--+--+--+--+--+--+--+
 1|  |  |  |  |  |  |  |  |  |
  +--+--+--+--+--+--+--+--+--+
 2|  |  |  |  |  |  |  |  |  |
  +--+--+--+--+--+--+--+--+--+
 3|  |  |  |  |  |  |  |  |  |
  +--+--+--+--+--+--+--+--+--+
 4|  |  |  |  |  |  |  |  |  |
  +--+--+--+--+--+--+--+--+--+
 5|  |@@|  |  |~~|  |  |  |  |
  +--+--+--+--+--+--+--+--+--+
 6|  |  |  |  |  |  |  |  |  |
  +--+--+--+--+--+--+--+--+--+
 7|  |  |  |  |  |  |  |  |  |
  +--+--+--+--+--+--+--+--+--+
 8|  |  |  |  |/\|  |  |  |  |
  +--+--+--+--+--+--+--+--+--+


Turn 7 begins:
    0  1  2  3  4  5  6  7  8
  +--+--+--+--+--+--+--+--+--+
 0|  |  |  |  |  |  |  |  |  |
  +--+--+--+--+--+--+--+--+--+
 1|  |  |  |  |  |  |  |  |  |
  +--+--+--+--+--+--+--+--+--+
 2|  |  |  |  |  |  |  |  |  |
  +--+--+--+--+--+--+--+--+--+
 3|  |  |  |  |  |  |  |  |  |
  +--+--+--+--+--+--+--+--+--+
 4|  |  |  |  |  |  |  |  |  |
  +--+--+--+--+--+--+--+--+--+
 5|  |@@|  |  |~~|  |  |  |  |
  +--+--+--+--+--+--+--+--+--+
 6|  |  |  |  |  |  |  |  |  |
  +--+--+--+--+--+--+--+--+--+
 7|  |  |  |  |  |  |  |  |  |
  +--+--+--+--+--+--+--+--+--+
 8|  |  |  |  |/\|  |  |  |  |
  +--+--+--+--+--+--+--+--+--+


You Win!