Turn 1 begins:
    0  1  2  3  4  5  6  7  8
  +--+--+--+--+--+--+--+--+--+
 0|/\|/\|/\|/\|PG|/\|/\|/\|/\|
  +--+--+--+--+--+--+--+--+--+
 1|/\|/\|/\|/\|~~|/\|/\|/\|/\|
  +--+--+--+--+--+--+--+--+--+
 2|~~|PG|~~|~~|  |~~|~~|PG|~~|
  +--+--+--+--+--+--+--+--+--+
 3|/\|PG|~~|@@|@@|@@|~~|PG|/\|
  +--+--+--+--+--+--+--+--+--+
 4|/\|~~|PG|~~|~~|~~|PG|~~|/\|
  +--+--+--+--+--+--+--+--+--+
 5|/\|~~|~~|~~|PG|~~|~~|~~|/\|
  +--+--+--+--+--+--+--+--+--+


Please move the unit at (3,3)
    0  1  2  3  4  5  6  7  8
  +--+--+--+--+--+--+--+--+--+
 0|/\|/\|/\|/\|PG|/\|/\|/\|/\|
  +--+--+--+--+--+--+--+--+--+
 1|/\|/\|/\|/\|~~|/\|/\|/\|/\|
  +--+--+--+--+--+--+--+--+--+
 2|~~|PG|~~|~~|  |~~|~~|PG|~~|
  +--+--+--+--+--+--+--+--+--+
 3|/\|PG|~~|@@|@@|@@|~~|PG|/\|
  +--+--+--+--+--+--+--+--+--+
 4|/\|~~|PG|~~|~~|~~|PG|~~|/\|
  +--+--+--+--+--+--+--+--+--+
 5|/\|~~|~~|~~|PG|~~|~~|~~|/\|
  +--+--+--+--+--+--+--+--+--+


Please move the unit at (3,4)
    0  1  2  3  4  5  6  7  8
  +--+--+--+--+--+--+--+--+--+
 0|/\|/\|/\|/\|PG|/\|/\|/\|/\|
  +--+--+--+--+--+--+--+--+--+
 1|/\|/\|/\|/\|~~|/\|/\|/\|/\|
  +--+--+--+--+--+--+--+--+--+
 2|~~|PG|~~|~~|@@|~~|~~|PG|~~|
  +--+--+--+--+--+--+--+--+--+
 3|/\|PG|~~|  |  |  |~~|PG|/\|
  +--+--+--+--+--+--+--+--+--+
 4|/\|~~|@@|~~|~~|~~|@@|~~|/\|
  +--+--+--+--+--+--+--+--+--+
 5|/\|~~|~~|~~|PG|~~|~~|~~|/\|
  +--+--+--+--+--+--+--+--+--+


Please move the unit at (4,6)
    0  1  2  3  4  5  6  7  8
  +--+--+--+--+--+--+--+--+--+
 0|/\|/\|/\|/\|PG|/\|/\|/\|/\|
  +--+--+--+--+--+--+--+--+--+
 1|/\|/\|/\|/\|~~|/\|/\|/\|/\|
  +--+--+--+--+--+--+--+--+--+
 2|~~|PG|~~|~~|@@|~~|~~|PG|~~|
  +--+--+--+--+--+--+--+--+--+
 3|/\|PG|~~|  |  |  |~~|  |/\|
  +--+--+--+--+--+--+--+--+--+
 4|/\|~~|@@|~~|~~|~~|@@|~~|/\|
  +--+--+--+--+--+--+--+--+--+
 5|/\|~~|~~|~~|PG|~~|~~|~~|/\|
  +--+--+--+--+--+--+--+--+--+


Turn 2 begins:
    0  1  2  3  4  5  6  7  8
  +--+--+--+--+--+--+--+--+--+
 0|/\|/\|/\|/\|PG|/\|/\|/\|/\|
  +--+--+--+--+--+--+--+--+--+
 1|/\|/\|/\|/\|~~|/\|/\|/\|/\|
  +--+--+--+--+--+--+--+--+--+
 2|~~|PG|~~|~~|@@|~~|~~|PG|~~|
  +--+--+--+--+--+--+--+--+--+
 3|/\|PG|~~|  |  |  |~~|  |/\|
  +--+--+--+--+--+--+--+--+--+
 4|/\|~~|@@|~~|~~|~~|@@|~~|/\|
  +--+--+--+--+--+--+--+--+--+
 5|/\|~~|~~|~~|PG|~~|~~|~~|/\|
  +--+--+--+--+--+--+--+--+--+


Please move the unit at (4,2)
    0  1  2  3  4  5  6  7  8
  +--+--+--+--+--+--+--+--+--+
 0|/\|/\|/\|/\|PG|/\|/\|/\|/\|
  +--+--+--+--+--+--+--+--+--+
 1|/\|/\|/\|/\|~~|/\|/\|/\|/\|
  +--+--+--+--+--+--+--+--+--+
 2|~~|PG|~~|~~|@@|~~|~~|PG|~~|
  +--+--+--+--+--+--+--+--+--+
 3|/\|  |~~|  |  |  |~~|  |/\|
  +--+--+--+--+--+--+--+--+--+
 4|/\|~~|@@|~~|~~|~~|@@|~~|/\|
  +--+--+--+--+--+--+--+--+--+
 5|/\|~~|~~|~~|PG|~~|~~|~~|/\|
  +--+--+--+--+--+--+--+--+--+


Please move the unit at (2,4)
    0  1  2  3  4  5  6  7  8
  +--+--+--+--+--+--+--+--+--+
 0|/\|/\|/\|/\|  |/\|/\|/\|/\|
  +--+--+--+--+--+--+--+--+--+
 1|/\|/\|/\|/\|~~|/\|/\|/\|/\|
  +--+--+--+--+--+--+--+--+--+
 2|~~|PG|~~|~~|@@|~~|~~|PG|~~|
  +--+--+--+--+--+--+--+--+--+
 3|/\|  |~~|  |  |  |~~|  |/\|
  +--+--+--+--+--+--+--+--+--+
 4|/\|~~|@@|~~|~~|~~|@@|~~|/\|
  +--+--+--+--+--+--+--+--+--+
 5|/\|~~|~~|~~|PG|~~|~~|~~|/\|
  +--+--+--+--+--+--+--+--+--+


Please move the unit at (4,6)
    0  1  2  3  4  5  6  7  8
  +--+--+--+--+--+--+--+--+--+
 0|/\|/\|/\|/\|  |/\|/\|/\|/\|
  +--+--+--+--+--+--+--+--+--+
 1|/\|/\|/\|/\|~~|/\|/\|/\|/\|
  +--+--+--+--+--+--+--+--+--+
 2|~~|PG|~~|~~|@@|~~|~~|PG|~~|
  +--+--+--+--+--+--+--+--+--+
 3|/\|  |~~|  |  |  |~~|  |/\|
  +--+--+--+--+--+--+--+--+--+
 4|/\|~~|@@|~~|~~|~~|@@|~~|/\|
  +--+--+--+--+--+--+--+--+--+
 5|/\|~~|~~|~~|PG|~~|~~|~~|/\|
  +--+--+--+--+--+--+--+--+--+


Turn 3 begins:
    0  1  2  3  4  5  6  7  8
  +--+--+--+--+--+--+--+--+--+
 0|/\|/\|/\|/\|  |/\|/\|/\|/\|
  +--+--+--+--+--+--+--+--+--+
 1|/\|/\|/\|/\|~~|/\|/\|/\|/\|
  +--+--+--+--+--+--+--+--+--+
 2|~~|PG|~~|~~|@@|~~|~~|PG|~~|
  +--+--+--+--+--+--+--+--+--+
 3|/\|  |~~|  |  |  |~~|  |/\|
  +--+--+--+--+--+--+--+--+--+
 4|/\|~~|@@|~~|~~|~~|@@|~~|/\|
  +--+--+--+--+--+--+--+--+--+
 5|/\|~~|~~|~~|PG|~~|~~|~~|/\|
  +--+--+--+--+--+--+--+--+--+


Please move the unit at (4,2)
    0  1  2  3  4  5  6  7  8
  +--+--+--+--+--+--+--+--+--+
 0|/\|/\|/\|/\|  |/\|/\|/\|/\|
  +--+--+--+--+--+--+--+--+--+
 1|/\|/\|/\|/\|~~|/\|/\|/\|/\|
  +--+--+--+--+--+--+--+--+--+
 2|~~|PG|~~|~~|@@|~~|~~|PG|~~|
  +--+--+--+--+--+--+--+--+--+
 3|/\|  |~~|  |  |  |~~|  |/\|
  +--+--+--+--+--+--+--+--+--+
 4|/\|~~|@@|~~|~~|~~|@@|~~|/\|
  +--+--+--+--+--+--+--+--+--+
 5|/\|~~|~~|~~|PG|~~|~~|~~|/\|
  +--+--+--+--+--+--+--+--+--+


Please move the unit at (2,4)
    0  1  2  3  4  5  6  7  8
  +--+--+--+--+--+--+--+--+--+
 0|/\|/\|/\|/\|  |/\|/\|/\|/\|
  +--+--+--+--+--+--+--+--+--+
 1|/\|/\|/\|/\|~~|/\|/\|/\|/\|
  +--+--+--+--+--+--+--+--+--+
 2|~~|  |~~|~~|@@|~~|~~|PG|~~|
  +--+--+--+--+--+--+--+--+--+
 3|/\|  |~~|  |  |  |~~|  |/\|
  +--+--+--+--+--+--+--+--+--+
 4|/\|~~|@@|~~|~~|~~|@@|~~|/\|
  +--+--+--+--+--+--+--+--+--+
 5|/\|~~|~~|~~|PG|~~|~~|~~|/\|
  +--+--+--+--+--+--+--+--+--+


Please move the unit at (4,6)
    0  1  2  3  4  5  6  7  8
  +--+--+--+--+--+--+--+--+--+
 0|/\|/\|/\|/\|  |/\|/\|/\|/\|
  +--+--+--+--+--+--+--+--+--+
 1|/\|/\|/\|/\|~~|/\|/\|/\|/\|
  +--+--+--+--+--+--+--+--+--+
 2|~~|  |~~|~~|@@|~~|~~|PG|~~|
  +--+--+--+--+--+--+--+--+--+
 3|/\|  |~~|  |  |  |~~|  |/\|
  +--+--+--+--+--+--+--+--+--+
 4|/\|~~|@@|~~|~~|~~|@@|~~|/\|
  +--+--+--+--+--+--+--+--+--+
 5|/\|~~|~~|~~|PG|~~|~~|~~|/\|
  +--+--+--+--+--+--+--+--+--+


Turn 4 begins:
    0  1  2  3  4  5  6  7  8
  +--+--+--+--+--+--+--+--+--+
 0|/\|/\|/\|/\|  |/\|/\|/\|/\|
  +--+--+--+--+--+--+--+--+--+
 1|/\|/\|/\|/\|~~|/\|/\|/\|/\|
  +--+--+--+--+--+--+--+--+--+
 2|~~|  |~~|~~|@@|~~|~~|PG|~~|
  +--+--+--+--+--+--+--+--+--+
 3|/\|  |~~|  |  |  |~~|  |/\|
  +--+--+--+--+--+--+--+--+--+
 4|/\|~~|@@|~~|~~|~~|@@|~~|/\|
  +--+--+--+--+--+--+--+--+--+
 5|/\|~~|~~|~~|PG|~~|~~|~~|/\|
  +--+--+--+--+--+--+--+--+--+


Please move the unit at (4,2)
    0  1  2  3  4  5  6  7  8
  +--+--+--+--+--+--+--+--+--+
 0|/\|/\|/\|/\|  |/\|/\|/\|/\|
  +--+--+--+--+--+--+--+--+--+
 1|/\|/\|/\|/\|~~|/\|/\|/\|/\|
  +--+--+--+--+--+--+--+--+--+
 2|~~|  |~~|~~|@@|~~|~~|PG|~~|
  +--+--+--+--+--+--+--+--+--+
 3|/\|  |~~|  |  |  |~~|  |/\|
  +--+--+--+--+--+--+--+--+--+
 4|/\|~~|@@|~~|~~|~~|@@|~~|/\|
  +--+--+--+--+--+--+--+--+--+
 5|/\|~~|~~|~~|PG|~~|~~|~~|/\|
  +--+--+--+--+--+--+--+--+--+


Please move the unit at (2,4)
    0  1  2  3  4  5  6  7  8
  +--+--+--+--+--+--+--+--+--+
 0|/\|/\|/\|/\|  |/\|/\|/\|/\|
  +--+--+--+--+--+--+--+--+--+
 1|/\|/\|/\|/\|~~|/\|/\|/\|/\|
  +--+--+--+--+--+--+--+--+--+
 2|~~|  |~~|~~|@@|~~|~~|PG|~~|
  +--+--+--+--+--+--+--+--+--+
 3|/\|  |~~|  |  |  |~~|  |/\|
  +--+--+--+--+--+--+--+--+--+
 4|/\|~~|@@|~~|~~|~~|@@|~~|/\|
  +--+--+--+--+--+--+--+--+--+
 5|/\|~~|~~|~~|  |~~|~~|~~|/\|
  +--+--+--+--+--+--+--+--+--+


Please move the unit at (4,6)
    0  1  2  3  4  5  6  7  8
  +--+--+--+--+--+--+--+--+--+
 0|/\|/\|/\|/\|  |/\|/\|/\|/\|
  +--+--+--+--+--+--+--+--+--+
 1|/\|/\|/\|/\|~~|/\|/\|/\|/\|
  +--+--+--+--+--+--+--+--+--+
 2|~~|  |~~|~~|@@|~~|~~|PG|~~|
  +--+--+--+--+--+--+--+--+--+
 3|/\|  |~~|  |  |  |~~|  |/\|
  +--+--+--+--+--+--+--+--+--+
 4|/\|~~|@@|~~|~~|~~|@@|~~|/\|
  +--+--+--+--+--+--+--+--+--+
 5|/\|~~|~~|~~|  |~~|~~|~~|/\|
  +--+--+--+--+--+--+--+--+--+


Turn 5 begins:
    0  1  2  3  4  5  6  7  8
  +--+--+--+--+--+--+--+--+--+
 0|/\|/\|/\|/\|  |/\|/\|/\|/\|
  +--+--+--+--+--+--+--+--+--+
 1|/\|/\|/\|/\|~~|/\|/\|/\|/\|
  +--+--+--+--+--+--+--+--+--+
 2|~~|  |~~|~~|@@|~~|~~|PG|~~|
  +--+--+--+--+--+--+--+--+--+
 3|/\|  |~~|  |  |  |~~|  |/\|
  +--+--+--+--+--+--+--+--+--+
 4|/\|~~|@@|~~|~~|~~|@@|~~|/\|
  +--+--+--+--+--+--+--+--+--+
 5|/\|~~|~~|~~|  |~~|~~|~~|/\|
  +--+--+--+--+--+--+--+--+--+


Please move the unit at (4,2)
    0  1  2  3  4  5  6  7  8
  +--+--+--+--+--+--+--+--+--+
 0|/\|/\|/\|/\|  |/\|/\|/\|/\|
  +--+--+--+--+--+--+--+--+--+
 1|/\|/\|/\|/\|~~|/\|/\|/\|/\|
  +--+--+--+--+--+--+--+--+--+
 2|~~|  |~~|~~|@@|~~|~~|PG|~~|
  +--+--+--+--+--+--+--+--+--+
 3|/\|  |~~|  |  |  |~~|  |/\|
  +--+--+--+--+--+--+--+--+--+
 4|/\|~~|@@|~~|~~|~~|@@|~~|/\|
  +--+--+--+--+--+--+--+--+--+
 5|/\|~~|~~|~~|  |~~|~~|~~|/\|
  +--+--+--+--+--+--+--+--+--+


Please move the unit at (2,4)
    0  1  2  3  4  5  6  7  8
  +--+--+--+--+--+--+--+--+--+
 0|/\|/\|/\|/\|  |/\|/\|/\|/\|
  +--+--+--+--+--+--+--+--+--+
 1|/\|/\|/\|/\|~~|/\|/\|/\|/\|
  +--+--+--+--+--+--+--+--+--+
 2|~~|  |~~|~~|@@|~~|~~|  |~~|
  +--+--+--+--+--+--+--+--+--+
 3|/\|  |~~|  |  |  |~~|  |/\|
  +--+--+--+--+--+--+--+--+--+
 4|/\|~~|@@|~~|~~|~~|@@|~~|/\|
  +--+--+--+--+--+--+--+--+--+
 5|/\|~~|~~|~~|  |~~|~~|~~|/\|
  +--+--+--+--+--+--+--+--+--+


Please move the unit at (4,6)
    0  1  2  3  4  5  6  7  8
  +--+--+--+--+--+--+--+--+--+
 0|/\|/\|/\|/\|  |/\|/\|/\|/\|
  +--+--+--+--+--+--+--+--+--+
 1|/\|/\|/\|/\|~~|/\|/\|/\|/\|
  +--+--+--+--+--+--+--+--+--+
 2|~~|  |~~|~~|@@|~~|~~|  |~~|
  +--+--+--+--+--+--+--+--+--+
 3|/\|  |~~|  |  |  |~~|  |/\|
  +--+--+--+--+--+--+--+--+--+
 4|/\|~~|@@|~~|~~|~~|@@|~~|/\|
  +--+--+--+--+--+--+--+--+--+
 5|/\|~~|~~|~~|  |~~|~~|~~|/\|
  +--+--+--+--+--+--+--+--+--+


Turn 6 begins:
    0  1  2  3  4  5  6  7  8
  +--+--+--+--+--+--+--+--+--+
 0|/\|/\|/\|/\|  |/\|/\|/\|/\|
  +--+--+--+--+--+--+--+--+--+
 1|/\|/\|/\|/\|~~|/\|/\|/\|/\|
  +--+--+--+--+--+--+--+--+--+
 2|~~|  |~~|~~|@@|~~|~~|  |~~|
  +--+--+--+--+--+--+--+--+--+
 3|/\|  |~~|  |  |  |~~|  |/\|
  +--+--+--+--+--+--+--+--+--+
 4|/\|~~|@@|~~|~~|~~|@@|~~|/\|
  +--+--+--+--+--+--+--+--+--+
 5|/\|~~|~~|~~|  |~~|~~|~~|/\|
  +--+--+--+--+--+--+--+--+--+


You Win!