Turn 1 begins:
    0  1  2  3
  +--+--+--+--+
 0|  |  |  |  |
  +--+--+--+--+
 1|  |~~|/\|  |
  +--+--+--+--+
 2|@@|/\|PG|  |
  +--+--+--+--+
 3|  |~~|/\|  |
  +--+--+--+--+
 4|/\|  |  |  |
  +--+--+--+--+


Please move the unit at (2,0)
    0  1  2  3
  +--+--+--+--+
 0|  |  |  |  |
  +--+--+--+--+
 1|  |~~|/\|  |
  +--+--+--+--+
 2|@@|/\|PG|  |
  +--+--+--+--+
 3|  |~~|/\|  |
  +--+--+--+--+
 4|/\|  |  |  |
  +--+--+--+--+


Turn 2 begins:
    0  1  2  3
  +--+--+--+--+
 0|  |  |  |  |
  +--+--+--+--+
 1|  |~~|/\|  |
  +--+--+--+--+
 2|@@|/\|PG|  |
  +--+--+--+--+
 3|  |~~|/\|  |
  +--+--+--+--+
 4|/\|  |  |  |
  +--+--+--+--+


Please move the unit at (2,0)
    0  1  2  3
  +--+--+--+--+
 0|@@|  |  |  |
  +--+--+--+--+
 1|  |~~|/\|  |
  +--+--+--+--+
 2|  |/\|PG|  |
  +--+--+--+--+
 3|  |~~|/\|  |
  +--+--+--+--+
 4|/\|  |  |  |
  +--+--+--+--+


Turn 3 begins:
    0  1  2  3
  +--+--+--+--+
 0|@@|  |  |  |
  +--+--+--+--+
 1|  |~~|/\|  |
  +--+--+--+--+
 2|  |/\|PG|  |
  +--+--+--+--+
 3|  |~~|/\|  |
  +--+--+--+--+
 4|/\|  |  |  |
  +--+--+--+--+


Please move the unit at (0,0)
    0  1  2  3
  +--+--+--+--+
 0|  |  |@@|  |
  +--+--+--+--+
 1|  |~~|/\|  |
  +--+--+--+--+
 2|  |/\|PG|  |
  +--+--+--+--+
 3|  |~~|/\|  |
  +--+--+--+--+
 4|/\|  |  |  |
  +--+--+--+--+


Turn 4 begins:
    0  1  2  3
  +--+--+--+--+
 0|  |  |@@|  |
  +--+--+--+--+
 1|  |~~|/\|  |
  +--+--+--+--+
 2|  |/\|PG|  |
  +--+--+--+--+
 3|  |~~|/\|  |
  +--+--+--+--+
 4|/\|  |  |  |
  +--+--+--+--+


Please move the unit at (0,2)
    0  1  2  3
  +--+--+--+--+
 0|  |  |  |  |
  +--+--+--+--+
 1|  |~~|/\|  |
  +--+--+--+--+
 2|  |/\|PG|@@|
  +--+--+--+--+
 3|  |~~|/\|  |
  +--+--+--+--+
 4|/\|  |  |  |
  +--+--+--+--+


Turn 5 begins:
    0  1  2  3
  +--+--+--+--+
 0|  |  |  |  |
  +--+--+--+--+
 1|  |~~|/\|  |
  +--+--+--+--+
 2|  |/\|PG|@@|
  +--+--+--+--+
 3|  |~~|/\|  |
  +--+--+--+--+
 4|/\|  |  |  |
  +--+--+--+--+


Please move the unit at (2,3)
    0  1  2  3
  +--+--+--+--+
 0|  |  |  |  |
  +--+--+--+--+
 1|  |~~|/\|  |
  +--+--+--+--+
 2|  |/\|  |@@|
  +--+--+--+--+
 3|  |~~|/\|  |
  +--+--+--+--+
 4|/\|  |  |  |
  +--+--+--+--+


Turn 6 begins:
    0  1  2  3
  +--+--+--+--+
 0|  |  |  |  |
  +--+--+--+--+
 1|  |~~|/\|  |
  +--+--+--+--+
 2|  |/\|  |@@|
  +--+--+--+--+
 3|  |~~|/\|  |
  +--+--+--+--+
 4|/\|  |  |  |
  +--+--+--+--+


You Win!